{"C:\\prgr\\orcid-member-services\\gateway\\src\\main\\webapp\\app\\app.constants.ts": {"path":"C:\\prgr\\orcid-member-services\\gateway\\src\\main\\webapp\\app\\app.constants.ts","statementMap":{"0":{"start":{"line":5,"column":13},"end":{"line":5,"column":43}},"1":{"start":{"line":6,"column":13},"end":{"line":6,"column":76}},"2":{"start":{"line":7,"column":13},"end":{"line":7,"column":57}},"3":{"start":{"line":8,"column":13},"end":{"line":8,"column":59}},"4":{"start":{"line":9,"column":13},"end":{"line":9,"column":45}},"5":{"start":{"line":10,"column":13},"end":{"line":10,"column":57}}},"fnMap":{},"branchMap":{},"s":{"0":33,"1":33,"2":33,"3":33,"4":33,"5":33},"f":{},"b":{}}
,"C:\\prgr\\orcid-member-services\\gateway\\src\\main\\webapp\\app\\account\\activate\\activate.component.html": {"path":"C:\\prgr\\orcid-member-services\\gateway\\src\\main\\webapp\\app\\account\\activate\\activate.component.html","statementMap":{"0":{"start":{"line":1,"column":0},"end":{"line":1,"column":887}}},"fnMap":{},"branchMap":{},"s":{"0":1},"f":{},"b":{},"inputSourceMap":null,"_coverageSchema":"1a1c01bbd47fc00a2c39e90264f33305004495a9","hash":"9a24109fa28229d70f90c3b5e3c55a9e43d83406"}
,"C:\\prgr\\orcid-member-services\\gateway\\src\\main\\webapp\\app\\account\\activate\\activate.component.ts": {"path":"C:\\prgr\\orcid-member-services\\gateway\\src\\main\\webapp\\app\\account\\activate\\activate.component.ts","statementMap":{"0":{"start":{"line":1,"column":0},"end":{"line":1,"column":50}},"1":{"start":{"line":3,"column":0},"end":{"line":3,"column":49}},"2":{"start":{"line":5,"column":0},"end":{"line":5,"column":45}},"3":{"start":{"line":6,"column":0},"end":{"line":6,"column":53}},"4":{"start":{"line":12,"column":0},"end":{"line":37,"column":null}},"5":{"start":{"line":17,"column":22},"end":{"line":17,"column":39}},"6":{"start":{"line":17,"column":64},"end":{"line":17,"column":83}},"7":{"start":{"line":17,"column":110},"end":{"line":17,"column":117}},"8":{"start":{"line":20,"column":4},"end":{"line":31,"column":7}},"9":{"start":{"line":21,"column":6},"end":{"line":30,"column":8}},"10":{"start":{"line":23,"column":10},"end":{"line":23,"column":28}},"11":{"start":{"line":24,"column":10},"end":{"line":24,"column":30}},"12":{"start":{"line":27,"column":10},"end":{"line":27,"column":30}},"13":{"start":{"line":28,"column":10},"end":{"line":28,"column":31}},"14":{"start":{"line":35,"column":4},"end":{"line":35,"column":50}},"15":{"start":{"line":12,"column":13},"end":{"line":37,"column":null}},"16":{"start":{"line":12,"column":13},"end":{"line":12,"column":30}}},"fnMap":{"0":{"name":"(anonymous_0)","decl":{"start":{"line":17,"column":2},"end":{"line":17,"column":22}},"loc":{"start":{"line":17,"column":131},"end":{"line":17,"column":135}}},"1":{"name":"(anonymous_1)","decl":{"start":{"line":19,"column":2},"end":{"line":19,"column":10}},"loc":{"start":{"line":19,"column":10},"end":{"line":32,"column":3}}},"2":{"name":"(anonymous_2)","decl":{"start":{"line":20,"column":37},"end":{"line":20,"column":43}},"loc":{"start":{"line":20,"column":46},"end":{"line":31,"column":5}}},"3":{"name":"(anonymous_3)","decl":{"start":{"line":22,"column":8},"end":{"line":22,"column":11}},"loc":{"start":{"line":22,"column":13},"end":{"line":25,"column":9}}},"4":{"name":"(anonymous_4)","decl":{"start":{"line":26,"column":8},"end":{"line":26,"column":11}},"loc":{"start":{"line":26,"column":13},"end":{"line":29,"column":9}}},"5":{"name":"(anonymous_5)","decl":{"start":{"line":34,"column":2},"end":{"line":34,"column":7}},"loc":{"start":{"line":34,"column":7},"end":{"line":36,"column":3}}}},"branchMap":{},"s":{"0":1,"1":1,"2":1,"3":1,"4":1,"5":3,"6":3,"7":3,"8":3,"9":3,"10":1,"11":1,"12":1,"13":1,"14":0,"15":1,"16":1},"f":{"0":3,"1":3,"2":3,"3":1,"4":1,"5":0},"b":{}}
,"C:\\prgr\\orcid-member-services\\gateway\\src\\main\\webapp\\app\\account\\activate\\activate.service.ts": {"path":"C:\\prgr\\orcid-member-services\\gateway\\src\\main\\webapp\\app\\account\\activate\\activate.service.ts","statementMap":{"0":{"start":{"line":1,"column":0},"end":{"line":1,"column":43}},"1":{"start":{"line":2,"column":0},"end":{"line":2,"column":62}},"2":{"start":{"line":5,"column":0},"end":{"line":5,"column":51}},"3":{"start":{"line":8,"column":0},"end":{"line":16,"column":null}},"4":{"start":{"line":9,"column":22},"end":{"line":9,"column":28}},"5":{"start":{"line":12,"column":4},"end":{"line":14,"column":7}},"6":{"start":{"line":8,"column":13},"end":{"line":16,"column":null}},"7":{"start":{"line":8,"column":13},"end":{"line":8,"column":28}}},"fnMap":{"0":{"name":"(anonymous_0)","decl":{"start":{"line":9,"column":2},"end":{"line":9,"column":22}},"loc":{"start":{"line":9,"column":38},"end":{"line":9,"column":42}}},"1":{"name":"(anonymous_1)","decl":{"start":{"line":11,"column":2},"end":{"line":11,"column":5}},"loc":{"start":{"line":11,"column":17},"end":{"line":15,"column":3}}}},"branchMap":{},"s":{"0":1,"1":1,"2":1,"3":1,"4":3,"5":0,"6":1,"7":1},"f":{"0":3,"1":0},"b":{}}
,"C:\\prgr\\orcid-member-services\\gateway\\src\\main\\webapp\\app\\account\\password\\password-strength-bar.component.ts": {"path":"C:\\prgr\\orcid-member-services\\gateway\\src\\main\\webapp\\app\\account\\password\\password-strength-bar.component.ts","statementMap":{"0":{"start":{"line":1,"column":0},"end":{"line":1,"column":71}},"1":{"start":{"line":19,"column":0},"end":{"line":85,"column":null}},"2":{"start":{"line":22,"column":22},"end":{"line":22,"column":32}},"3":{"start":{"line":22,"column":50},"end":{"line":22,"column":62}},"4":{"start":{"line":20,"column":2},"end":{"line":20,"column":52}},"5":{"start":{"line":25,"column":16},"end":{"line":25,"column":17}},"6":{"start":{"line":26,"column":18},"end":{"line":26,"column":41}},"7":{"start":{"line":27,"column":25},"end":{"line":27,"column":41}},"8":{"start":{"line":28,"column":25},"end":{"line":28,"column":41}},"9":{"start":{"line":29,"column":20},"end":{"line":29,"column":36}},"10":{"start":{"line":30,"column":20},"end":{"line":30,"column":33}},"11":{"start":{"line":32,"column":18},"end":{"line":32,"column":64}},"12":{"start":{"line":33,"column":26},"end":{"line":35,"column":13}},"13":{"start":{"line":34,"column":6},"end":{"line":34,"column":36}},"14":{"start":{"line":37,"column":4},"end":{"line":37,"column":53}},"15":{"start":{"line":38,"column":4},"end":{"line":38,"column":32}},"16":{"start":{"line":41,"column":4},"end":{"line":41,"column":56}},"17":{"start":{"line":44,"column":4},"end":{"line":44,"column":62}},"18":{"start":{"line":45,"column":4},"end":{"line":45,"column":62}},"19":{"start":{"line":46,"column":4},"end":{"line":46,"column":62}},"20":{"start":{"line":48,"column":4},"end":{"line":48,"column":17}},"21":{"start":{"line":52,"column":14},"end":{"line":52,"column":15}},"22":{"start":{"line":53,"column":4},"end":{"line":63,"column":null}},"23":{"start":{"line":54,"column":6},"end":{"line":54,"column":14}},"24":{"start":{"line":55,"column":11},"end":{"line":63,"column":null}},"25":{"start":{"line":56,"column":6},"end":{"line":56,"column":14}},"26":{"start":{"line":57,"column":11},"end":{"line":63,"column":null}},"27":{"start":{"line":58,"column":6},"end":{"line":58,"column":14}},"28":{"start":{"line":59,"column":11},"end":{"line":63,"column":null}},"29":{"start":{"line":60,"column":6},"end":{"line":60,"column":14}},"30":{"start":{"line":62,"column":6},"end":{"line":62,"column":14}},"31":{"start":{"line":64,"column":4},"end":{"line":64,"column":51}},"32":{"start":{"line":69,"column":4},"end":{"line":83,"column":null}},"33":{"start":{"line":70,"column":16},"end":{"line":70,"column":61}},"34":{"start":{"line":71,"column":22},"end":{"line":71,"column":51}},"35":{"start":{"line":72,"column":6},"end":{"line":74,"column":null}},"36":{"start":{"line":73,"column":8},"end":{"line":73,"column":73}},"37":{"start":{"line":75,"column":18},"end":{"line":75,"column":52}},"38":{"start":{"line":76,"column":6},"end":{"line":82,"column":null}},"39":{"start":{"line":76,"column":19},"end":{"line":76,"column":20}},"40":{"start":{"line":77,"column":8},"end":{"line":81,"column":null}},"41":{"start":{"line":78,"column":10},"end":{"line":78,"column":74}},"42":{"start":{"line":80,"column":10},"end":{"line":80,"column":75}},"43":{"start":{"line":68,"column":2},"end":{"line":84,"column":null}},"44":{"start":{"line":19,"column":13},"end":{"line":85,"column":null}},"45":{"start":{"line":19,"column":13},"end":{"line":19,"column":41}}},"fnMap":{"0":{"name":"(anonymous_0)","decl":{"start":{"line":22,"column":2},"end":{"line":22,"column":22}},"loc":{"start":{"line":22,"column":72},"end":{"line":22,"column":76}}},"1":{"name":"(anonymous_1)","decl":{"start":{"line":24,"column":2},"end":{"line":24,"column":17}},"loc":{"start":{"line":24,"column":27},"end":{"line":49,"column":3}}},"2":{"name":"(anonymous_2)","decl":{"start":{"line":33,"column":39},"end":{"line":33,"column":40}},"loc":{"start":{"line":33,"column":66},"end":{"line":35,"column":5}}},"3":{"name":"(anonymous_3)","decl":{"start":{"line":51,"column":2},"end":{"line":51,"column":10}},"loc":{"start":{"line":51,"column":20},"end":{"line":65,"column":3}}},"4":{"name":"(anonymous_4)","decl":{"start":{"line":68,"column":2},"end":{"line":68,"column":6}},"loc":{"start":{"line":68,"column":38},"end":{"line":84,"column":3}}}},"branchMap":{"0":{"loc":{"start":{"line":37,"column":29},"end":{"line":37,"column":51}},"type":"cond-expr","locations":[{"start":{"line":37,"column":46},"end":{"line":37,"column":47}},{"start":{"line":37,"column":50},"end":{"line":37,"column":51}}]},"1":{"loc":{"start":{"line":41,"column":12},"end":{"line":41,"column":55}},"type":"cond-expr","locations":[{"start":{"line":41,"column":28},"end":{"line":41,"column":47}},{"start":{"line":41,"column":50},"end":{"line":41,"column":55}}]},"2":{"loc":{"start":{"line":44,"column":12},"end":{"line":44,"column":61}},"type":"cond-expr","locations":[{"start":{"line":44,"column":34},"end":{"line":44,"column":53}},{"start":{"line":44,"column":56},"end":{"line":44,"column":61}}]},"3":{"loc":{"start":{"line":45,"column":12},"end":{"line":45,"column":61}},"type":"cond-expr","locations":[{"start":{"line":45,"column":34},"end":{"line":45,"column":53}},{"start":{"line":45,"column":56},"end":{"line":45,"column":61}}]},"4":{"loc":{"start":{"line":46,"column":12},"end":{"line":46,"column":61}},"type":"cond-expr","locations":[{"start":{"line":46,"column":34},"end":{"line":46,"column":53}},{"start":{"line":46,"column":56},"end":{"line":46,"column":61}}]},"5":{"loc":{"start":{"line":53,"column":4},"end":{"line":63,"column":null}},"type":"if","locations":[{"start":{"line":53,"column":4},"end":{"line":63,"column":null}},{"start":{"line":55,"column":11},"end":{"line":63,"column":null}}]},"6":{"loc":{"start":{"line":55,"column":11},"end":{"line":63,"column":null}},"type":"if","locations":[{"start":{"line":55,"column":11},"end":{"line":63,"column":null}},{"start":{"line":57,"column":11},"end":{"line":63,"column":null}}]},"7":{"loc":{"start":{"line":57,"column":11},"end":{"line":63,"column":null}},"type":"if","locations":[{"start":{"line":57,"column":11},"end":{"line":63,"column":null}},{"start":{"line":59,"column":11},"end":{"line":63,"column":null}}]},"8":{"loc":{"start":{"line":59,"column":11},"end":{"line":63,"column":null}},"type":"if","locations":[{"start":{"line":59,"column":11},"end":{"line":63,"column":null}},{"start":{"line":61,"column":11},"end":{"line":63,"column":null}}]},"9":{"loc":{"start":{"line":69,"column":4},"end":{"line":83,"column":null}},"type":"if","locations":[{"start":{"line":69,"column":4},"end":{"line":83,"column":null}}]},"10":{"loc":{"start":{"line":72,"column":6},"end":{"line":74,"column":null}},"type":"if","locations":[{"start":{"line":72,"column":6},"end":{"line":74,"column":null}}]},"11":{"loc":{"start":{"line":77,"column":8},"end":{"line":81,"column":null}},"type":"if","locations":[{"start":{"line":77,"column":8},"end":{"line":81,"column":null}},{"start":{"line":79,"column":15},"end":{"line":81,"column":null}}]}},"s":{"0":1,"1":1,"2":3,"3":3,"4":3,"5":10,"6":10,"7":10,"8":10,"9":10,"10":10,"11":10,"12":10,"13":40,"14":10,"15":10,"16":10,"17":10,"18":10,"19":10,"20":10,"21":7,"22":7,"23":3,"24":4,"25":1,"26":3,"27":1,"28":2,"29":1,"30":1,"31":7,"32":0,"33":0,"34":0,"35":0,"36":0,"37":0,"38":0,"39":0,"40":0,"41":0,"42":0,"43":1,"44":1,"45":1},"f":{"0":3,"1":10,"2":40,"3":7,"4":0},"b":{"0":[1,9],"1":[7,3],"2":[2,8],"3":[0,10],"4":[2,8],"5":[3,4],"6":[1,3],"7":[1,2],"8":[1,1],"9":[0],"10":[0],"11":[0,0]}}
,"C:\\prgr\\orcid-member-services\\gateway\\src\\main\\webapp\\app\\account\\password\\password.component.html": {"path":"C:\\prgr\\orcid-member-services\\gateway\\src\\main\\webapp\\app\\account\\password\\password.component.html","statementMap":{"0":{"start":{"line":1,"column":0},"end":{"line":1,"column":6058}}},"fnMap":{},"branchMap":{},"s":{"0":1},"f":{},"b":{},"inputSourceMap":null,"_coverageSchema":"1a1c01bbd47fc00a2c39e90264f33305004495a9","hash":"317f62ffe4d69a2cdc73269c6e10a4f055da21ea"}
,"C:\\prgr\\orcid-member-services\\gateway\\src\\main\\webapp\\app\\account\\password\\password.component.ts": {"path":"C:\\prgr\\orcid-member-services\\gateway\\src\\main\\webapp\\app\\account\\password\\password.component.ts","statementMap":{"0":{"start":{"line":1,"column":0},"end":{"line":1,"column":50}},"1":{"start":{"line":2,"column":0},"end":{"line":2,"column":68}},"2":{"start":{"line":4,"column":0},"end":{"line":4,"column":42}},"3":{"start":{"line":5,"column":0},"end":{"line":5,"column":53}},"4":{"start":{"line":11,"column":0},"end":{"line":52,"column":null}},"5":{"start":{"line":23,"column":22},"end":{"line":23,"column":39}},"6":{"start":{"line":23,"column":64},"end":{"line":23,"column":80}},"7":{"start":{"line":23,"column":104},"end":{"line":23,"column":108}},"8":{"start":{"line":17,"column":2},"end":{"line":21,"column":5}},"9":{"start":{"line":26,"column":4},"end":{"line":29,"column":7}},"10":{"start":{"line":27,"column":6},"end":{"line":27,"column":29}},"11":{"start":{"line":28,"column":6},"end":{"line":28,"column":56}},"12":{"start":{"line":33,"column":24},"end":{"line":33,"column":68}},"13":{"start":{"line":34,"column":4},"end":{"line":50,"column":null}},"14":{"start":{"line":35,"column":6},"end":{"line":35,"column":24}},"15":{"start":{"line":36,"column":6},"end":{"line":36,"column":26}},"16":{"start":{"line":37,"column":6},"end":{"line":37,"column":32}},"17":{"start":{"line":39,"column":6},"end":{"line":39,"column":29}},"18":{"start":{"line":40,"column":6},"end":{"line":49,"column":8}},"19":{"start":{"line":42,"column":10},"end":{"line":42,"column":28}},"20":{"start":{"line":43,"column":10},"end":{"line":43,"column":30}},"21":{"start":{"line":46,"column":10},"end":{"line":46,"column":30}},"22":{"start":{"line":47,"column":10},"end":{"line":47,"column":31}},"23":{"start":{"line":11,"column":13},"end":{"line":52,"column":null}},"24":{"start":{"line":11,"column":13},"end":{"line":11,"column":30}}},"fnMap":{"0":{"name":"(anonymous_0)","decl":{"start":{"line":23,"column":2},"end":{"line":23,"column":22}},"loc":{"start":{"line":23,"column":119},"end":{"line":23,"column":123}}},"1":{"name":"(anonymous_1)","decl":{"start":{"line":25,"column":2},"end":{"line":25,"column":10}},"loc":{"start":{"line":25,"column":10},"end":{"line":30,"column":3}}},"2":{"name":"(anonymous_2)","decl":{"start":{"line":26,"column":40},"end":{"line":26,"column":47}},"loc":{"start":{"line":26,"column":50},"end":{"line":29,"column":5}}},"3":{"name":"(anonymous_3)","decl":{"start":{"line":32,"column":2},"end":{"line":32,"column":16}},"loc":{"start":{"line":32,"column":16},"end":{"line":51,"column":3}}},"4":{"name":"(anonymous_4)","decl":{"start":{"line":41,"column":8},"end":{"line":41,"column":11}},"loc":{"start":{"line":41,"column":13},"end":{"line":44,"column":9}}},"5":{"name":"(anonymous_5)","decl":{"start":{"line":45,"column":8},"end":{"line":45,"column":11}},"loc":{"start":{"line":45,"column":13},"end":{"line":48,"column":9}}}},"branchMap":{"0":{"loc":{"start":{"line":34,"column":4},"end":{"line":50,"column":null}},"type":"if","locations":[{"start":{"line":34,"column":4},"end":{"line":50,"column":null}},{"start":{"line":38,"column":11},"end":{"line":50,"column":null}}]}},"s":{"0":1,"1":1,"2":1,"3":1,"4":1,"5":4,"6":4,"7":4,"8":4,"9":0,"10":0,"11":0,"12":4,"13":4,"14":1,"15":1,"16":1,"17":3,"18":3,"19":2,"20":2,"21":1,"22":1,"23":1,"24":1},"f":{"0":4,"1":0,"2":0,"3":4,"4":2,"5":1},"b":{"0":[1,3]}}
,"C:\\prgr\\orcid-member-services\\gateway\\src\\main\\webapp\\app\\account\\password\\password.service.ts": {"path":"C:\\prgr\\orcid-member-services\\gateway\\src\\main\\webapp\\app\\account\\password\\password.service.ts","statementMap":{"0":{"start":{"line":1,"column":0},"end":{"line":1,"column":43}},"1":{"start":{"line":2,"column":0},"end":{"line":2,"column":50}},"2":{"start":{"line":5,"column":0},"end":{"line":5,"column":51}},"3":{"start":{"line":8,"column":0},"end":{"line":14,"column":null}},"4":{"start":{"line":9,"column":22},"end":{"line":9,"column":28}},"5":{"start":{"line":12,"column":4},"end":{"line":12,"column":129}},"6":{"start":{"line":8,"column":13},"end":{"line":14,"column":null}},"7":{"start":{"line":8,"column":13},"end":{"line":8,"column":28}}},"fnMap":{"0":{"name":"(anonymous_0)","decl":{"start":{"line":9,"column":2},"end":{"line":9,"column":22}},"loc":{"start":{"line":9,"column":38},"end":{"line":9,"column":42}}},"1":{"name":"(anonymous_1)","decl":{"start":{"line":11,"column":2},"end":{"line":11,"column":6}},"loc":{"start":{"line":11,"column":51},"end":{"line":13,"column":3}}}},"branchMap":{},"s":{"0":1,"1":1,"2":1,"3":1,"4":4,"5":0,"6":1,"7":1},"f":{"0":4,"1":0},"b":{}}
,"C:\\prgr\\orcid-member-services\\gateway\\src\\main\\webapp\\app\\account\\password-reset\\finish\\password-reset-finish.component.html": {"path":"C:\\prgr\\orcid-member-services\\gateway\\src\\main\\webapp\\app\\account\\password-reset\\finish\\password-reset-finish.component.html","statementMap":{"0":{"start":{"line":1,"column":0},"end":{"line":1,"column":7266}}},"fnMap":{},"branchMap":{},"s":{"0":1},"f":{},"b":{},"inputSourceMap":null,"_coverageSchema":"1a1c01bbd47fc00a2c39e90264f33305004495a9","hash":"0a78d65c56c9c7aea615faf321149d282333af29"}
,"C:\\prgr\\orcid-member-services\\gateway\\src\\main\\webapp\\app\\account\\password-reset\\finish\\password-reset-finish.component.ts": {"path":"C:\\prgr\\orcid-member-services\\gateway\\src\\main\\webapp\\app\\account\\password-reset\\finish\\password-reset-finish.component.ts","statementMap":{"0":{"start":{"line":1,"column":0},"end":{"line":1,"column":87}},"1":{"start":{"line":2,"column":0},"end":{"line":2,"column":68}},"2":{"start":{"line":3,"column":0},"end":{"line":3,"column":49}},"3":{"start":{"line":7,"column":0},"end":{"line":7,"column":45}},"4":{"start":{"line":8,"column":0},"end":{"line":8,"column":77}},"5":{"start":{"line":14,"column":0},"end":{"line":86,"column":null}},"6":{"start":{"line":32,"column":12},"end":{"line":32,"column":40}},"7":{"start":{"line":33,"column":12},"end":{"line":33,"column":31}},"8":{"start":{"line":34,"column":12},"end":{"line":34,"column":19}},"9":{"start":{"line":35,"column":12},"end":{"line":35,"column":24}},"10":{"start":{"line":36,"column":12},"end":{"line":36,"column":22}},"11":{"start":{"line":37,"column":12},"end":{"line":37,"column":16}},"12":{"start":{"line":26,"column":2},"end":{"line":29,"column":5}},"13":{"start":{"line":41,"column":4},"end":{"line":43,"column":7}},"14":{"start":{"line":42,"column":6},"end":{"line":42,"column":31}},"15":{"start":{"line":44,"column":4},"end":{"line":44,"column":32}},"16":{"start":{"line":45,"column":4},"end":{"line":54,"column":7}},"17":{"start":{"line":46,"column":6},"end":{"line":46,"column":44}},"18":{"start":{"line":47,"column":6},"end":{"line":47,"column":44}},"19":{"start":{"line":48,"column":6},"end":{"line":48,"column":67}},"20":{"start":{"line":49,"column":6},"end":{"line":53,"column":null}},"21":{"start":{"line":50,"column":8},"end":{"line":52,"column":11}},"22":{"start":{"line":51,"column":10},"end":{"line":51,"column":58}},"23":{"start":{"line":58,"column":4},"end":{"line":60,"column":null}},"24":{"start":{"line":59,"column":6},"end":{"line":59,"column":111}},"25":{"start":{"line":64,"column":4},"end":{"line":64,"column":27}},"26":{"start":{"line":65,"column":4},"end":{"line":65,"column":22}},"27":{"start":{"line":66,"column":21},"end":{"line":66,"column":65}},"28":{"start":{"line":67,"column":28},"end":{"line":67,"column":76}},"29":{"start":{"line":68,"column":4},"end":{"line":80,"column":null}},"30":{"start":{"line":69,"column":6},"end":{"line":69,"column":32}},"31":{"start":{"line":71,"column":6},"end":{"line":79,"column":8}},"32":{"start":{"line":73,"column":10},"end":{"line":73,"column":30}},"33":{"start":{"line":76,"column":10},"end":{"line":76,"column":30}},"34":{"start":{"line":77,"column":10},"end":{"line":77,"column":31}},"35":{"start":{"line":84,"column":4},"end":{"line":84,"column":50}},"36":{"start":{"line":14,"column":13},"end":{"line":86,"column":null}},"37":{"start":{"line":14,"column":13},"end":{"line":14,"column":41}}},"fnMap":{"0":{"name":"(anonymous_0)","decl":{"start":{"line":31,"column":2},"end":{"line":31,"column":null}},"loc":{"start":{"line":37,"column":27},"end":{"line":38,"column":6}}},"1":{"name":"(anonymous_1)","decl":{"start":{"line":40,"column":2},"end":{"line":40,"column":10}},"loc":{"start":{"line":40,"column":10},"end":{"line":55,"column":3}}},"2":{"name":"(anonymous_2)","decl":{"start":{"line":41,"column":37},"end":{"line":41,"column":43}},"loc":{"start":{"line":41,"column":46},"end":{"line":43,"column":5}}},"3":{"name":"(anonymous_3)","decl":{"start":{"line":45,"column":77},"end":{"line":45,"column":80}},"loc":{"start":{"line":45,"column":83},"end":{"line":54,"column":5}}},"4":{"name":"(anonymous_4)","decl":{"start":{"line":50,"column":91},"end":{"line":50,"column":97}},"loc":{"start":{"line":50,"column":100},"end":{"line":52,"column":9}}},"5":{"name":"(anonymous_5)","decl":{"start":{"line":57,"column":2},"end":{"line":57,"column":17}},"loc":{"start":{"line":57,"column":17},"end":{"line":61,"column":3}}},"6":{"name":"(anonymous_6)","decl":{"start":{"line":63,"column":2},"end":{"line":63,"column":13}},"loc":{"start":{"line":63,"column":13},"end":{"line":81,"column":3}}},"7":{"name":"(anonymous_7)","decl":{"start":{"line":72,"column":8},"end":{"line":72,"column":11}},"loc":{"start":{"line":72,"column":13},"end":{"line":74,"column":9}}},"8":{"name":"(anonymous_8)","decl":{"start":{"line":75,"column":8},"end":{"line":75,"column":11}},"loc":{"start":{"line":75,"column":13},"end":{"line":78,"column":9}}},"9":{"name":"(anonymous_9)","decl":{"start":{"line":83,"column":2},"end":{"line":83,"column":7}},"loc":{"start":{"line":83,"column":7},"end":{"line":85,"column":3}}}},"branchMap":{"0":{"loc":{"start":{"line":48,"column":30},"end":{"line":48,"column":66}},"type":"binary-expr","locations":[{"start":{"line":48,"column":30},"end":{"line":48,"column":46}},{"start":{"line":48,"column":50},"end":{"line":48,"column":66}}]},"1":{"loc":{"start":{"line":49,"column":6},"end":{"line":53,"column":null}},"type":"if","locations":[{"start":{"line":49,"column":6},"end":{"line":53,"column":null}}]},"2":{"loc":{"start":{"line":58,"column":4},"end":{"line":60,"column":null}},"type":"if","locations":[{"start":{"line":58,"column":4},"end":{"line":60,"column":null}}]},"3":{"loc":{"start":{"line":68,"column":4},"end":{"line":80,"column":null}},"type":"if","locations":[{"start":{"line":68,"column":4},"end":{"line":80,"column":null}},{"start":{"line":70,"column":11},"end":{"line":80,"column":null}}]}},"s":{"0":1,"1":1,"2":1,"3":1,"4":1,"5":1,"6":10,"7":10,"8":10,"9":10,"10":10,"11":10,"12":10,"13":6,"14":6,"15":6,"16":6,"17":0,"18":0,"19":0,"20":0,"21":0,"22":0,"23":1,"24":1,"25":3,"26":3,"27":3,"28":3,"29":3,"30":1,"31":2,"32":1,"33":1,"34":1,"35":0,"36":1,"37":1},"f":{"0":10,"1":6,"2":6,"3":0,"4":0,"5":1,"6":3,"7":1,"8":1,"9":0},"b":{"0":[0,0],"1":[0],"2":[1],"3":[1,2]}}
,"C:\\prgr\\orcid-member-services\\gateway\\src\\main\\webapp\\app\\account\\password-reset\\finish\\password-reset-finish.service.ts": {"path":"C:\\prgr\\orcid-member-services\\gateway\\src\\main\\webapp\\app\\account\\password-reset\\finish\\password-reset-finish.service.ts","statementMap":{"0":{"start":{"line":1,"column":0},"end":{"line":1,"column":43}},"1":{"start":{"line":2,"column":0},"end":{"line":2,"column":64}},"2":{"start":{"line":5,"column":0},"end":{"line":5,"column":51}},"3":{"start":{"line":8,"column":0},"end":{"line":22,"column":null}},"4":{"start":{"line":9,"column":22},"end":{"line":9,"column":28}},"5":{"start":{"line":12,"column":4},"end":{"line":12,"column":117}},"6":{"start":{"line":16,"column":4},"end":{"line":16,"column":133}},"7":{"start":{"line":20,"column":4},"end":{"line":20,"column":139}},"8":{"start":{"line":8,"column":13},"end":{"line":22,"column":null}},"9":{"start":{"line":8,"column":13},"end":{"line":8,"column":39}}},"fnMap":{"0":{"name":"(anonymous_0)","decl":{"start":{"line":9,"column":2},"end":{"line":9,"column":22}},"loc":{"start":{"line":9,"column":38},"end":{"line":9,"column":42}}},"1":{"name":"(anonymous_1)","decl":{"start":{"line":11,"column":2},"end":{"line":11,"column":6}},"loc":{"start":{"line":11,"column":26},"end":{"line":13,"column":3}}},"2":{"name":"(anonymous_2)","decl":{"start":{"line":15,"column":2},"end":{"line":15,"column":13}},"loc":{"start":{"line":15,"column":22},"end":{"line":17,"column":3}}},"3":{"name":"(anonymous_3)","decl":{"start":{"line":19,"column":2},"end":{"line":19,"column":23}},"loc":{"start":{"line":19,"column":32},"end":{"line":21,"column":3}}}},"branchMap":{},"s":{"0":1,"1":1,"2":1,"3":1,"4":5,"5":0,"6":6,"7":0,"8":1,"9":1},"f":{"0":5,"1":0,"2":6,"3":0},"b":{}}
,"C:\\prgr\\orcid-member-services\\gateway\\src\\main\\webapp\\app\\account\\password-reset\\init\\password-reset-init.component.html": {"path":"C:\\prgr\\orcid-member-services\\gateway\\src\\main\\webapp\\app\\account\\password-reset\\init\\password-reset-init.component.html","statementMap":{"0":{"start":{"line":1,"column":0},"end":{"line":1,"column":3227}}},"fnMap":{},"branchMap":{},"s":{"0":1},"f":{},"b":{},"inputSourceMap":null,"_coverageSchema":"1a1c01bbd47fc00a2c39e90264f33305004495a9","hash":"f6c218597132e1b5ccf06499f2cc9b56d13a5dd7"}
,"C:\\prgr\\orcid-member-services\\gateway\\src\\main\\webapp\\app\\account\\password-reset\\init\\password-reset-init.component.ts": {"path":"C:\\prgr\\orcid-member-services\\gateway\\src\\main\\webapp\\app\\account\\password-reset\\init\\password-reset-init.component.ts","statementMap":{"0":{"start":{"line":1,"column":0},"end":{"line":1,"column":79}},"1":{"start":{"line":2,"column":0},"end":{"line":2,"column":68}},"2":{"start":{"line":4,"column":0},"end":{"line":4,"column":50}},"3":{"start":{"line":5,"column":0},"end":{"line":5,"column":73}},"4":{"start":{"line":11,"column":0},"end":{"line":48,"column":null}},"5":{"start":{"line":20,"column":12},"end":{"line":20,"column":38}},"6":{"start":{"line":21,"column":12},"end":{"line":21,"column":24}},"7":{"start":{"line":22,"column":12},"end":{"line":22,"column":22}},"8":{"start":{"line":23,"column":12},"end":{"line":23,"column":16}},"9":{"start":{"line":15,"column":2},"end":{"line":17,"column":5}},"10":{"start":{"line":27,"column":4},"end":{"line":27,"column":106}},"11":{"start":{"line":31,"column":4},"end":{"line":31,"column":22}},"12":{"start":{"line":32,"column":4},"end":{"line":32,"column":36}},"13":{"start":{"line":34,"column":4},"end":{"line":46,"column":6}},"14":{"start":{"line":36,"column":8},"end":{"line":36,"column":28}},"15":{"start":{"line":39,"column":8},"end":{"line":39,"column":28}},"16":{"start":{"line":40,"column":8},"end":{"line":44,"column":null}},"17":{"start":{"line":41,"column":10},"end":{"line":41,"column":45}},"18":{"start":{"line":43,"column":10},"end":{"line":43,"column":31}},"19":{"start":{"line":11,"column":13},"end":{"line":48,"column":null}},"20":{"start":{"line":11,"column":13},"end":{"line":11,"column":39}}},"fnMap":{"0":{"name":"(anonymous_0)","decl":{"start":{"line":19,"column":2},"end":{"line":19,"column":null}},"loc":{"start":{"line":23,"column":27},"end":{"line":24,"column":6}}},"1":{"name":"(anonymous_1)","decl":{"start":{"line":26,"column":2},"end":{"line":26,"column":17}},"loc":{"start":{"line":26,"column":17},"end":{"line":28,"column":3}}},"2":{"name":"(anonymous_2)","decl":{"start":{"line":30,"column":2},"end":{"line":30,"column":14}},"loc":{"start":{"line":30,"column":14},"end":{"line":47,"column":3}}},"3":{"name":"(anonymous_3)","decl":{"start":{"line":35,"column":6},"end":{"line":35,"column":9}},"loc":{"start":{"line":35,"column":11},"end":{"line":37,"column":7}}},"4":{"name":"(anonymous_4)","decl":{"start":{"line":38,"column":6},"end":{"line":38,"column":14}},"loc":{"start":{"line":38,"column":17},"end":{"line":45,"column":7}}}},"branchMap":{"0":{"loc":{"start":{"line":40,"column":8},"end":{"line":44,"column":null}},"type":"if","locations":[{"start":{"line":40,"column":8},"end":{"line":44,"column":null}},{"start":{"line":42,"column":15},"end":{"line":44,"column":null}}]},"1":{"loc":{"start":{"line":40,"column":12},"end":{"line":40,"column":83}},"type":"binary-expr","locations":[{"start":{"line":40,"column":12},"end":{"line":40,"column":35}},{"start":{"line":40,"column":39},"end":{"line":40,"column":83}}]}},"s":{"0":1,"1":1,"2":1,"3":1,"4":1,"5":5,"6":5,"7":5,"8":5,"9":5,"10":1,"11":3,"12":3,"13":3,"14":1,"15":2,"16":2,"17":1,"18":1,"19":1,"20":1},"f":{"0":5,"1":1,"2":3,"3":1,"4":2},"b":{"0":[1,1],"1":[2,1]}}
,"C:\\prgr\\orcid-member-services\\gateway\\src\\main\\webapp\\app\\account\\password-reset\\init\\password-reset-init.service.ts": {"path":"C:\\prgr\\orcid-member-services\\gateway\\src\\main\\webapp\\app\\account\\password-reset\\init\\password-reset-init.service.ts","statementMap":{"0":{"start":{"line":1,"column":0},"end":{"line":1,"column":43}},"1":{"start":{"line":2,"column":0},"end":{"line":2,"column":50}},"2":{"start":{"line":5,"column":0},"end":{"line":5,"column":51}},"3":{"start":{"line":8,"column":0},"end":{"line":14,"column":null}},"4":{"start":{"line":9,"column":22},"end":{"line":9,"column":28}},"5":{"start":{"line":12,"column":4},"end":{"line":12,"column":105}},"6":{"start":{"line":8,"column":13},"end":{"line":14,"column":null}},"7":{"start":{"line":8,"column":13},"end":{"line":8,"column":37}}},"fnMap":{"0":{"name":"(anonymous_0)","decl":{"start":{"line":9,"column":2},"end":{"line":9,"column":22}},"loc":{"start":{"line":9,"column":38},"end":{"line":9,"column":42}}},"1":{"name":"(anonymous_1)","decl":{"start":{"line":11,"column":2},"end":{"line":11,"column":6}},"loc":{"start":{"line":11,"column":19},"end":{"line":13,"column":3}}}},"branchMap":{},"s":{"0":1,"1":1,"2":1,"3":1,"4":5,"5":0,"6":1,"7":1},"f":{"0":5,"1":0},"b":{}}
,"C:\\prgr\\orcid-member-services\\gateway\\src\\main\\webapp\\app\\account\\settings\\settings.component.html": {"path":"C:\\prgr\\orcid-member-services\\gateway\\src\\main\\webapp\\app\\account\\settings\\settings.component.html","statementMap":{"0":{"start":{"line":1,"column":0},"end":{"line":1,"column":9965}}},"fnMap":{},"branchMap":{},"s":{"0":1},"f":{},"b":{},"inputSourceMap":null,"_coverageSchema":"1a1c01bbd47fc00a2c39e90264f33305004495a9","hash":"e627dfc70f860d49c0039374cde253a209643607"}
,"C:\\prgr\\orcid-member-services\\gateway\\src\\main\\webapp\\app\\account\\settings\\settings.component.ts": {"path":"C:\\prgr\\orcid-member-services\\gateway\\src\\main\\webapp\\app\\account\\settings\\settings.component.ts","statementMap":{"0":{"start":{"line":1,"column":0},"end":{"line":1,"column":50}},"1":{"start":{"line":2,"column":0},"end":{"line":2,"column":68}},"2":{"start":{"line":3,"column":0},"end":{"line":3,"column":49}},"3":{"start":{"line":4,"column":0},"end":{"line":4,"column":61}},"4":{"start":{"line":5,"column":0},"end":{"line":5,"column":57}},"5":{"start":{"line":11,"column":0},"end":{"line":168,"column":null}},"6":{"start":{"line":39,"column":12},"end":{"line":39,"column":28}},"7":{"start":{"line":40,"column":12},"end":{"line":40,"column":16}},"8":{"start":{"line":41,"column":12},"end":{"line":41,"column":29}},"9":{"start":{"line":42,"column":12},"end":{"line":42,"column":28}},"10":{"start":{"line":43,"column":12},"end":{"line":43,"column":23}},"11":{"start":{"line":23,"column":2},"end":{"line":31,"column":5}},"12":{"start":{"line":32,"column":2},"end":{"line":36,"column":5}},"13":{"start":{"line":47,"column":4},"end":{"line":47,"column":30}},"14":{"start":{"line":48,"column":4},"end":{"line":48,"column":33}},"15":{"start":{"line":49,"column":4},"end":{"line":49,"column":36}},"16":{"start":{"line":50,"column":4},"end":{"line":59,"column":7}},"17":{"start":{"line":51,"column":6},"end":{"line":51,"column":31}},"18":{"start":{"line":52,"column":6},"end":{"line":52,"column":34}},"19":{"start":{"line":53,"column":6},"end":{"line":53,"column":56}},"20":{"start":{"line":54,"column":6},"end":{"line":58,"column":null}},"21":{"start":{"line":55,"column":8},"end":{"line":57,"column":11}},"22":{"start":{"line":56,"column":10},"end":{"line":56,"column":35}},"23":{"start":{"line":60,"column":4},"end":{"line":62,"column":7}},"24":{"start":{"line":61,"column":6},"end":{"line":61,"column":33}},"25":{"start":{"line":66,"column":4},"end":{"line":66,"column":32}},"26":{"start":{"line":67,"column":23},"end":{"line":67,"column":59}},"27":{"start":{"line":68,"column":4},"end":{"line":68,"column":45}},"28":{"start":{"line":69,"column":4},"end":{"line":75,"column":null}},"29":{"start":{"line":70,"column":6},"end":{"line":70,"column":31}},"30":{"start":{"line":71,"column":6},"end":{"line":71,"column":38}},"31":{"start":{"line":73,"column":6},"end":{"line":73,"column":32}},"32":{"start":{"line":74,"column":6},"end":{"line":74,"column":38}},"33":{"start":{"line":79,"column":4},"end":{"line":79,"column":32}},"34":{"start":{"line":83,"column":28},"end":{"line":83,"column":50}},"35":{"start":{"line":84,"column":4},"end":{"line":102,"column":6}},"36":{"start":{"line":86,"column":8},"end":{"line":86,"column":26}},"37":{"start":{"line":87,"column":8},"end":{"line":87,"column":28}},"38":{"start":{"line":88,"column":8},"end":{"line":91,"column":11}},"39":{"start":{"line":89,"column":10},"end":{"line":89,"column":35}},"40":{"start":{"line":90,"column":10},"end":{"line":90,"column":38}},"41":{"start":{"line":92,"column":8},"end":{"line":96,"column":11}},"42":{"start":{"line":93,"column":10},"end":{"line":95,"column":null}},"43":{"start":{"line":94,"column":12},"end":{"line":94,"column":73}},"44":{"start":{"line":99,"column":8},"end":{"line":99,"column":28}},"45":{"start":{"line":100,"column":8},"end":{"line":100,"column":29}},"46":{"start":{"line":106,"column":20},"end":{"line":106,"column":56}},"47":{"start":{"line":107,"column":4},"end":{"line":130,"column":null}},"48":{"start":{"line":108,"column":18},"end":{"line":108,"column":60}},"49":{"start":{"line":109,"column":6},"end":{"line":109,"column":30}},"50":{"start":{"line":110,"column":6},"end":{"line":119,"column":8}},"51":{"start":{"line":112,"column":10},"end":{"line":112,"column":41}},"52":{"start":{"line":113,"column":10},"end":{"line":113,"column":41}},"53":{"start":{"line":114,"column":10},"end":{"line":114,"column":37}},"54":{"start":{"line":117,"column":10},"end":{"line":117,"column":38}},"55":{"start":{"line":121,"column":6},"end":{"line":129,"column":8}},"56":{"start":{"line":123,"column":10},"end":{"line":123,"column":37}},"57":{"start":{"line":124,"column":10},"end":{"line":126,"column":13}},"58":{"start":{"line":125,"column":12},"end":{"line":125,"column":37}},"59":{"start":{"line":128,"column":15},"end":{"line":128,"column":49}},"60":{"start":{"line":134,"column":4},"end":{"line":134,"column":107}},"61":{"start":{"line":138,"column":20},"end":{"line":138,"column":22}},"62":{"start":{"line":139,"column":4},"end":{"line":147,"column":null}},"63":{"start":{"line":152,"column":4},"end":{"line":160,"column":7}},"64":{"start":{"line":164,"column":4},"end":{"line":166,"column":7}},"65":{"start":{"line":11,"column":13},"end":{"line":168,"column":null}},"66":{"start":{"line":11,"column":13},"end":{"line":11,"column":30}}},"fnMap":{"0":{"name":"(anonymous_0)","decl":{"start":{"line":38,"column":2},"end":{"line":38,"column":null}},"loc":{"start":{"line":43,"column":35},"end":{"line":44,"column":6}}},"1":{"name":"(anonymous_1)","decl":{"start":{"line":46,"column":2},"end":{"line":46,"column":10}},"loc":{"start":{"line":46,"column":10},"end":{"line":63,"column":3}}},"2":{"name":"(anonymous_2)","decl":{"start":{"line":50,"column":44},"end":{"line":50,"column":51}},"loc":{"start":{"line":50,"column":54},"end":{"line":59,"column":5}}},"3":{"name":"(anonymous_3)","decl":{"start":{"line":55,"column":52},"end":{"line":55,"column":55}},"loc":{"start":{"line":55,"column":58},"end":{"line":57,"column":9}}},"4":{"name":"(anonymous_4)","decl":{"start":{"line":60,"column":38},"end":{"line":60,"column":47}},"loc":{"start":{"line":60,"column":50},"end":{"line":62,"column":5}}},"5":{"name":"(anonymous_5)","decl":{"start":{"line":65,"column":2},"end":{"line":65,"column":23}},"loc":{"start":{"line":65,"column":23},"end":{"line":76,"column":3}}},"6":{"name":"(anonymous_6)","decl":{"start":{"line":78,"column":2},"end":{"line":78,"column":19}},"loc":{"start":{"line":78,"column":19},"end":{"line":80,"column":3}}},"7":{"name":"(anonymous_7)","decl":{"start":{"line":82,"column":2},"end":{"line":82,"column":6}},"loc":{"start":{"line":82,"column":6},"end":{"line":103,"column":3}}},"8":{"name":"(anonymous_8)","decl":{"start":{"line":85,"column":6},"end":{"line":85,"column":9}},"loc":{"start":{"line":85,"column":11},"end":{"line":97,"column":7}}},"9":{"name":"(anonymous_9)","decl":{"start":{"line":88,"column":48},"end":{"line":88,"column":55}},"loc":{"start":{"line":88,"column":58},"end":{"line":91,"column":9}}},"10":{"name":"(anonymous_10)","decl":{"start":{"line":92,"column":47},"end":{"line":92,"column":54}},"loc":{"start":{"line":92,"column":57},"end":{"line":96,"column":9}}},"11":{"name":"(anonymous_11)","decl":{"start":{"line":98,"column":6},"end":{"line":98,"column":9}},"loc":{"start":{"line":98,"column":11},"end":{"line":101,"column":7}}},"12":{"name":"(anonymous_12)","decl":{"start":{"line":105,"column":2},"end":{"line":105,"column":9}},"loc":{"start":{"line":105,"column":9},"end":{"line":131,"column":3}}},"13":{"name":"(anonymous_13)","decl":{"start":{"line":111,"column":8},"end":{"line":111,"column":11}},"loc":{"start":{"line":111,"column":14},"end":{"line":115,"column":9}}},"14":{"name":"(anonymous_14)","decl":{"start":{"line":116,"column":8},"end":{"line":116,"column":11}},"loc":{"start":{"line":116,"column":14},"end":{"line":118,"column":9}}},"15":{"name":"(anonymous_15)","decl":{"start":{"line":122,"column":8},"end":{"line":122,"column":11}},"loc":{"start":{"line":122,"column":13},"end":{"line":127,"column":9}}},"16":{"name":"(anonymous_16)","decl":{"start":{"line":124,"column":54},"end":{"line":124,"column":57}},"loc":{"start":{"line":124,"column":60},"end":{"line":126,"column":11}}},"17":{"name":"(anonymous_17)","decl":{"start":{"line":128,"column":8},"end":{"line":128,"column":11}},"loc":{"start":{"line":128,"column":15},"end":{"line":128,"column":49}}},"18":{"name":"(anonymous_18)","decl":{"start":{"line":133,"column":2},"end":{"line":133,"column":12}},"loc":{"start":{"line":133,"column":12},"end":{"line":135,"column":3}}},"19":{"name":"(anonymous_19)","decl":{"start":{"line":137,"column":10},"end":{"line":137,"column":25}},"loc":{"start":{"line":137,"column":25},"end":{"line":149,"column":3}}},"20":{"name":"(anonymous_20)","decl":{"start":{"line":151,"column":2},"end":{"line":151,"column":12}},"loc":{"start":{"line":151,"column":25},"end":{"line":161,"column":3}}},"21":{"name":"(anonymous_21)","decl":{"start":{"line":163,"column":2},"end":{"line":163,"column":15}},"loc":{"start":{"line":163,"column":28},"end":{"line":167,"column":3}}}},"branchMap":{"0":{"loc":{"start":{"line":54,"column":6},"end":{"line":58,"column":null}},"type":"if","locations":[{"start":{"line":54,"column":6},"end":{"line":58,"column":null}}]},"1":{"loc":{"start":{"line":69,"column":4},"end":{"line":75,"column":null}},"type":"if","locations":[{"start":{"line":69,"column":4},"end":{"line":75,"column":null}},{"start":{"line":72,"column":11},"end":{"line":75,"column":null}}]},"2":{"loc":{"start":{"line":69,"column":8},"end":{"line":69,"column":35}},"type":"binary-expr","locations":[{"start":{"line":69,"column":8},"end":{"line":69,"column":18}},{"start":{"line":69,"column":22},"end":{"line":69,"column":35}}]},"3":{"loc":{"start":{"line":93,"column":10},"end":{"line":95,"column":null}},"type":"if","locations":[{"start":{"line":93,"column":10},"end":{"line":95,"column":null}}]},"4":{"loc":{"start":{"line":107,"column":4},"end":{"line":130,"column":null}},"type":"if","locations":[{"start":{"line":107,"column":4},"end":{"line":130,"column":null}},{"start":{"line":120,"column":11},"end":{"line":130,"column":null}}]}},"s":{"0":1,"1":1,"2":1,"3":1,"4":1,"5":1,"6":3,"7":3,"8":3,"9":3,"10":3,"11":3,"12":3,"13":0,"14":0,"15":0,"16":0,"17":0,"18":0,"19":0,"20":0,"21":0,"22":0,"23":0,"24":0,"25":0,"26":0,"27":0,"28":0,"29":0,"30":0,"31":0,"32":0,"33":0,"34":3,"35":3,"36":2,"37":2,"38":2,"39":2,"40":2,"41":2,"42":2,"43":0,"44":1,"45":1,"46":0,"47":0,"48":0,"49":0,"50":0,"51":0,"52":0,"53":0,"54":0,"55":0,"56":0,"57":0,"58":0,"59":0,"60":0,"61":3,"62":3,"63":3,"64":2,"65":1,"66":1},"f":{"0":3,"1":0,"2":0,"3":0,"4":0,"5":0,"6":0,"7":3,"8":2,"9":2,"10":2,"11":1,"12":0,"13":0,"14":0,"15":0,"16":0,"17":0,"18":0,"19":3,"20":3,"21":2},"b":{"0":[0],"1":[0,0],"2":[0,0],"3":[0],"4":[0,0]}}
,"C:\\prgr\\orcid-member-services\\gateway\\src\\main\\webapp\\app\\admin\\admin.route.ts": {"path":"C:\\prgr\\orcid-member-services\\gateway\\src\\main\\webapp\\app\\admin\\admin.route.ts","statementMap":{"0":{"start":{"line":3,"column":0},"end":{"line":3,"column":116}},"1":{"start":{"line":5,"column":0},"end":{"line":5,"column":50}},"2":{"start":{"line":7,"column":21},"end":{"line":7,"column":117}},"3":{"start":{"line":9,"column":13},"end":{"line":18,"column":2}}},"fnMap":{},"branchMap":{},"s":{"0":1,"1":1,"2":1,"3":1},"f":{},"b":{}}
,"C:\\prgr\\orcid-member-services\\gateway\\src\\main\\webapp\\app\\admin\\index.ts": {"path":"C:\\prgr\\orcid-member-services\\gateway\\src\\main\\webapp\\app\\admin\\index.ts","statementMap":{"0":{"start":{"line":1,"column":0},"end":{"line":1,"column":42}},"1":{"start":{"line":2,"column":0},"end":{"line":2,"column":40}},"2":{"start":{"line":3,"column":0},"end":{"line":3,"column":38}},"3":{"start":{"line":4,"column":0},"end":{"line":4,"column":37}},"4":{"start":{"line":5,"column":0},"end":{"line":5,"column":42}},"5":{"start":{"line":6,"column":0},"end":{"line":6,"column":56}},"6":{"start":{"line":7,"column":0},"end":{"line":7,"column":54}},"7":{"start":{"line":8,"column":0},"end":{"line":8,"column":52}},"8":{"start":{"line":9,"column":0},"end":{"line":9,"column":38}},"9":{"start":{"line":10,"column":0},"end":{"line":10,"column":34}},"10":{"start":{"line":11,"column":0},"end":{"line":11,"column":42}},"11":{"start":{"line":12,"column":0},"end":{"line":12,"column":48}},"12":{"start":{"line":13,"column":0},"end":{"line":13,"column":40}},"13":{"start":{"line":14,"column":0},"end":{"line":14,"column":38}},"14":{"start":{"line":15,"column":0},"end":{"line":15,"column":38}},"15":{"start":{"line":16,"column":0},"end":{"line":16,"column":36}},"16":{"start":{"line":17,"column":0},"end":{"line":17,"column":34}},"17":{"start":{"line":18,"column":0},"end":{"line":18,"column":33}},"18":{"start":{"line":19,"column":0},"end":{"line":19,"column":44}},"19":{"start":{"line":20,"column":0},"end":{"line":20,"column":49}},"20":{"start":{"line":21,"column":0},"end":{"line":21,"column":40}},"21":{"start":{"line":22,"column":0},"end":{"line":22,"column":46}},"22":{"start":{"line":23,"column":0},"end":{"line":23,"column":44}},"23":{"start":{"line":24,"column":0},"end":{"line":24,"column":42}},"24":{"start":{"line":25,"column":0},"end":{"line":25,"column":40}},"25":{"start":{"line":26,"column":0},"end":{"line":26,"column":30}}},"fnMap":{},"branchMap":{},"s":{"0":1,"1":1,"2":1,"3":1,"4":1,"5":1,"6":1,"7":1,"8":1,"9":1,"10":1,"11":1,"12":1,"13":1,"14":1,"15":1,"16":1,"17":1,"18":1,"19":1,"20":1,"21":1,"22":1,"23":1,"24":1,"25":1},"f":{},"b":{}}
,"C:\\prgr\\orcid-member-services\\gateway\\src\\main\\webapp\\app\\admin\\audits\\audit-data.model.ts": {"path":"C:\\prgr\\orcid-member-services\\gateway\\src\\main\\webapp\\app\\admin\\audits\\audit-data.model.ts","statementMap":{"0":{"start":{"line":2,"column":21},"end":{"line":2,"column":42}},"1":{"start":{"line":2,"column":51},"end":{"line":2,"column":68}},"2":{"start":{"line":1,"column":0},"end":{"line":1,"column":13}}},"fnMap":{"0":{"name":"(anonymous_0)","decl":{"start":{"line":2,"column":2},"end":{"line":2,"column":21}},"loc":{"start":{"line":2,"column":68},"end":{"line":2,"column":72}}}},"branchMap":{},"s":{"0":0,"1":0,"2":1},"f":{"0":0},"b":{}}
,"C:\\prgr\\orcid-member-services\\gateway\\src\\main\\webapp\\app\\admin\\audits\\audit.model.ts": {"path":"C:\\prgr\\orcid-member-services\\gateway\\src\\main\\webapp\\app\\admin\\audits\\audit.model.ts","statementMap":{"0":{"start":{"line":4,"column":21},"end":{"line":4,"column":36}},"1":{"start":{"line":4,"column":45},"end":{"line":4,"column":62}},"2":{"start":{"line":4,"column":71},"end":{"line":4,"column":88}},"3":{"start":{"line":4,"column":97},"end":{"line":4,"column":109}},"4":{"start":{"line":3,"column":0},"end":{"line":3,"column":13}}},"fnMap":{"0":{"name":"(anonymous_0)","decl":{"start":{"line":4,"column":2},"end":{"line":4,"column":21}},"loc":{"start":{"line":4,"column":109},"end":{"line":4,"column":113}}}},"branchMap":{},"s":{"0":2,"1":2,"2":2,"3":2,"4":3},"f":{"0":2},"b":{}}
,"C:\\prgr\\orcid-member-services\\gateway\\src\\main\\webapp\\app\\admin\\audits\\audits.component.html": {"path":"C:\\prgr\\orcid-member-services\\gateway\\src\\main\\webapp\\app\\admin\\audits\\audits.component.html","statementMap":{"0":{"start":{"line":1,"column":0},"end":{"line":1,"column":3312}}},"fnMap":{},"branchMap":{},"s":{"0":2},"f":{},"b":{},"inputSourceMap":null,"_coverageSchema":"1a1c01bbd47fc00a2c39e90264f33305004495a9","hash":"41bf5968f058d8bec0004d69b9d988c2fe663896"}
,"C:\\prgr\\orcid-member-services\\gateway\\src\\main\\webapp\\app\\admin\\audits\\audits.component.ts": {"path":"C:\\prgr\\orcid-member-services\\gateway\\src\\main\\webapp\\app\\admin\\audits\\audits.component.ts","statementMap":{"0":{"start":{"line":1,"column":0},"end":{"line":1,"column":61}},"1":{"start":{"line":3,"column":0},"end":{"line":3,"column":43}},"2":{"start":{"line":4,"column":0},"end":{"line":4,"column":57}},"3":{"start":{"line":5,"column":0},"end":{"line":5,"column":61}},"4":{"start":{"line":7,"column":0},"end":{"line":7,"column":44}},"5":{"start":{"line":9,"column":0},"end":{"line":9,"column":49}},"6":{"start":{"line":15,"column":0},"end":{"line":123,"column":null}},"7":{"start":{"line":29,"column":12},"end":{"line":29,"column":27}},"8":{"start":{"line":30,"column":12},"end":{"line":30,"column":26}},"9":{"start":{"line":31,"column":12},"end":{"line":31,"column":24}},"10":{"start":{"line":32,"column":12},"end":{"line":32,"column":28}},"11":{"start":{"line":33,"column":12},"end":{"line":33,"column":22}},"12":{"start":{"line":34,"column":12},"end":{"line":34,"column":20}},"13":{"start":{"line":36,"column":4},"end":{"line":36,"column":39}},"14":{"start":{"line":37,"column":4},"end":{"line":42,"column":7}},"15":{"start":{"line":38,"column":6},"end":{"line":38,"column":44}},"16":{"start":{"line":39,"column":6},"end":{"line":39,"column":52}},"17":{"start":{"line":40,"column":6},"end":{"line":40,"column":52}},"18":{"start":{"line":41,"column":6},"end":{"line":41,"column":54}},"19":{"start":{"line":46,"column":4},"end":{"line":46,"column":17}},"20":{"start":{"line":47,"column":4},"end":{"line":47,"column":25}},"21":{"start":{"line":48,"column":4},"end":{"line":48,"column":19}},"22":{"start":{"line":52,"column":4},"end":{"line":52,"column":33}},"23":{"start":{"line":56,"column":23},"end":{"line":56,"column":35}},"24":{"start":{"line":57,"column":25},"end":{"line":57,"column":35}},"25":{"start":{"line":59,"column":4},"end":{"line":63,"column":null}},"26":{"start":{"line":60,"column":6},"end":{"line":60,"column":78}},"27":{"start":{"line":62,"column":6},"end":{"line":62,"column":95}},"28":{"start":{"line":65,"column":4},"end":{"line":65,"column":66}},"29":{"start":{"line":69,"column":23},"end":{"line":69,"column":35}},"30":{"start":{"line":71,"column":24},"end":{"line":71,"column":34}},"31":{"start":{"line":72,"column":4},"end":{"line":72,"column":39}},"32":{"start":{"line":73,"column":17},"end":{"line":73,"column":81}},"33":{"start":{"line":74,"column":4},"end":{"line":74,"column":60}},"34":{"start":{"line":78,"column":4},"end":{"line":86,"column":140}},"35":{"start":{"line":86,"column":49},"end":{"line":86,"column":86}},"36":{"start":{"line":86,"column":116},"end":{"line":86,"column":138}},"37":{"start":{"line":90,"column":19},"end":{"line":90,"column":75}},"38":{"start":{"line":91,"column":4},"end":{"line":93,"column":null}},"39":{"start":{"line":92,"column":6},"end":{"line":92,"column":24}},"40":{"start":{"line":94,"column":4},"end":{"line":94,"column":18}},"41":{"start":{"line":98,"column":4},"end":{"line":101,"column":null}},"42":{"start":{"line":99,"column":6},"end":{"line":99,"column":31}},"43":{"start":{"line":100,"column":6},"end":{"line":100,"column":24}},"44":{"start":{"line":105,"column":4},"end":{"line":110,"column":7}},"45":{"start":{"line":111,"column":4},"end":{"line":111,"column":19}},"46":{"start":{"line":115,"column":4},"end":{"line":115,"column":60}},"47":{"start":{"line":116,"column":4},"end":{"line":116,"column":51}},"48":{"start":{"line":117,"column":4},"end":{"line":117,"column":23}},"49":{"start":{"line":121,"column":4},"end":{"line":121,"column":62}},"50":{"start":{"line":15,"column":13},"end":{"line":123,"column":null}},"51":{"start":{"line":15,"column":13},"end":{"line":15,"column":28}}},"fnMap":{"0":{"name":"(anonymous_0)","decl":{"start":{"line":28,"column":2},"end":{"line":28,"column":null}},"loc":{"start":{"line":34,"column":26},"end":{"line":43,"column":3}}},"1":{"name":"(anonymous_1)","decl":{"start":{"line":37,"column":56},"end":{"line":37,"column":60}},"loc":{"start":{"line":37,"column":63},"end":{"line":42,"column":5}}},"2":{"name":"(anonymous_2)","decl":{"start":{"line":45,"column":2},"end":{"line":45,"column":10}},"loc":{"start":{"line":45,"column":10},"end":{"line":49,"column":3}}},"3":{"name":"(anonymous_3)","decl":{"start":{"line":51,"column":2},"end":{"line":51,"column":13}},"loc":{"start":{"line":51,"column":13},"end":{"line":53,"column":3}}},"4":{"name":"(anonymous_4)","decl":{"start":{"line":55,"column":2},"end":{"line":55,"column":15}},"loc":{"start":{"line":55,"column":15},"end":{"line":66,"column":3}}},"5":{"name":"(anonymous_5)","decl":{"start":{"line":68,"column":2},"end":{"line":68,"column":7}},"loc":{"start":{"line":68,"column":7},"end":{"line":75,"column":3}}},"6":{"name":"(anonymous_6)","decl":{"start":{"line":77,"column":2},"end":{"line":77,"column":9}},"loc":{"start":{"line":77,"column":9},"end":{"line":87,"column":3}}},"7":{"name":"(anonymous_7)","decl":{"start":{"line":86,"column":17},"end":{"line":86,"column":18}},"loc":{"start":{"line":86,"column":49},"end":{"line":86,"column":86}}},"8":{"name":"(anonymous_8)","decl":{"start":{"line":86,"column":88},"end":{"line":86,"column":89}},"loc":{"start":{"line":86,"column":116},"end":{"line":86,"column":138}}},"9":{"name":"(anonymous_9)","decl":{"start":{"line":89,"column":2},"end":{"line":89,"column":6}},"loc":{"start":{"line":89,"column":6},"end":{"line":95,"column":3}}},"10":{"name":"(anonymous_10)","decl":{"start":{"line":97,"column":2},"end":{"line":97,"column":10}},"loc":{"start":{"line":97,"column":23},"end":{"line":102,"column":3}}},"11":{"name":"(anonymous_11)","decl":{"start":{"line":104,"column":2},"end":{"line":104,"column":12}},"loc":{"start":{"line":104,"column":12},"end":{"line":112,"column":3}}},"12":{"name":"(anonymous_12)","decl":{"start":{"line":114,"column":10},"end":{"line":114,"column":19}},"loc":{"start":{"line":114,"column":33},"end":{"line":118,"column":3}}},"13":{"name":"(anonymous_13)","decl":{"start":{"line":120,"column":10},"end":{"line":120,"column":17}},"loc":{"start":{"line":120,"column":23},"end":{"line":122,"column":3}}}},"branchMap":{"0":{"loc":{"start":{"line":59,"column":4},"end":{"line":63,"column":null}},"type":"if","locations":[{"start":{"line":59,"column":4},"end":{"line":63,"column":null}},{"start":{"line":61,"column":11},"end":{"line":63,"column":null}}]},"1":{"loc":{"start":{"line":90,"column":44},"end":{"line":90,"column":73}},"type":"cond-expr","locations":[{"start":{"line":90,"column":59},"end":{"line":90,"column":64}},{"start":{"line":90,"column":67},"end":{"line":90,"column":73}}]},"2":{"loc":{"start":{"line":91,"column":4},"end":{"line":93,"column":null}},"type":"if","locations":[{"start":{"line":91,"column":4},"end":{"line":93,"column":null}}]},"3":{"loc":{"start":{"line":98,"column":4},"end":{"line":101,"column":null}},"type":"if","locations":[{"start":{"line":98,"column":4},"end":{"line":101,"column":null}}]},"4":{"loc":{"start":{"line":108,"column":38},"end":{"line":108,"column":67}},"type":"cond-expr","locations":[{"start":{"line":108,"column":53},"end":{"line":108,"column":58}},{"start":{"line":108,"column":61},"end":{"line":108,"column":67}}]}},"s":{"0":2,"1":2,"2":2,"3":2,"4":2,"5":2,"6":2,"7":6,"8":6,"9":6,"10":6,"11":6,"12":6,"13":6,"14":6,"15":6,"16":6,"17":6,"18":6,"19":2,"20":2,"21":2,"22":5,"23":3,"24":3,"25":3,"26":0,"27":3,"28":3,"29":3,"30":3,"31":3,"32":3,"33":3,"34":2,"35":1,"36":0,"37":4,"38":4,"39":1,"40":4,"41":0,"42":0,"43":0,"44":0,"45":0,"46":1,"47":1,"48":1,"49":0,"50":2,"51":2},"f":{"0":6,"1":6,"2":2,"3":5,"4":3,"5":3,"6":2,"7":1,"8":0,"9":4,"10":0,"11":0,"12":1,"13":0},"b":{"0":[0,3],"1":[1,3],"2":[1],"3":[0],"4":[0,0]}}
,"C:\\prgr\\orcid-member-services\\gateway\\src\\main\\webapp\\app\\admin\\audits\\audits.route.ts": {"path":"C:\\prgr\\orcid-member-services\\gateway\\src\\main\\webapp\\app\\admin\\audits\\audits.route.ts","statementMap":{"0":{"start":{"line":3,"column":0},"end":{"line":3,"column":72}},"1":{"start":{"line":5,"column":0},"end":{"line":5,"column":53}},"2":{"start":{"line":7,"column":13},"end":{"line":17,"column":2}}},"fnMap":{},"branchMap":{},"s":{"0":1,"1":1,"2":1},"f":{},"b":{}}
,"C:\\prgr\\orcid-member-services\\gateway\\src\\main\\webapp\\app\\admin\\audits\\audits.service.ts": {"path":"C:\\prgr\\orcid-member-services\\gateway\\src\\main\\webapp\\app\\admin\\audits\\audits.service.ts","statementMap":{"0":{"start":{"line":1,"column":0},"end":{"line":1,"column":43}},"1":{"start":{"line":2,"column":0},"end":{"line":2,"column":76}},"2":{"start":{"line":5,"column":0},"end":{"line":5,"column":49}},"3":{"start":{"line":6,"column":0},"end":{"line":6,"column":51}},"4":{"start":{"line":10,"column":0},"end":{"line":25,"column":null}},"5":{"start":{"line":11,"column":22},"end":{"line":11,"column":28}},"6":{"start":{"line":14,"column":31},"end":{"line":14,"column":55}},"7":{"start":{"line":15,"column":4},"end":{"line":15,"column":41}},"8":{"start":{"line":16,"column":4},"end":{"line":16,"column":37}},"9":{"start":{"line":18,"column":23},"end":{"line":18,"column":80}},"10":{"start":{"line":20,"column":4},"end":{"line":23,"column":7}},"11":{"start":{"line":10,"column":13},"end":{"line":25,"column":null}},"12":{"start":{"line":10,"column":13},"end":{"line":10,"column":26}}},"fnMap":{"0":{"name":"(anonymous_0)","decl":{"start":{"line":11,"column":2},"end":{"line":11,"column":22}},"loc":{"start":{"line":11,"column":38},"end":{"line":11,"column":42}}},"1":{"name":"(anonymous_1)","decl":{"start":{"line":13,"column":2},"end":{"line":13,"column":7}},"loc":{"start":{"line":13,"column":16},"end":{"line":24,"column":3}}}},"branchMap":{},"s":{"0":3,"1":3,"2":3,"3":3,"4":3,"5":9,"6":4,"7":4,"8":4,"9":4,"10":4,"11":3,"12":3},"f":{"0":9,"1":4},"b":{}}
,"C:\\prgr\\orcid-member-services\\gateway\\src\\main\\webapp\\app\\admin\\configuration\\configuration.component.html": {"path":"C:\\prgr\\orcid-member-services\\gateway\\src\\main\\webapp\\app\\admin\\configuration\\configuration.component.html","statementMap":{"0":{"start":{"line":1,"column":0},"end":{"line":1,"column":2293}}},"fnMap":{},"branchMap":{},"s":{"0":2},"f":{},"b":{},"inputSourceMap":null,"_coverageSchema":"1a1c01bbd47fc00a2c39e90264f33305004495a9","hash":"744602cc1ae0e161edcbb6ca6dd5fb14504659f9"}
,"C:\\prgr\\orcid-member-services\\gateway\\src\\main\\webapp\\app\\admin\\configuration\\configuration.component.ts": {"path":"C:\\prgr\\orcid-member-services\\gateway\\src\\main\\webapp\\app\\admin\\configuration\\configuration.component.ts","statementMap":{"0":{"start":{"line":1,"column":0},"end":{"line":1,"column":50}},"1":{"start":{"line":3,"column":0},"end":{"line":3,"column":66}},"2":{"start":{"line":9,"column":0},"end":{"line":43,"column":null}},"3":{"start":{"line":17,"column":22},"end":{"line":17,"column":44}},"4":{"start":{"line":10,"column":2},"end":{"line":10,"column":31}},"5":{"start":{"line":11,"column":2},"end":{"line":11,"column":28}},"6":{"start":{"line":18,"column":4},"end":{"line":18,"column":25}},"7":{"start":{"line":19,"column":4},"end":{"line":19,"column":21}},"8":{"start":{"line":20,"column":4},"end":{"line":20,"column":30}},"9":{"start":{"line":21,"column":4},"end":{"line":21,"column":25}},"10":{"start":{"line":25,"column":4},"end":{"line":25,"column":55}},"11":{"start":{"line":29,"column":4},"end":{"line":37,"column":7}},"12":{"start":{"line":30,"column":6},"end":{"line":30,"column":41}},"13":{"start":{"line":32,"column":6},"end":{"line":36,"column":null}},"14":{"start":{"line":33,"column":8},"end":{"line":35,"column":null}},"15":{"start":{"line":34,"column":10},"end":{"line":34,"column":63}},"16":{"start":{"line":39,"column":4},"end":{"line":41,"column":7}},"17":{"start":{"line":40,"column":6},"end":{"line":40,"column":44}},"18":{"start":{"line":9,"column":13},"end":{"line":43,"column":null}},"19":{"start":{"line":9,"column":13},"end":{"line":9,"column":38}}},"fnMap":{"0":{"name":"(anonymous_0)","decl":{"start":{"line":17,"column":2},"end":{"line":17,"column":22}},"loc":{"start":{"line":17,"column":67},"end":{"line":22,"column":3}}},"1":{"name":"(anonymous_1)","decl":{"start":{"line":24,"column":2},"end":{"line":24,"column":6}},"loc":{"start":{"line":24,"column":11},"end":{"line":26,"column":3}}},"2":{"name":"(anonymous_2)","decl":{"start":{"line":28,"column":2},"end":{"line":28,"column":10}},"loc":{"start":{"line":28,"column":10},"end":{"line":42,"column":3}}},"3":{"name":"(anonymous_3)","decl":{"start":{"line":29,"column":46},"end":{"line":29,"column":59}},"loc":{"start":{"line":29,"column":62},"end":{"line":37,"column":5}}},"4":{"name":"(anonymous_4)","decl":{"start":{"line":39,"column":49},"end":{"line":39,"column":62}},"loc":{"start":{"line":39,"column":65},"end":{"line":41,"column":5}}}},"branchMap":{"0":{"loc":{"start":{"line":25,"column":11},"end":{"line":25,"column":54}},"type":"cond-expr","locations":[{"start":{"line":25,"column":32},"end":{"line":25,"column":34}},{"start":{"line":25,"column":37},"end":{"line":25,"column":54}}]},"1":{"loc":{"start":{"line":33,"column":8},"end":{"line":35,"column":null}},"type":"if","locations":[{"start":{"line":33,"column":8},"end":{"line":35,"column":null}}]}},"s":{"0":2,"1":2,"2":2,"3":3,"4":3,"5":3,"6":3,"7":3,"8":3,"9":3,"10":2,"11":1,"12":1,"13":1,"14":2,"15":1,"16":1,"17":1,"18":2,"19":2},"f":{"0":3,"1":2,"2":1,"3":1,"4":1},"b":{"0":[1,1],"1":[1]}}
,"C:\\prgr\\orcid-member-services\\gateway\\src\\main\\webapp\\app\\admin\\configuration\\configuration.route.ts": {"path":"C:\\prgr\\orcid-member-services\\gateway\\src\\main\\webapp\\app\\admin\\configuration\\configuration.route.ts","statementMap":{"0":{"start":{"line":3,"column":0},"end":{"line":3,"column":70}},"1":{"start":{"line":5,"column":13},"end":{"line":11,"column":2}}},"fnMap":{},"branchMap":{},"s":{"0":1,"1":1},"f":{},"b":{}}
,"C:\\prgr\\orcid-member-services\\gateway\\src\\main\\webapp\\app\\admin\\configuration\\configuration.service.ts": {"path":"C:\\prgr\\orcid-member-services\\gateway\\src\\main\\webapp\\app\\admin\\configuration\\configuration.service.ts","statementMap":{"0":{"start":{"line":1,"column":0},"end":{"line":1,"column":43}},"1":{"start":{"line":2,"column":0},"end":{"line":2,"column":64}},"2":{"start":{"line":4,"column":0},"end":{"line":4,"column":37}},"3":{"start":{"line":6,"column":0},"end":{"line":6,"column":51}},"4":{"start":{"line":9,"column":0},"end":{"line":67,"column":null}},"5":{"start":{"line":10,"column":22},"end":{"line":10,"column":28}},"6":{"start":{"line":13,"column":4},"end":{"line":27,"column":6}},"7":{"start":{"line":15,"column":34},"end":{"line":15,"column":36}},"8":{"start":{"line":16,"column":33},"end":{"line":16,"column":74}},"9":{"start":{"line":17,"column":8},"end":{"line":21,"column":null}},"10":{"start":{"line":18,"column":10},"end":{"line":20,"column":null}},"11":{"start":{"line":19,"column":12},"end":{"line":19,"column":51}},"12":{"start":{"line":23,"column":8},"end":{"line":25,"column":11}},"13":{"start":{"line":24,"column":10},"end":{"line":24,"column":106}},"14":{"start":{"line":32,"column":4},"end":{"line":41,"column":null}},"15":{"start":{"line":33,"column":6},"end":{"line":40,"column":null}},"16":{"start":{"line":37,"column":8},"end":{"line":39,"column":null}},"17":{"start":{"line":38,"column":10},"end":{"line":38,"column":47}},"18":{"start":{"line":43,"column":4},"end":{"line":43,"column":47}},"19":{"start":{"line":47,"column":4},"end":{"line":65,"column":6}},"20":{"start":{"line":49,"column":32},"end":{"line":49,"column":34}},"21":{"start":{"line":50,"column":32},"end":{"line":50,"column":59}},"22":{"start":{"line":52,"column":8},"end":{"line":62,"column":null}},"23":{"start":{"line":53,"column":23},"end":{"line":53,"column":45}},"24":{"start":{"line":54,"column":35},"end":{"line":54,"column":63}},"25":{"start":{"line":55,"column":30},"end":{"line":55,"column":32}},"26":{"start":{"line":56,"column":10},"end":{"line":60,"column":null}},"27":{"start":{"line":57,"column":12},"end":{"line":59,"column":null}},"28":{"start":{"line":58,"column":14},"end":{"line":58,"column":87}},"29":{"start":{"line":61,"column":10},"end":{"line":61,"column":34}},"30":{"start":{"line":63,"column":8},"end":{"line":63,"column":26}},"31":{"start":{"line":9,"column":13},"end":{"line":67,"column":null}},"32":{"start":{"line":9,"column":13},"end":{"line":9,"column":36}}},"fnMap":{"0":{"name":"(anonymous_0)","decl":{"start":{"line":10,"column":2},"end":{"line":10,"column":22}},"loc":{"start":{"line":10,"column":38},"end":{"line":10,"column":42}}},"1":{"name":"(anonymous_1)","decl":{"start":{"line":12,"column":2},"end":{"line":12,"column":5}},"loc":{"start":{"line":12,"column":5},"end":{"line":28,"column":3}}},"2":{"name":"(anonymous_2)","decl":{"start":{"line":14,"column":10},"end":{"line":14,"column":11}},"loc":{"start":{"line":14,"column":37},"end":{"line":26,"column":7}}},"3":{"name":"(anonymous_3)","decl":{"start":{"line":23,"column":31},"end":{"line":23,"column":32}},"loc":{"start":{"line":23,"column":56},"end":{"line":25,"column":9}}},"4":{"name":"(anonymous_4)","decl":{"start":{"line":30,"column":2},"end":{"line":30,"column":28}},"loc":{"start":{"line":30,"column":40},"end":{"line":44,"column":3}}},"5":{"name":"(anonymous_5)","decl":{"start":{"line":46,"column":2},"end":{"line":46,"column":8}},"loc":{"start":{"line":46,"column":8},"end":{"line":66,"column":3}}},"6":{"name":"(anonymous_6)","decl":{"start":{"line":48,"column":10},"end":{"line":48,"column":11}},"loc":{"start":{"line":48,"column":37},"end":{"line":64,"column":7}}}},"branchMap":{"0":{"loc":{"start":{"line":18,"column":10},"end":{"line":20,"column":null}},"type":"if","locations":[{"start":{"line":18,"column":10},"end":{"line":20,"column":null}}]},"1":{"loc":{"start":{"line":24,"column":17},"end":{"line":24,"column":105}},"type":"cond-expr","locations":[{"start":{"line":24,"column":57},"end":{"line":24,"column":58}},{"start":{"line":24,"column":61},"end":{"line":24,"column":105}}]},"2":{"loc":{"start":{"line":24,"column":61},"end":{"line":24,"column":105}},"type":"cond-expr","locations":[{"start":{"line":24,"column":99},"end":{"line":24,"column":101}},{"start":{"line":24,"column":104},"end":{"line":24,"column":105}}]},"3":{"loc":{"start":{"line":32,"column":4},"end":{"line":41,"column":null}},"type":"if","locations":[{"start":{"line":32,"column":4},"end":{"line":41,"column":null}}]},"4":{"loc":{"start":{"line":37,"column":8},"end":{"line":39,"column":null}},"type":"if","locations":[{"start":{"line":37,"column":8},"end":{"line":39,"column":null}}]},"5":{"loc":{"start":{"line":57,"column":12},"end":{"line":59,"column":null}},"type":"if","locations":[{"start":{"line":57,"column":12},"end":{"line":59,"column":null}}]}},"s":{"0":3,"1":3,"2":3,"3":3,"4":3,"5":6,"6":2,"7":1,"8":1,"9":1,"10":1,"11":1,"12":1,"13":0,"14":1,"15":1,"16":1,"17":1,"18":0,"19":1,"20":1,"21":1,"22":1,"23":1,"24":1,"25":1,"26":1,"27":1,"28":1,"29":1,"30":1,"31":3,"32":3},"f":{"0":6,"1":2,"2":1,"3":0,"4":1,"5":1,"6":1},"b":{"0":[1],"1":[0,0],"2":[0,0],"3":[1],"4":[1],"5":[1]}}
,"C:\\prgr\\orcid-member-services\\gateway\\src\\main\\webapp\\app\\admin\\docs\\docs.component.html": {"path":"C:\\prgr\\orcid-member-services\\gateway\\src\\main\\webapp\\app\\admin\\docs\\docs.component.html","statementMap":{"0":{"start":{"line":1,"column":0},"end":{"line":1,"column":170}}},"fnMap":{},"branchMap":{},"s":{"0":1},"f":{},"b":{},"inputSourceMap":null,"_coverageSchema":"1a1c01bbd47fc00a2c39e90264f33305004495a9","hash":"df9d6b053b7c066b48cbb2b807ecddc0f8655050"}
,"C:\\prgr\\orcid-member-services\\gateway\\src\\main\\webapp\\app\\admin\\docs\\docs.component.ts": {"path":"C:\\prgr\\orcid-member-services\\gateway\\src\\main\\webapp\\app\\admin\\docs\\docs.component.ts","statementMap":{"0":{"start":{"line":1,"column":0},"end":{"line":1,"column":42}},"1":{"start":{"line":7,"column":0},"end":{"line":9,"column":null}},"2":{"start":{"line":7,"column":13},"end":{"line":9,"column":null}},"3":{"start":{"line":7,"column":13},"end":{"line":7,"column":29}}},"fnMap":{"0":{"name":"(anonymous_0)","decl":{"start":{"line":8,"column":2},"end":{"line":8,"column":17}},"loc":{"start":{"line":8,"column":2},"end":{"line":8,"column":18}}}},"branchMap":{},"s":{"0":1,"1":1,"2":1,"3":1},"f":{"0":0},"b":{}}
,"C:\\prgr\\orcid-member-services\\gateway\\src\\main\\webapp\\app\\admin\\docs\\docs.route.ts": {"path":"C:\\prgr\\orcid-member-services\\gateway\\src\\main\\webapp\\app\\admin\\docs\\docs.route.ts","statementMap":{"0":{"start":{"line":3,"column":0},"end":{"line":3,"column":52}},"1":{"start":{"line":5,"column":13},"end":{"line":11,"column":2}}},"fnMap":{},"branchMap":{},"s":{"0":1,"1":1},"f":{},"b":{}}
,"C:\\prgr\\orcid-member-services\\gateway\\src\\main\\webapp\\app\\admin\\gateway\\gateway-route.model.ts": {"path":"C:\\prgr\\orcid-member-services\\gateway\\src\\main\\webapp\\app\\admin\\gateway\\gateway-route.model.ts","statementMap":{"0":{"start":{"line":2,"column":21},"end":{"line":2,"column":33}},"1":{"start":{"line":2,"column":42},"end":{"line":2,"column":59}},"2":{"start":{"line":2,"column":68},"end":{"line":2,"column":91}},"3":{"start":{"line":1,"column":0},"end":{"line":1,"column":13}}},"fnMap":{"0":{"name":"(anonymous_0)","decl":{"start":{"line":2,"column":2},"end":{"line":2,"column":21}},"loc":{"start":{"line":2,"column":91},"end":{"line":2,"column":95}}}},"branchMap":{},"s":{"0":0,"1":0,"2":0,"3":1},"f":{"0":0},"b":{}}
,"C:\\prgr\\orcid-member-services\\gateway\\src\\main\\webapp\\app\\admin\\gateway\\gateway-routes.service.ts": {"path":"C:\\prgr\\orcid-member-services\\gateway\\src\\main\\webapp\\app\\admin\\gateway\\gateway-routes.service.ts","statementMap":{"0":{"start":{"line":1,"column":0},"end":{"line":1,"column":43}},"1":{"start":{"line":2,"column":0},"end":{"line":2,"column":50}},"2":{"start":{"line":5,"column":0},"end":{"line":5,"column":51}},"3":{"start":{"line":9,"column":0},"end":{"line":15,"column":null}},"4":{"start":{"line":10,"column":22},"end":{"line":10,"column":28}},"5":{"start":{"line":13,"column":4},"end":{"line":13,"column":81}},"6":{"start":{"line":9,"column":13},"end":{"line":15,"column":null}},"7":{"start":{"line":9,"column":13},"end":{"line":9,"column":33}}},"fnMap":{"0":{"name":"(anonymous_0)","decl":{"start":{"line":10,"column":2},"end":{"line":10,"column":22}},"loc":{"start":{"line":10,"column":38},"end":{"line":10,"column":42}}},"1":{"name":"(anonymous_1)","decl":{"start":{"line":12,"column":2},"end":{"line":12,"column":9}},"loc":{"start":{"line":12,"column":9},"end":{"line":14,"column":3}}}},"branchMap":{},"s":{"0":1,"1":1,"2":1,"3":1,"4":0,"5":0,"6":1,"7":1},"f":{"0":0,"1":0},"b":{}}
,"C:\\prgr\\orcid-member-services\\gateway\\src\\main\\webapp\\app\\admin\\gateway\\gateway.component.html": {"path":"C:\\prgr\\orcid-member-services\\gateway\\src\\main\\webapp\\app\\admin\\gateway\\gateway.component.html","statementMap":{"0":{"start":{"line":1,"column":0},"end":{"line":1,"column":2968}}},"fnMap":{},"branchMap":{},"s":{"0":1},"f":{},"b":{},"inputSourceMap":null,"_coverageSchema":"1a1c01bbd47fc00a2c39e90264f33305004495a9","hash":"260f5a4adad4d5645a6972132ca593549d2e41f9"}
,"C:\\prgr\\orcid-member-services\\gateway\\src\\main\\webapp\\app\\admin\\gateway\\gateway.component.ts": {"path":"C:\\prgr\\orcid-member-services\\gateway\\src\\main\\webapp\\app\\admin\\gateway\\gateway.component.ts","statementMap":{"0":{"start":{"line":1,"column":0},"end":{"line":1,"column":50}},"1":{"start":{"line":3,"column":0},"end":{"line":3,"column":64}},"2":{"start":{"line":11,"column":0},"end":{"line":28,"column":null}},"3":{"start":{"line":15,"column":22},"end":{"line":15,"column":44}},"4":{"start":{"line":18,"column":4},"end":{"line":18,"column":19}},"5":{"start":{"line":22,"column":4},"end":{"line":22,"column":31}},"6":{"start":{"line":23,"column":4},"end":{"line":26,"column":7}},"7":{"start":{"line":24,"column":6},"end":{"line":24,"column":41}},"8":{"start":{"line":25,"column":6},"end":{"line":25,"column":34}},"9":{"start":{"line":11,"column":13},"end":{"line":28,"column":null}},"10":{"start":{"line":11,"column":13},"end":{"line":11,"column":32}}},"fnMap":{"0":{"name":"(anonymous_0)","decl":{"start":{"line":15,"column":2},"end":{"line":15,"column":22}},"loc":{"start":{"line":15,"column":64},"end":{"line":15,"column":68}}},"1":{"name":"(anonymous_1)","decl":{"start":{"line":17,"column":2},"end":{"line":17,"column":10}},"loc":{"start":{"line":17,"column":10},"end":{"line":19,"column":3}}},"2":{"name":"(anonymous_2)","decl":{"start":{"line":21,"column":2},"end":{"line":21,"column":9}},"loc":{"start":{"line":21,"column":9},"end":{"line":27,"column":3}}},"3":{"name":"(anonymous_3)","decl":{"start":{"line":23,"column":50},"end":{"line":23,"column":63}},"loc":{"start":{"line":23,"column":66},"end":{"line":26,"column":5}}}},"branchMap":{},"s":{"0":1,"1":1,"2":1,"3":0,"4":0,"5":0,"6":0,"7":0,"8":0,"9":1,"10":1},"f":{"0":0,"1":0,"2":0,"3":0},"b":{}}
,"C:\\prgr\\orcid-member-services\\gateway\\src\\main\\webapp\\app\\admin\\gateway\\gateway.route.ts": {"path":"C:\\prgr\\orcid-member-services\\gateway\\src\\main\\webapp\\app\\admin\\gateway\\gateway.route.ts","statementMap":{"0":{"start":{"line":3,"column":0},"end":{"line":3,"column":58}},"1":{"start":{"line":5,"column":13},"end":{"line":11,"column":2}}},"fnMap":{},"branchMap":{},"s":{"0":1,"1":1},"f":{},"b":{}}
,"C:\\prgr\\orcid-member-services\\gateway\\src\\main\\webapp\\app\\admin\\health\\health-modal.component.html": {"path":"C:\\prgr\\orcid-member-services\\gateway\\src\\main\\webapp\\app\\admin\\health\\health-modal.component.html","statementMap":{"0":{"start":{"line":1,"column":0},"end":{"line":1,"column":1802}}},"fnMap":{},"branchMap":{},"s":{"0":2},"f":{},"b":{},"inputSourceMap":null,"_coverageSchema":"1a1c01bbd47fc00a2c39e90264f33305004495a9","hash":"2cfd24a05d31f32924b43d6d31a4b39fbde005fa"}
,"C:\\prgr\\orcid-member-services\\gateway\\src\\main\\webapp\\app\\admin\\health\\health-modal.component.ts": {"path":"C:\\prgr\\orcid-member-services\\gateway\\src\\main\\webapp\\app\\admin\\health\\health-modal.component.ts","statementMap":{"0":{"start":{"line":1,"column":0},"end":{"line":1,"column":42}},"1":{"start":{"line":2,"column":0},"end":{"line":2,"column":60}},"2":{"start":{"line":4,"column":0},"end":{"line":4,"column":52}},"3":{"start":{"line":10,"column":0},"end":{"line":41,"column":null}},"4":{"start":{"line":13,"column":22},"end":{"line":13,"column":37}},"5":{"start":{"line":13,"column":62},"end":{"line":13,"column":75}},"6":{"start":{"line":16,"column":4},"end":{"line":16,"column":48}},"7":{"start":{"line":20,"column":4},"end":{"line":20,"column":53}},"8":{"start":{"line":24,"column":4},"end":{"line":33,"column":null}},"9":{"start":{"line":26,"column":18},"end":{"line":26,"column":36}},"10":{"start":{"line":27,"column":6},"end":{"line":32,"column":null}},"11":{"start":{"line":29,"column":8},"end":{"line":29,"column":38}},"12":{"start":{"line":31,"column":8},"end":{"line":31,"column":52}},"13":{"start":{"line":35,"column":4},"end":{"line":39,"column":null}},"14":{"start":{"line":36,"column":6},"end":{"line":36,"column":35}},"15":{"start":{"line":38,"column":6},"end":{"line":38,"column":30}},"16":{"start":{"line":10,"column":13},"end":{"line":41,"column":null}},"17":{"start":{"line":10,"column":13},"end":{"line":10,"column":36}}},"fnMap":{"0":{"name":"(anonymous_0)","decl":{"start":{"line":13,"column":2},"end":{"line":13,"column":22}},"loc":{"start":{"line":13,"column":89},"end":{"line":13,"column":93}}},"1":{"name":"(anonymous_1)","decl":{"start":{"line":15,"column":2},"end":{"line":15,"column":10}},"loc":{"start":{"line":15,"column":15},"end":{"line":17,"column":3}}},"2":{"name":"(anonymous_2)","decl":{"start":{"line":19,"column":2},"end":{"line":19,"column":15}},"loc":{"start":{"line":19,"column":20},"end":{"line":21,"column":3}}},"3":{"name":"(anonymous_3)","decl":{"start":{"line":23,"column":2},"end":{"line":23,"column":15}},"loc":{"start":{"line":23,"column":29},"end":{"line":40,"column":3}}}},"branchMap":{"0":{"loc":{"start":{"line":24,"column":4},"end":{"line":33,"column":null}},"type":"if","locations":[{"start":{"line":24,"column":4},"end":{"line":33,"column":null}}]},"1":{"loc":{"start":{"line":27,"column":6},"end":{"line":32,"column":null}},"type":"if","locations":[{"start":{"line":27,"column":6},"end":{"line":32,"column":null}},{"start":{"line":30,"column":13},"end":{"line":32,"column":null}}]},"2":{"loc":{"start":{"line":35,"column":4},"end":{"line":39,"column":null}},"type":"if","locations":[{"start":{"line":35,"column":4},"end":{"line":39,"column":null}},{"start":{"line":37,"column":11},"end":{"line":39,"column":null}}]}},"s":{"0":2,"1":2,"2":2,"3":2,"4":0,"5":0,"6":0,"7":0,"8":0,"9":0,"10":0,"11":0,"12":0,"13":0,"14":0,"15":0,"16":2,"17":2},"f":{"0":0,"1":0,"2":0,"3":0},"b":{"0":[0],"1":[0,0],"2":[0,0]}}
,"C:\\prgr\\orcid-member-services\\gateway\\src\\main\\webapp\\app\\admin\\health\\health.component.html": {"path":"C:\\prgr\\orcid-member-services\\gateway\\src\\main\\webapp\\app\\admin\\health\\health.component.html","statementMap":{"0":{"start":{"line":1,"column":0},"end":{"line":1,"column":1758}}},"fnMap":{},"branchMap":{},"s":{"0":2},"f":{},"b":{},"inputSourceMap":null,"_coverageSchema":"1a1c01bbd47fc00a2c39e90264f33305004495a9","hash":"d14a2206d59010bd6a80cc761e8aed96fd82bb06"}
,"C:\\prgr\\orcid-member-services\\gateway\\src\\main\\webapp\\app\\admin\\health\\health.component.ts": {"path":"C:\\prgr\\orcid-member-services\\gateway\\src\\main\\webapp\\app\\admin\\health\\health.component.ts","statementMap":{"0":{"start":{"line":1,"column":0},"end":{"line":1,"column":50}},"1":{"start":{"line":2,"column":0},"end":{"line":2,"column":54}},"2":{"start":{"line":4,"column":0},"end":{"line":4,"column":52}},"3":{"start":{"line":5,"column":0},"end":{"line":5,"column":67}},"4":{"start":{"line":11,"column":0},"end":{"line":66,"column":null}},"5":{"start":{"line":15,"column":22},"end":{"line":15,"column":36}},"6":{"start":{"line":15,"column":54},"end":{"line":15,"column":69}},"7":{"start":{"line":18,"column":4},"end":{"line":18,"column":19}},"8":{"start":{"line":22,"column":4},"end":{"line":22,"column":48}},"9":{"start":{"line":26,"column":4},"end":{"line":30,"column":null}},"10":{"start":{"line":27,"column":6},"end":{"line":27,"column":29}},"11":{"start":{"line":29,"column":6},"end":{"line":29,"column":28}},"12":{"start":{"line":34,"column":4},"end":{"line":34,"column":31}},"13":{"start":{"line":36,"column":4},"end":{"line":47,"column":6}},"14":{"start":{"line":38,"column":8},"end":{"line":38,"column":73}},"15":{"start":{"line":39,"column":8},"end":{"line":39,"column":36}},"16":{"start":{"line":42,"column":8},"end":{"line":45,"column":null}},"17":{"start":{"line":43,"column":10},"end":{"line":43,"column":80}},"18":{"start":{"line":44,"column":10},"end":{"line":44,"column":38}},"19":{"start":{"line":51,"column":21},"end":{"line":51,"column":68}},"20":{"start":{"line":52,"column":4},"end":{"line":52,"column":54}},"21":{"start":{"line":53,"column":4},"end":{"line":60,"column":6}},"22":{"start":{"line":64,"column":4},"end":{"line":64,"column":53}},"23":{"start":{"line":11,"column":13},"end":{"line":66,"column":null}},"24":{"start":{"line":11,"column":13},"end":{"line":11,"column":36}}},"fnMap":{"0":{"name":"(anonymous_0)","decl":{"start":{"line":15,"column":2},"end":{"line":15,"column":22}},"loc":{"start":{"line":15,"column":85},"end":{"line":15,"column":89}}},"1":{"name":"(anonymous_1)","decl":{"start":{"line":17,"column":2},"end":{"line":17,"column":10}},"loc":{"start":{"line":17,"column":10},"end":{"line":19,"column":3}}},"2":{"name":"(anonymous_2)","decl":{"start":{"line":21,"column":2},"end":{"line":21,"column":10}},"loc":{"start":{"line":21,"column":23},"end":{"line":23,"column":3}}},"3":{"name":"(anonymous_3)","decl":{"start":{"line":25,"column":2},"end":{"line":25,"column":15}},"loc":{"start":{"line":25,"column":27},"end":{"line":31,"column":3}}},"4":{"name":"(anonymous_4)","decl":{"start":{"line":33,"column":2},"end":{"line":33,"column":9}},"loc":{"start":{"line":33,"column":9},"end":{"line":48,"column":3}}},"5":{"name":"(anonymous_5)","decl":{"start":{"line":37,"column":6},"end":{"line":37,"column":12}},"loc":{"start":{"line":37,"column":15},"end":{"line":40,"column":7}}},"6":{"name":"(anonymous_6)","decl":{"start":{"line":41,"column":6},"end":{"line":41,"column":11}},"loc":{"start":{"line":41,"column":14},"end":{"line":46,"column":7}}},"7":{"name":"(anonymous_7)","decl":{"start":{"line":50,"column":2},"end":{"line":50,"column":12}},"loc":{"start":{"line":50,"column":24},"end":{"line":61,"column":3}}},"8":{"name":"(anonymous_8)","decl":{"start":{"line":54,"column":6},"end":{"line":54,"column":12}},"loc":{"start":{"line":54,"column":15},"end":{"line":56,"column":7}}},"9":{"name":"(anonymous_9)","decl":{"start":{"line":57,"column":6},"end":{"line":57,"column":12}},"loc":{"start":{"line":57,"column":15},"end":{"line":59,"column":7}}},"10":{"name":"(anonymous_10)","decl":{"start":{"line":63,"column":2},"end":{"line":63,"column":15}},"loc":{"start":{"line":63,"column":28},"end":{"line":65,"column":3}}}},"branchMap":{"0":{"loc":{"start":{"line":26,"column":4},"end":{"line":30,"column":null}},"type":"if","locations":[{"start":{"line":26,"column":4},"end":{"line":30,"column":null}},{"start":{"line":28,"column":11},"end":{"line":30,"column":null}}]},"1":{"loc":{"start":{"line":42,"column":8},"end":{"line":45,"column":null}},"type":"if","locations":[{"start":{"line":42,"column":8},"end":{"line":45,"column":null}}]}},"s":{"0":2,"1":2,"2":2,"3":2,"4":2,"5":12,"6":12,"7":1,"8":2,"9":2,"10":1,"11":1,"12":2,"13":2,"14":1,"15":1,"16":1,"17":1,"18":1,"19":0,"20":0,"21":0,"22":2,"23":2,
[...]
,"C:\\prgr\\orcid-member-services\\gateway\\src\\main\\webapp\\app\\shared\\model\\assertion.model.ts": {"path":"C:\\prgr\\orcid-member-services\\gateway\\src\\main\\webapp\\app\\shared\\model\\assertion.model.ts","statementMap":{"0":{"start":{"line":55,"column":11},"end":{"line":55,"column":22}},"1":{"start":{"line":56,"column":11},"end":{"line":56,"column":32}},"2":{"start":{"line":57,"column":11},"end":{"line":57,"column":50}},"3":{"start":{"line":58,"column":11},"end":{"line":58,"column":27}},"4":{"start":{"line":59,"column":11},"end":{"line":59,"column":36}},"5":{"start":{"line":60,"column":11},"end":{"line":60,"column":34}},"6":{"start":{"line":61,"column":11},"end":{"line":61,"column":38}},"7":{"start":{"line":62,"column":11},"end":{"line":62,"column":40}},"8":{"start":{"line":63,"column":11},"end":{"line":63,"column":25}},"9":{"start":{"line":64,"column":11},"end":{"line":64,"column":26}},"10":{"start":{"line":65,"column":11},"end":{"line":65,"column":28}},"11":{"start":{"line":66,"column":11},"end":{"line":66,"column":27}},"12":{"start":{"line":67,"column":11},"end":{"line":67,"column":30}},"13":{"start":{"line":68,"column":11},"end":{"line":68,"column":34}},"14":{"start":{"line":69,"column":11},"end":{"line":69,"column":33}},"15":{"start":{"line":70,"column":11},"end":{"line":70,"column":28}},"16":{"start":{"line":71,"column":11},"end":{"line":71,"column":30}},"17":{"start":{"line":72,"column":11},"end":{"line":72,"column":27}},"18":{"start":{"line":73,"column":11},"end":{"line":73,"column":27}},"19":{"start":{"line":74,"column":11},"end":{"line":74,"column":30}},"20":{"start":{"line":75,"column":11},"end":{"line":75,"column":27}},"21":{"start":{"line":76,"column":11},"end":{"line":76,"column":29}},"22":{"start":{"line":77,"column":11},"end":{"line":77,"column":27}},"23":{"start":{"line":78,"column":11},"end":{"line":78,"column":27}},"24":{"start":{"line":79,"column":11},"end":{"line":79,"column":29}},"25":{"start":{"line":80,"column":11},"end":{"line":80,"column":32}},"26":{"start":{"line":81,"column":11},"end":{"line":81,"column":30}},"27":{"start":{"line":82,"column":11},"end":{"line":82,"column":28}},"28":{"start":{"line":83,"column":11},"end":{"line":83,"column":29}},"29":{"start":{"line":84,"column":11},"end":{"line":84,"column":26}},"30":{"start":{"line":85,"column":11},"end":{"line":85,"column":28}},"31":{"start":{"line":86,"column":11},"end":{"line":86,"column":34}},"32":{"start":{"line":87,"column":11},"end":{"line":87,"column":23}},"33":{"start":{"line":88,"column":11},"end":{"line":88,"column":34}},"34":{"start":{"line":89,"column":11},"end":{"line":89,"column":34}},"35":{"start":{"line":90,"column":11},"end":{"line":90,"column":32}},"36":{"start":{"line":91,"column":11},"end":{"line":91,"column":36}},"37":{"start":{"line":93,"column":4},"end":{"line":93,"column":50}},"38":{"start":{"line":94,"column":4},"end":{"line":94,"column":40}},"39":{"start":{"line":95,"column":4},"end":{"line":95,"column":54}},"40":{"start":{"line":96,"column":4},"end":{"line":96,"column":54}},"41":{"start":{"line":53,"column":0},"end":{"line":53,"column":13}}},"fnMap":{"0":{"name":"(anonymous_0)","decl":{"start":{"line":54,"column":2},"end":{"line":54,"column":null}},"loc":{"start":{"line":91,"column":36},"end":{"line":97,"column":3}}}},"branchMap":{"0":{"loc":{"start":{"line":93,"column":24},"end":{"line":93,"column":49}},"type":"binary-expr","locations":[{"start":{"line":93,"column":24},"end":{"line":93,"column":41}},{"start":{"line":93,"column":45},"end":{"line":93,"column":49}}]},"1":{"loc":{"start":{"line":94,"column":19},"end":{"line":94,"column":39}},"type":"binary-expr","locations":[{"start":{"line":94,"column":19},"end":{"line":94,"column":31}},{"start":{"line":94,"column":35},"end":{"line":94,"column":39}}]},"2":{"loc":{"start":{"line":95,"column":26},"end":{"line":95,"column":53}},"type":"binary-expr","locations":[{"start":{"line":95,"column":26},"end":{"line":95,"column":45}},{"start":{"line":95,"column":49},"end":{"line":95,"column":53}}]},"3":{"loc":{"start":{"line":96,"column":26},"end":{"line":96,"column":53}},"type":"binary-expr","locations":[{"start":{"line":96,"column":26},"end":{"line":96,"column":45}},{"start":{"line":96,"column":49},"end":{"line":96,"column":53}}]}},"s":{"0":11,"1":11,"2":11,"3":11,"4":11,"5":11,"6":11,"7":11,"8":11,"9":11,"10":11,"11":11,"12":11,"13":11,"14":11,"15":11,"16":11,"17":11,"18":11,"19":11,"20":11,"21":11,"22":11,"23":11,"24":11,"25":11,"26":11,"27":11,"28":11,"29":11,"30":11,"31":11,"32":11,"33":11,"34":11,"35":11,"36":11,"37":11,"38":11,"39":11,"40":11,"41":4},"f":{"0":11},"b":{"0":[11,11],"1":[11,11],"2":[11,11],"3":[11,11]}}
,"C:\\prgr\\orcid-member-services\\gateway\\src\\main\\webapp\\app\\shared\\model\\member.model.ts": {"path":"C:\\prgr\\orcid-member-services\\gateway\\src\\main\\webapp\\app\\shared\\model\\member.model.ts","statementMap":{"0":{"start":{"line":23,"column":11},"end":{"line":23,"column":22}},"1":{"start":{"line":24,"column":11},"end":{"line":24,"column":28}},"2":{"start":{"line":25,"column":11},"end":{"line":25,"column":30}},"3":{"start":{"line":26,"column":11},"end":{"line":26,"column":32}},"4":{"start":{"line":27,"column":11},"end":{"line":27,"column":32}},"5":{"start":{"line":28,"column":11},"end":{"line":28,"column":38}},"6":{"start":{"line":29,"column":11},"end":{"line":29,"column":37}},"7":{"start":{"line":30,"column":11},"end":{"line":30,"column":38}},"8":{"start":{"line":31,"column":11},"end":{"line":31,"column":44}},"9":{"start":{"line":32,"column":11},"end":{"line":32,"column":29}},"10":{"start":{"line":33,"column":11},"end":{"line":33,"column":31}},"11":{"start":{"line":34,"column":11},"end":{"line":34,"column":34}},"12":{"start":{"line":35,"column":11},"end":{"line":35,"column":36}},"13":{"start":{"line":36,"column":11},"end":{"line":36,"column":24}},"14":{"start":{"line":37,"column":11},"end":{"line":37,"column":26}},"15":{"start":{"line":39,"column":4},"end":{"line":39,"column":59}},"16":{"start":{"line":40,"column":4},"end":{"line":40,"column":61}},"17":{"start":{"line":41,"column":4},"end":{"line":41,"column":73}},"18":{"start":{"line":21,"column":0},"end":{"line":21,"column":13}}},"fnMap":{"0":{"name":"(anonymous_0)","decl":{"start":{"line":22,"column":2},"end":{"line":22,"column":null}},"loc":{"start":{"line":37,"column":26},"end":{"line":42,"column":3}}}},"branchMap":{"0":{"loc":{"start":{"line":39,"column":28},"end":{"line":39,"column":58}},"type":"binary-expr","locations":[{"start":{"line":39,"column":28},"end":{"line":39,"column":49}},{"start":{"line":39,"column":53},"end":{"line":39,"column":58}}]},"1":{"loc":{"start":{"line":40,"column":29},"end":{"line":40,"column":60}},"type":"binary-expr","locations":[{"start":{"line":40,"column":29},"end":{"line":40,"column":51}},{"start":{"line":40,"column":55},"end":{"line":40,"column":60}}]},"2":{"loc":{"start":{"line":41,"column":35},"end":{"line":41,"column":72}},"type":"binary-expr","locations":[{"start":{"line":41,"column":35},"end":{"line":41,"column":63}},{"start":{"line":41,"column":67},"end":{"line":41,"column":72}}]}},"s":{"0":11,"1":11,"2":11,"3":11,"4":11,"5":11,"6":11,"7":11,"8":11,"9":11,"10":11,"11":11,"12":11,"13":11,"14":11,"15":11,"16":11,"17":11,"18":4},"f":{"0":11},"b":{"0":[11,11],"1":[11,11],"2":[11,11]}}
,"C:\\prgr\\orcid-member-services\\gateway\\src\\main\\webapp\\app\\shared\\model\\user.model.ts": {"path":"C:\\prgr\\orcid-member-services\\gateway\\src\\main\\webapp\\app\\shared\\model\\user.model.ts","statementMap":{"0":{"start":{"line":31,"column":11},"end":{"line":31,"column":22}},"1":{"start":{"line":32,"column":11},"end":{"line":32,"column":25}},"2":{"start":{"line":33,"column":11},"end":{"line":33,"column":29}},"3":{"start":{"line":34,"column":11},"end":{"line":34,"column":28}},"4":{"start":{"line":35,"column":11},"end":{"line":35,"column":32}},"5":{"start":{"line":36,"column":11},"end":{"line":36,"column":32}},"6":{"start":{"line":37,"column":11},"end":{"line":37,"column":30}},"7":{"start":{"line":38,"column":11},"end":{"line":38,"column":38}},"8":{"start":{"line":39,"column":11},"end":{"line":39,"column":29}},"9":{"start":{"line":40,"column":11},"end":{"line":40,"column":31}},"10":{"start":{"line":41,"column":11},"end":{"line":41,"column":34}},"11":{"start":{"line":42,"column":11},"end":{"line":42,"column":30}},"12":{"start":{"line":43,"column":11},"end":{"line":43,"column":28}},"13":{"start":{"line":44,"column":11},"end":{"line":44,"column":36}},"14":{"start":{"line":45,"column":11},"end":{"line":45,"column":31}},"15":{"start":{"line":47,"column":4},"end":{"line":47,"column":41}},"16":{"start":{"line":48,"column":4},"end":{"line":48,"column":49}},"17":{"start":{"line":49,"column":4},"end":{"line":49,"column":45}},"18":{"start":{"line":50,"column":4},"end":{"line":50,"column":47}},"19":{"start":{"line":29,"column":0},"end":{"line":29,"column":13}}},"fnMap":{"0":{"name":"(anonymous_0)","decl":{"start":{"line":30,"column":2},"end":{"line":30,"column":null}},"loc":{"start":{"line":45,"column":31},"end":{"line":51,"column":3}}}},"branchMap":{"0":{"loc":{"start":{"line":47,"column":19},"end":{"line":47,"column":40}},"type":"binary-expr","locations":[{"start":{"line":47,"column":19},"end":{"line":47,"column":31}},{"start":{"line":47,"column":35},"end":{"line":47,"column":40}}]},"1":{"loc":{"start":{"line":48,"column":23},"end":{"line":48,"column":48}},"type":"binary-expr","locations":[{"start":{"line":48,"column":23},"end":{"line":48,"column":39}},{"start":{"line":48,"column":43},"end":{"line":48,"column":48}}]},"2":{"loc":{"start":{"line":49,"column":21},"end":{"line":49,"column":44}},"type":"binary-expr","locations":[{"start":{"line":49,"column":21},"end":{"line":49,"column":35}},{"start":{"line":49,"column":39},"end":{"line":49,"column":44}}]},"3":{"loc":{"start":{"line":50,"column":22},"end":{"line":50,"column":46}},"type":"binary-expr","locations":[{"start":{"line":50,"column":22},"end":{"line":50,"column":37}},{"start":{"line":50,"column":41},"end":{"line":50,"column":46}}]}},"s":{"0":9,"1":9,"2":9,"3":9,"4":9,"5":9,"6":9,"7":9,"8":9,"9":9,"10":9,"11":9,"12":9,"13":9,"14":9,"15":9,"16":9,"17":9,"18":9,"19":4},"f":{"0":9},"b":{"0":[9,9],"1":[9,9],"2":[9,9],"3":[9,9]}}
,"C:\\prgr\\orcid-member-services\\gateway\\src\\main\\webapp\\app\\shared\\util\\app-validators.ts": {"path":"C:\\prgr\\orcid-member-services\\gateway\\src\\main\\webapp\\app\\shared\\util\\app-validators.ts","statementMap":{"0":{"start":{"line":4,"column":22},"end":{"line":4,"column":164}},"1":{"start":{"line":5,"column":2},"end":{"line":7,"column":null}},"2":{"start":{"line":6,"column":4},"end":{"line":6,"column":34}},"3":{"start":{"line":3,"column":0},"end":{"line":3,"column":16}}},"fnMap":{"0":{"name":"emailValidator","decl":{"start":{"line":3,"column":16},"end":{"line":3,"column":30}},"loc":{"start":{"line":3,"column":51},"end":{"line":8,"column":1}}}},"branchMap":{"0":{"loc":{"start":{"line":5,"column":2},"end":{"line":7,"column":null}},"type":"if","locations":[{"start":{"line":5,"column":2},"end":{"line":7,"column":null}}]},"1":{"loc":{"start":{"line":5,"column":6},"end":{"line":5,"column":55}},"type":"binary-expr","locations":[{"start":{"line":5,"column":6},"end":{"line":5,"column":19}},{"start":{"line":5,"column":23},"end":{"line":5,"column":55}}]}},"s":{"0":4,"1":4,"2":0,"3":1},"f":{"0":4},"b":{"0":[0],"1":[4,0]}}
,"C:\\prgr\\orcid-member-services\\gateway\\src\\main\\webapp\\app\\shared\\util\\date-util.service.ts": {"path":"C:\\prgr\\orcid-member-services\\gateway\\src\\main\\webapp\\app\\shared\\util\\date-util.service.ts","statementMap":{"0":{"start":{"line":1,"column":0},"end":{"line":1,"column":43}},"1":{"start":{"line":2,"column":0},"end":{"line":2,"column":33}},"2":{"start":{"line":3,"column":0},"end":{"line":3,"column":81}},"3":{"start":{"line":6,"column":0},"end":{"line":41,"column":null}},"4":{"start":{"line":8,"column":22},"end":{"line":8,"column":24}},"5":{"start":{"line":9,"column":26},"end":{"line":9,"column":63}},"6":{"start":{"line":10,"column":24},"end":{"line":10,"column":58}},"7":{"start":{"line":12,"column":8},"end":{"line":15,"column":null}},"8":{"start":{"line":13,"column":8},"end":{"line":13,"column":45}},"9":{"start":{"line":14,"column":8},"end":{"line":14,"column":33}},"10":{"start":{"line":16,"column":8},"end":{"line":16,"column":32}},"11":{"start":{"line":20,"column":23},"end":{"line":20,"column":38}},"12":{"start":{"line":21,"column":28},"end":{"line":21,"column":30}},"13":{"start":{"line":22,"column":8},"end":{"line":24,"column":null}},"14":{"start":{"line":22,"column":22},"end":{"line":22,"column":23}},"15":{"start":{"line":23,"column":12},"end":{"line":23,"column":80}},"16":{"start":{"line":25,"column":8},"end":{"line":25,"column":28}},"17":{"start":{"line":30,"column":8},"end":{"line":34,"column":null}},"18":{"start":{"line":31,"column":12},"end":{"line":31,"column":78}},"19":{"start":{"line":33,"column":12},"end":{"line":33,"column":49}},"20":{"start":{"line":35,"column":21},"end":{"line":35,"column":23}},"21":{"start":{"line":36,"column":8},"end":{"line":38,"column":null}},"22":{"start":{"line":36,"column":22},"end":{"line":36,"column":23}},"23":{"start":{"line":37,"column":12},"end":{"line":37,"column":55}},"24":{"start":{"line":39,"column":8},"end":{"line":39,"column":21}},"25":{"start":{"line":6,"column":13},"end":{"line":41,"column":null}},"26":{"start":{"line":6,"column":13},"end":{"line":6,"column":28}}},"fnMap":{"0":{"name":"(anonymous_0)","decl":{"start":{"line":7,"column":4},"end":{"line":7,"column":16}},"loc":{"start":{"line":7,"column":37},"end":{"line":17,"column":5}}},"1":{"name":"(anonymous_1)","decl":{"start":{"line":19,"column":4},"end":{"line":19,"column":17}},"loc":{"start":{"line":19,"column":17},"end":{"line":26,"column":5}}},"2":{"name":"(anonymous_2)","decl":{"start":{"line":28,"column":4},"end":{"line":28,"column":15}},"loc":{"start":{"line":28,"column":45},"end":{"line":40,"column":5}}}},"branchMap":{"0":{"loc":{"start":{"line":30,"column":8},"end":{"line":34,"column":null}},"type":"if","locations":[{"start":{"line":30,"column":8},"end":{"line":34,"column":null}},{"start":{"line":32,"column":15},"end":{"line":34,"column":null}}]},"1":{"loc":{"start":{"line":30,"column":12},"end":{"line":30,"column":25}},"type":"binary-expr","locations":[{"start":{"line":30,"column":12},"end":{"line":30,"column":16}},{"start":{"line":30,"column":20},"end":{"line":30,"column":25}}]}},"s":{"0":1,"1":1,"2":1,"3":1,"4":0,"5":0,"6":0,"7":0,"8":0,"9":0,"10":0,"11":0,"12":0,"13":0,"14":0,"15":0,"16":0,"17":2,"18":0,"19":2,"20":2,"21":2,"22":2,"23":60,"24":2,"25":1,"26":1},"f":{"0":0,"1":0,"2":2},"b":{"0":[0,2],"1":[2,0]}}
,"C:\\prgr\\orcid-member-services\\gateway\\src\\main\\webapp\\app\\shared\\util\\datepicker-adapter.ts": {"path":"C:\\prgr\\orcid-member-services\\gateway\\src\\main\\webapp\\app\\shared\\util\\datepicker-adapter.ts","statementMap":{"0":{"start":{"line":4,"column":0},"end":{"line":4,"column":43}},"1":{"start":{"line":5,"column":0},"end":{"line":5,"column":75}},"2":{"start":{"line":7,"column":0},"end":{"line":7,"column":33}},"3":{"start":{"line":10,"column":0},"end":{"line":21,"column":null}},"4":{"start":{"line":12,"column":4},"end":{"line":14,"column":null}},"5":{"start":{"line":13,"column":6},"end":{"line":13,"column":78}},"6":{"start":{"line":15,"column":4},"end":{"line":15,"column":16}},"7":{"start":{"line":19,"column":4},"end":{"line":19,"column":93}},"8":{"start":{"line":10,"column":13},"end":{"line":21,"column":null}},"9":{"start":{"line":10,"column":13},"end":{"line":10,"column":33}}},"fnMap":{"0":{"name":"(anonymous_0)","decl":{"start":{"line":11,"column":2},"end":{"line":11,"column":11}},"loc":{"start":{"line":11,"column":24},"end":{"line":16,"column":3}}},"1":{"name":"(anonymous_1)","decl":{"start":{"line":18,"column":2},"end":{"line":18,"column":9}},"loc":{"start":{"line":18,"column":29},"end":{"line":20,"column":3}}}},"branchMap":{"0":{"loc":{"start":{"line":12,"column":4},"end":{"line":14,"column":null}},"type":"if","locations":[{"start":{"line":12,"column":4},"end":{"line":14,"column":null}}]},"1":{"loc":{"start":{"line":12,"column":8},"end":{"line":12,"column":63}},"type":"binary-expr","locations":[{"start":{"line":12,"column":8},"end":{"line":12,"column":20}},{"start":{"line":12,"column":24},"end":{"line":12,"column":45}},{"start":{"line":12,"column":49},"end":{"line":12,"column":63}}]},"2":{"loc":{"start":{"line":19,"column":11},"end":{"line":19,"column":92}},"type":"cond-expr","locations":[{"start":{"line":19,"column":18},"end":{"line":19,"column":85}},{"start":{"line":19,"column":88},"end":{"line":19,"column":92}}]}},"s":{"0":30,"1":30,"2":30,"3":30,"4":0,"5":0,"6":0,"7":0,"8":30,"9":30},"f":{"0":0,"1":0},"b":{"0":[0],"1":[0,0,0],"2":[0,0]}}
,"C:\\prgr\\orcid-member-services\\gateway\\src\\main\\webapp\\app\\shared\\util\\request-util.ts": {"path":"C:\\prgr\\orcid-member-services\\gateway\\src\\main\\webapp\\app\\shared\\util\\request-util.ts","statementMap":{"0":{"start":{"line":1,"column":0},"end":{"line":1,"column":50}},"1":{"start":{"line":3,"column":13},"end":{"line":18,"column":2}},"2":{"start":{"line":4,"column":28},"end":{"line":4,"column":44}},"3":{"start":{"line":5,"column":2},"end":{"line":16,"column":null}},"4":{"start":{"line":6,"column":4},"end":{"line":10,"column":7}},"5":{"start":{"line":7,"column":6},"end":{"line":9,"column":null}},"6":{"start":{"line":8,"column":8},"end":{"line":8,"column":45}},"7":{"start":{"line":11,"column":4},"end":{"line":15,"column":null}},"8":{"start":{"line":12,"column":6},"end":{"line":14,"column":9}},"9":{"start":{"line":13,"column":8},"end":{"line":13,"column":46}},"10":{"start":{"line":17,"column":2},"end":{"line":17,"column":17}}},"fnMap":{"0":{"name":"(anonymous_0)","decl":{"start":{"line":3,"column":35},"end":{"line":3,"column":36}},"loc":{"start":{"line":3,"column":61},"end":{"line":18,"column":1}}},"1":{"name":"(anonymous_1)","decl":{"start":{"line":6,"column":29},"end":{"line":6,"column":32}},"loc":{"start":{"line":6,"column":35},"end":{"line":10,"column":5}}},"2":{"name":"(anonymous_2)","decl":{"start":{"line":12,"column":23},"end":{"line":12,"column":26}},"loc":{"start":{"line":12,"column":29},"end":{"line":14,"column":7}}}},"branchMap":{"0":{"loc":{"start":{"line":5,"column":2},"end":{"line":16,"column":null}},"type":"if","locations":[{"start":{"line":5,"column":2},"end":{"line":16,"column":null}}]},"1":{"loc":{"start":{"line":7,"column":6},"end":{"line":9,"column":null}},"type":"if","locations":[{"start":{"line":7,"column":6},"end":{"line":9,"column":null}}]},"2":{"loc":{"start":{"line":11,"column":4},"end":{"line":15,"column":null}},"type":"if","locations":[{"start":{"line":11,"column":4},"end":{"line":15,"column":null}}]}},"s":{"0":30,"1":30,"2":7,"3":7,"4":7,"5":76,"6":75,"7":7,"8":1,"9":1,"10":7},"f":{"0":7,"1":76,"2":1},"b":{"0":[7],"1":[75],"2":[1]}}
}
