TN:
SF:src\main\webapp\app\app.constants.ts
FNF:0
FNH:0
DA:5,33
DA:6,33
DA:7,33
DA:8,33
DA:9,33
DA:10,33
LF:6
LH:6
BRF:0
BRH:0
end_of_record
TN:
SF:src\main\webapp\app\account\activate\activate.component.html
FNF:0
FNH:0
DA:1,1
LF:1
LH:1
BRF:0
BRH:0
end_of_record
TN:
SF:src\main\webapp\app\account\activate\activate.component.ts
FN:17,(anonymous_0)
FN:19,(anonymous_1)
FN:20,(anonymous_2)
FN:22,(anonymous_3)
FN:26,(anonymous_4)
FN:34,(anonymous_5)
FNF:6
FNH:5
FNDA:3,(anonymous_0)
FNDA:3,(anonymous_1)
FNDA:3,(anonymous_2)
FNDA:1,(anonymous_3)
FNDA:1,(anonymous_4)
FNDA:0,(anonymous_5)
DA:1,1
DA:3,1
DA:5,1
DA:6,1
DA:12,1
DA:17,3
DA:20,3
DA:21,3
DA:23,1
DA:24,1
DA:27,1
DA:28,1
DA:35,0
LF:13
LH:12
BRF:0
BRH:0
end_of_record
TN:
SF:src\main\webapp\app\account\activate\activate.service.ts
FN:9,(anonymous_0)
FN:11,(anonymous_1)
FNF:2
FNH:1
FNDA:3,(anonymous_0)
FNDA:0,(anonymous_1)
DA:1,1
DA:2,1
DA:5,1
DA:8,1
DA:9,3
DA:12,0
LF:6
LH:5
BRF:0
BRH:0
end_of_record
TN:
SF:src\main\webapp\app\account\password\password-strength-bar.component.ts
FN:22,(anonymous_0)
FN:24,(anonymous_1)
FN:33,(anonymous_2)
FN:51,(anonymous_3)
FN:68,(anonymous_4)
FNF:5
FNH:4
FNDA:3,(anonymous_0)
FNDA:10,(anonymous_1)
FNDA:40,(anonymous_2)
FNDA:7,(anonymous_3)
FNDA:0,(anonymous_4)
DA:1,1
DA:19,1
DA:20,3
DA:22,3
DA:25,10
DA:26,10
DA:27,10
DA:28,10
DA:29,10
DA:30,10
DA:32,10
DA:33,10
DA:34,40
DA:37,10
DA:38,10
DA:41,10
DA:44,10
DA:45,10
DA:46,10
DA:48,10
DA:52,7
DA:53,7
DA:54,3
DA:55,4
DA:56,1
DA:57,3
DA:58,1
DA:59,2
DA:60,1
DA:62,1
DA:64,7
DA:68,1
DA:69,0
DA:70,0
DA:71,0
DA:72,0
DA:73,0
DA:75,0
DA:76,0
DA:77,0
DA:78,0
DA:80,0
LF:42
LH:32
BRDA:37,0,0,1
BRDA:37,0,1,9
BRDA:41,1,0,7
BRDA:41,1,1,3
BRDA:44,2,0,2
BRDA:44,2,1,8
BRDA:45,3,0,0
BRDA:45,3,1,10
BRDA:46,4,0,2
BRDA:46,4,1,8
BRDA:53,5,0,3
BRDA:53,5,1,4
BRDA:55,6,0,1
BRDA:55,6,1,3
BRDA:57,7,0,1
BRDA:57,7,1,2
BRDA:59,8,0,1
BRDA:59,8,1,1
BRDA:69,9,0,0
BRDA:72,10,0,0
BRDA:77,11,0,0
BRDA:77,11,1,0
BRF:22
BRH:17
end_of_record
TN:
SF:src\main\webapp\app\account\password\password.component.html
FNF:0
FNH:0
DA:1,1
LF:1
LH:1
BRF:0
BRH:0
end_of_record
TN:
SF:src\main\webapp\app\account\password\password.component.ts
FN:23,(anonymous_0)
FN:25,(anonymous_1)
FN:26,(anonymous_2)
FN:32,(anonymous_3)
FN:41,(anonymous_4)
FN:45,(anonymous_5)
FNF:6
FNH:4
FNDA:4,(anonymous_0)
FNDA:0,(anonymous_1)
FNDA:0,(anonymous_2)
FNDA:4,(anonymous_3)
FNDA:2,(anonymous_4)
FNDA:1,(anonymous_5)
DA:1,1
DA:2,1
DA:4,1
DA:5,1
DA:11,1
DA:17,4
DA:23,4
DA:26,0
DA:27,0
DA:28,0
DA:33,4
DA:34,4
DA:35,1
DA:36,1
DA:37,1
DA:39,3
DA:40,3
DA:42,2
DA:43,2
DA:46,1
DA:47,1
LF:21
LH:18
BRDA:34,0,0,1
BRDA:34,0,1,3
BRF:2
BRH:2
end_of_record
TN:
SF:src\main\webapp\app\account\password\password.service.ts
FN:9,(anonymous_0)
FN:11,(anonymous_1)
FNF:2
FNH:1
FNDA:4,(anonymous_0)
FNDA:0,(anonymous_1)
DA:1,1
DA:2,1
DA:5,1
DA:8,1
DA:9,4
DA:12,0
LF:6
LH:5
BRF:0
BRH:0
end_of_record
TN:
SF:src\main\webapp\app\account\password-reset\finish\password-reset-finish.component.html
FNF:0
FNH:0
DA:1,1
LF:1
LH:1
BRF:0
BRH:0
end_of_record
TN:
SF:src\main\webapp\app\account\password-reset\finish\password-reset-finish.component.ts
FN:31,(anonymous_0)
FN:40,(anonymous_1)
FN:41,(anonymous_2)
FN:45,(anonymous_3)
FN:50,(anonymous_4)
FN:57,(anonymous_5)
FN:63,(anonymous_6)
FN:72,(anonymous_7)
FN:75,(anonymous_8)
FN:83,(anonymous_9)
FNF:10
FNH:7
FNDA:10,(anonymous_0)
FNDA:6,(anonymous_1)
FNDA:6,(anonymous_2)
FNDA:0,(anonymous_3)
FNDA:0,(anonymous_4)
FNDA:1,(anonymous_5)
FNDA:3,(anonymous_6)
FNDA:1,(anonymous_7)
FNDA:1,(anonymous_8)
FNDA:0,(anonymous_9)
DA:1,1
DA:2,1
DA:3,1
DA:7,1
DA:8,1
DA:14,1
DA:26,10
DA:32,10
DA:33,10
DA:34,10
DA:35,10
DA:36,10
DA:37,10
DA:41,6
DA:42,6
DA:44,6
DA:45,6
DA:46,0
DA:47,0
DA:48,0
DA:49,0
DA:50,0
DA:51,0
DA:58,1
DA:59,1
DA:64,3
DA:65,3
DA:66,3
DA:67,3
DA:68,3
DA:69,1
DA:71,2
DA:73,1
DA:76,1
DA:77,1
DA:84,0
LF:36
LH:29
BRDA:48,0,0,0
BRDA:48,0,1,0
BRDA:49,1,0,0
BRDA:58,2,0,1
BRDA:68,3,0,1
BRDA:68,3,1,2
BRF:6
BRH:3
end_of_record
TN:
SF:src\main\webapp\app\account\password-reset\finish\password-reset-finish.service.ts
FN:9,(anonymous_0)
FN:11,(anonymous_1)
FN:15,(anonymous_2)
FN:19,(anonymous_3)
FNF:4
FNH:2
FNDA:5,(anonymous_0)
FNDA:0,(anonymous_1)
FNDA:6,(anonymous_2)
FNDA:0,(anonymous_3)
DA:1,1
DA:2,1
DA:5,1
DA:8,1
DA:9,5
DA:12,0
DA:16,6
DA:20,0
LF:8
LH:6
BRF:0
BRH:0
end_of_record
TN:
SF:src\main\webapp\app\account\password-reset\init\password-reset-init.component.html
FNF:0
FNH:0
DA:1,1
LF:1
LH:1
BRF:0
BRH:0
end_of_record
TN:
SF:src\main\webapp\app\account\password-reset\init\password-reset-init.component.ts
FN:19,(anonymous_0)
FN:26,(anonymous_1)
FN:30,(anonymous_2)
FN:35,(anonymous_3)
FN:38,(anonymous_4)
FNF:5
FNH:5
FNDA:5,(anonymous_0)
FNDA:1,(anonymous_1)
FNDA:3,(anonymous_2)
FNDA:1,(anonymous_3)
FNDA:2,(anonymous_4)
DA:1,1
DA:2,1
DA:4,1
DA:5,1
DA:11,1
DA:15,5
DA:20,5
DA:21,5
DA:22,5
DA:23,5
DA:27,1
DA:31,3
DA:32,3
DA:34,3
DA:36,1
DA:39,2
DA:40,2
DA:41,1
DA:43,1
LF:19
LH:19
BRDA:40,0,0,1
BRDA:40,0,1,1
BRDA:40,1,0,2
BRDA:40,1,1,1
BRF:4
BRH:4
end_of_record
TN:
SF:src\main\webapp\app\account\password-reset\init\password-reset-init.service.ts
FN:9,(anonymous_0)
FN:11,(anonymous_1)
FNF:2
FNH:1
FNDA:5,(anonymous_0)
FNDA:0,(anonymous_1)
DA:1,1
DA:2,1
DA:5,1
DA:8,1
DA:9,5
DA:12,0
LF:6
LH:5
BRF:0
BRH:0
end_of_record
TN:
SF:src\main\webapp\app\account\settings\settings.component.html
FNF:0
FNH:0
DA:1,1
LF:1
LH:1
BRF:0
BRH:0
end_of_record
TN:
SF:src\main\webapp\app\account\settings\settings.component.ts
FN:38,(anonymous_0)
FN:46,(anonymous_1)
FN:50,(anonymous_2)
FN:55,(anonymous_3)
FN:60,(anonymous_4)
FN:65,(anonymous_5)
FN:78,(anonymous_6)
FN:82,(anonymous_7)
FN:85,(anonymous_8)
FN:88,(anonymous_9)
FN:92,(anonymous_10)
FN:98,(anonymous_11)
FN:105,(anonymous_12)
FN:111,(anonymous_13)
FN:116,(anonymous_14)
FN:122,(anonymous_15)
FN:124,(anonymous_16)
FN:128,(anonymous_17)
FN:133,(anonymous_18)
FN:137,(anonymous_19)
FN:151,(anonymous_20)
FN:163,(anonymous_21)
FNF:22
FNH:9
FNDA:3,(anonymous_0)
FNDA:0,(anonymous_1)
FNDA:0,(anonymous_2)
FNDA:0,(anonymous_3)
FNDA:0,(anonymous_4)
FNDA:0,(anonymous_5)
FNDA:0,(anonymous_6)
FNDA:3,(anonymous_7)
FNDA:2,(anonymous_8)
FNDA:2,(anonymous_9)
FNDA:2,(anonymous_10)
FNDA:1,(anonymous_11)
FNDA:0,(anonymous_12)
FNDA:0,(anonymous_13)
FNDA:0,(anonymous_14)
FNDA:0,(anonymous_15)
FNDA:0,(anonymous_16)
FNDA:0,(anonymous_17)
FNDA:0,(anonymous_18)
FNDA:3,(anonymous_19)
FNDA:3,(anonymous_20)
FNDA:2,(anonymous_21)
DA:1,1
DA:2,1
DA:3,1
DA:4,1
DA:5,1
DA:11,1
DA:23,3
DA:32,3
DA:39,3
DA:40,3
DA:41,3
DA:42,3
DA:43,3
DA:47,0
DA:48,0
DA:49,0
DA:50,0
DA:51,0
DA:52,0
DA:53,0
DA:54,0
DA:55,0
DA:56,0
DA:60,0
DA:61,0
DA:66,0
DA:67,0
DA:68,0
DA:69,0
DA:70,0
DA:71,0
DA:73,0
DA:74,0
DA:79,0
DA:83,3
DA:84,3
DA:86,2
DA:87,2
DA:88,2
DA:89,2
DA:90,2
DA:92,2
DA:93,2
DA:94,0
DA:99,1
DA:100,1
DA:106,0
DA:107,0
DA:108,0
DA:109,0
DA:110,0
DA:112,0
DA:113,0
DA:114,0
DA:117,0
DA:121,0
DA:123,0
DA:124,0
DA:125,0
DA:128,0
DA:134,0
DA:138,3
DA:139,3
DA:152,3
DA:164,2
LF:65
LH:28
BRDA:54,0,0,0
BRDA:69,1,0,0
BRDA:69,1,1,0
BRDA:69,2,0,0
BRDA:69,2,1,0
BRDA:93,3,0,0
BRDA:107,4,0,0
BRDA:107,4,1,0
BRF:8
BRH:0
end_of_record
TN:
SF:src\main\webapp\app\admin\admin.route.ts
FNF:0
FNH:0
DA:3,1
DA:5,1
DA:7,1
DA:9,1
LF:4
LH:4
BRF:0
BRH:0
end_of_record
TN:
SF:src\main\webapp\app\admin\index.ts
FNF:0
FNH:0
DA:1,1
DA:2,1
DA:3,1
DA:4,1
DA:5,1
DA:6,1
DA:7,1
DA:8,1
DA:9,1
DA:10,1
DA:11,1
DA:12,1
DA:13,1
DA:14,1
DA:15,1
DA:16,1
DA:17,1
DA:18,1
DA:19,1
DA:20,1
DA:21,1
DA:22,1
DA:23,1
DA:24,1
DA:25,1
DA:26,1
LF:26
LH:26
BRF:0
BRH:0
end_of_record
TN:
SF:src\main\webapp\app\admin\audits\audit-data.model.ts
FN:2,(anonymous_0)
FNF:1
FNH:0
FNDA:0,(anonymous_0)
DA:1,1
DA:2,0
LF:2
LH:1
BRF:0
BRH:0
end_of_record
TN:
SF:src\main\webapp\app\admin\audits\audit.model.ts
FN:4,(anonymous_0)
FNF:1
FNH:1
FNDA:2,(anonymous_0)
DA:3,3
DA:4,2
LF:2
LH:2
BRF:0
BRH:0
end_of_record
TN:
SF:src\main\webapp\app\admin\audits\audits.component.html
FNF:0
FNH:0
DA:1,2
LF:1
LH:1
BRF:0
BRH:0
end_of_record
TN:
SF:src\main\webapp\app\admin\audits\audits.component.ts
FN:28,(anonymous_0)
FN:37,(anonymous_1)
FN:45,(anonymous_2)
FN:51,(anonymous_3)
FN:55,(anonymous_4)
FN:68,(anonymous_5)
FN:77,(anonymous_6)
FN:86,(anonymous_7)
FN:86,(anonymous_8)
FN:89,(anonymous_9)
FN:97,(anonymous_10)
FN:104,(anonymous_11)
FN:114,(anonymous_12)
FN:120,(anonymous_13)
FNF:14
FNH:10
FNDA:6,(anonymous_0)
FNDA:6,(anonymous_1)
FNDA:2,(anonymous_2)
FNDA:5,(anonymous_3)
FNDA:3,(anonymous_4)
FNDA:3,(anonymous_5)
FNDA:2,(anonymous_6)
FNDA:1,(anonymous_7)
FNDA:0,(anonymous_8)
FNDA:4,(anonymous_9)
FNDA:0,(anonymous_10)
FNDA:0,(anonymous_11)
FNDA:1,(anonymous_12)
FNDA:0,(anonymous_13)
DA:1,2
DA:3,2
DA:4,2
DA:5,2
DA:7,2
DA:9,2
DA:15,2
DA:29,6
DA:30,6
DA:31,6
DA:32,6
DA:33,6
DA:34,6
DA:36,6
DA:37,6
DA:38,6
DA:39,6
DA:40,6
DA:41,6
DA:46,2
DA:47,2
DA:48,2
DA:52,5
DA:56,3
DA:57,3
DA:59,3
DA:60,0
DA:62,3
DA:65,3
DA:69,3
DA:71,3
DA:72,3
DA:73,3
DA:74,3
DA:78,2
DA:86,1
DA:90,4
DA:91,4
DA:92,1
DA:94,4
DA:98,0
DA:99,0
DA:100,0
DA:105,0
DA:111,0
DA:115,1
DA:116,1
DA:117,1
DA:121,0
LF:49
LH:42
BRDA:59,0,0,0
BRDA:59,0,1,3
BRDA:90,1,0,1
BRDA:90,1,1,3
BRDA:91,2,0,1
BRDA:98,3,0,0
BRDA:108,4,0,0
BRDA:108,4,1,0
BRF:8
BRH:4
end_of_record
TN:
SF:src\main\webapp\app\admin\audits\audits.route.ts
FNF:0
FNH:0
DA:3,1
DA:5,1
DA:7,1
LF:3
LH:3
BRF:0
BRH:0
end_of_record
TN:
SF:src\main\webapp\app\admin\audits\audits.service.ts
FN:11,(anonymous_0)
FN:13,(anonymous_1)
FNF:2
FNH:2
FNDA:9,(anonymous_0)
FNDA:4,(anonymous_1)
DA:1,3
DA:2,3
DA:5,3
DA:6,3
DA:10,3
DA:11,9
DA:14,4
DA:15,4
DA:16,4
DA:18,4
DA:20,4
LF:11
LH:11
BRF:0
BRH:0
end_of_record
TN:
SF:src\main\webapp\app\admin\configuration\configuration.component.html
FNF:0
FNH:0
DA:1,2
LF:1
LH:1
BRF:0
BRH:0
end_of_record
TN:
SF:src\main\webapp\app\admin\configuration\configuration.component.ts
FN:17,(anonymous_0)
FN:24,(anonymous_1)
FN:28,(anonymous_2)
FN:29,(anonymous_3)
FN:39,(anonymous_4)
FNF:5
FNH:5
FNDA:3,(anonymous_0)
FNDA:2,(anonymous_1)
FNDA:1,(anonymous_2)
FNDA:1,(anonymous_3)
FNDA:1,(anonymous_4)
DA:1,2
DA:3,2
DA:9,2
DA:10,3
DA:11,3
DA:17,3
DA:18,3
DA:19,3
DA:20,3
DA:21,3
DA:25,2
DA:29,1
DA:30,1
DA:32,1
DA:33,2
DA:34,1
DA:39,1
DA:40,1
LF:18
LH:18
BRDA:25,0,0,1
BRDA:25,0,1,1
BRDA:33,1,0,1
BRF:3
BRH:3
end_of_record
TN:
SF:src\main\webapp\app\admin\configuration\configuration.route.ts
FNF:0
FNH:0
DA:3,1
DA:5,1
LF:2
LH:2
BRF:0
BRH:0
end_of_record
TN:
SF:src\main\webapp\app\admin\configuration\configuration.service.ts
FN:10,(anonymous_0)
FN:12,(anonymous_1)
FN:14,(anonymous_2)
FN:23,(anonymous_3)
FN:30,(anonymous_4)
FN:46,(anonymous_5)
FN:48,(anonymous_6)
FNF:7
FNH:6
FNDA:6,(anonymous_0)
FNDA:2,(anonymous_1)
FNDA:1,(anonymous_2)
FNDA:0,(anonymous_3)
FNDA:1,(anonymous_4)
FNDA:1,(anonymous_5)
FNDA:1,(anonymous_6)
DA:1,3
DA:2,3
DA:4,3
DA:6,3
DA:9,3
DA:10,6
DA:13,2
DA:15,1
DA:16,1
DA:17,1
DA:18,1
DA:19,1
DA:23,1
DA:24,0
DA:32,1
DA:33,1
DA:37,1
DA:38,1
DA:43,0
DA:47,1
DA:49,1
DA:50,1
DA:52,1
DA:53,1
DA:54,1
DA:55,1
DA:56,1
DA:57,1
DA:58,1
DA:61,1
DA:63,1
LF:31
LH:29
BRDA:18,0,0,1
BRDA:24,1,0,0
BRDA:24,1,1,0
BRDA:24,2,0,0
BRDA:24,2,1,0
BRDA:32,3,0,1
BRDA:37,4,0,1
BRDA:57,5,0,1
BRF:8
BRH:4
end_of_record
TN:
SF:src\main\webapp\app\admin\docs\docs.component.html
FNF:0
FNH:0
DA:1,1
LF:1
LH:1
BRF:0
BRH:0
end_of_record
TN:
SF:src\main\webapp\app\admin\docs\docs.component.ts
FN:8,(anonymous_0)
FNF:1
FNH:0
FNDA:0,(anonymous_0)
DA:1,1
DA:7,1
LF:2
LH:2
BRF:0
BRH:0
end_of_record
TN:
SF:src\main\webapp\app\admin\docs\docs.route.ts
FNF:0
FNH:0
DA:3,1
DA:5,1
LF:2
LH:2
BRF:0
BRH:0
end_of_record
TN:
SF:src\main\webapp\app\admin\gateway\gateway-route.model.ts
FN:2,(anonymous_0)
FNF:1
FNH:0
FNDA:0,(anonymous_0)
DA:1,1
DA:2,0
LF:2
LH:1
BRF:0
BRH:0
end_of_record
TN:
SF:src\main\webapp\app\admin\gateway\gateway-routes.service.ts
FN:10,(anonymous_0)
FN:12,(anonymous_1)
FNF:2
FNH:0
FNDA:0,(anonymous_0)
FNDA:0,(anonymous_1)
DA:1,1
DA:2,1
DA:5,1
DA:9,1
DA:10,0
DA:13,0
LF:6
LH:4
BRF:0
BRH:0
end_of_record
TN:
SF:src\main\webapp\app\admin\gateway\gateway.component.html
FNF:0
FNH:0
DA:1,1
LF:1
LH:1
BRF:0
BRH:0
end_of_record
TN:
SF:src\main\webapp\app\admin\gateway\gateway.component.ts
FN:15,(anonymous_0)
FN:17,(anonymous_1)
FN:21,(anonymous_2)
FN:23,(anonymous_3)
FNF:4
FNH:0
FNDA:0,(anonymous_0)
FNDA:0,(anonymous_1)
FNDA:0,(anonymous_2)
FNDA:0,(anonymous_3)
DA:1,1
DA:3,1
DA:11,1
DA:15,0
DA:18,0
DA:22,0
DA:23,0
DA:24,0
DA:25,0
LF:9
LH:3
BRF:0
BRH:0
end_of_record
TN:
SF:src\main\webapp\app\admin\gateway\gateway.route.ts
FNF:0
FNH:0
DA:3,1
DA:5,1
LF:2
LH:2
BRF:0
BRH:0
end_of_record
TN:
SF:src\main\webapp\app\admin\health\health-modal.component.html
FNF:0
FNH:0
DA:1,2
LF:1
LH:1
BRF:0
BRH:0
end_of_record
TN:
SF:src\main\webapp\app\admin\health\health-modal.component.ts
FN:13,(anonymous_0)
FN:15,(anonymous_1)
FN:19,(anonymous_2)
FN:23,(anonymous_3)
FNF:4
FNH:0
FNDA:0,(anonymous_0)
FNDA:0,(anonymous_1)
FNDA:0,(anonymous_2)
FNDA:0,(anonymous_3)
DA:1,2
DA:2,2
DA:4,2
DA:10,2
DA:13,0
DA:16,0
DA:20,0
DA:24,0
DA:26,0
DA:27,0
DA:29,0
DA:31,0
DA:35,0
DA:36,0
DA:38,0
LF:15
LH:4
BRDA:24,0,0,0
BRDA:27,1,0,0
BRDA:27,1,1,0
BRDA:35,2,0,0
BRDA:35,2,1,0
BRF:5
BRH:0
end_of_record
TN:
SF:src\main\webapp\app\admin\health\health.component.html
FNF:0
FNH:0
DA:1,2
LF:1
LH:1
BRF:0
BRH:0
end_of_record
TN:
SF:src\main\webapp\app\admin\health\health.component.ts
FN:15,(anonymous_0)
FN:17,(anonymous_1)
FN:21,(anonymous_2)
FN:25,(anonymous_3)
FN:33,(anonymous_4)
FN:37,(anonymous_5)
FN:41,(anonymous_6)
FN:50,(anonymous_7)
FN:54,(anonymous_8)
FN:57,(anonymous_9)
FN:63,(anonymous_10)
FNF:11
FNH:8
FNDA:12,(anonymous_0)
FNDA:1,(anonymous_1)
FNDA:2,(anonymous_2)
FNDA:2,(anonymous_3)
FNDA:2,(anonymous_4)
FNDA:1,(anonymous_5)
FNDA:1,(anonymous_6)
FNDA:0,(anonymous_7)
FNDA:0,(anonymous_8)
FNDA:0,(anonymous_9)
FNDA:2,(anonymous_10)
DA:1,2
DA:2,2
DA:4,2
DA:5,2
DA:11,2
DA:15,12
DA:18,1
DA:22,2
DA:26,2
DA:27,1
DA:29,1
DA:34,2
DA:36,2
DA:38,1
DA:39,1
DA:42,1
DA:43,1
DA:44,1
DA:51,0
DA:52,0
DA:53,0
DA:64,2
LF:22
LH:19
BRDA:26,0,0,1
BRDA:26,0,1,1
BRDA:42,1,0,1
BRF:3
BRH:3
end_of_record
TN:
SF:src\main\webapp\app\admin\health\health.route.ts
FNF:0
FNH:0
DA:3,1
DA:5,1
LF:2
LH:2
BRF:0
BRH:0
end_of_record
TN:
SF:src\main\webapp\app\admin\health\health.service.ts
FN:11,(anonymous_0)
FN:15,(anonymous_1)
FN:19,(anonymous_2)
FN:25,(anonymous_3)
FN:32,(anonymous_4)
FN:42,(anonymous_5)
FN:76,(anonymous_6)
FN:93,(anonymous_7)
FN:107,(anonymous_8)
FN:121,(anonymous_9)
FNF:10
FNH:9
FNDA:12,(anonymous_0)
FNDA:0,(anonymous_1)
FNDA:5,(anonymous_2)
FNDA:2,(anonymous_3)
FNDA:2,(anonymous_4)
FNDA:17,(anonymous_5)
FNDA:8,(anonymous_6)
FNDA:20,(anonymous_7)
FNDA:17,(anonymous_8)
FNDA:47,(anonymous_9)
DA:1,2
DA:2,2
DA:5,2
DA:8,2
DA:11,12
DA:12,12
DA:16,0
DA:20,5
DA:21,5
DA:22,5
DA:26,2
DA:27,2
DA:28,2
DA:33,2
DA:34,2
DA:35,2
DA:36,2
DA:37,2
DA:43,17
DA:47,17
DA:48,17
DA:50,17
DA:51,46
DA:52,46
DA:53,46
DA:54,25
DA:56,21
DA:57,15
DA:58,15
DA:65,17
DA:66,11
DA:70,17
DA:71,16
DA:73,17
DA:77,8
DA:78,26
DA:79,26
DA:80,26
DA:81,17
DA:82,3
DA:83,3
DA:85,14
DA:90,8
DA:95,20
DA:96,6
DA:97,14
DA:98,0
DA:99,14
DA:100,14
DA:102,0
DA:104,20
DA:108,17
DA:110,17
DA:111,46
DA:112,46
DA:113,46
DA:114,6
DA:118,17
DA:122,47
DA:124,47
DA:125,294
DA:126,294
DA:127,23
DA:131,47
LF:64
LH:61
BRDA:26,0,0,2
BRDA:33,1,0,2
BRDA:37,2,0,1
BRDA:37,2,1,1
BRDA:51,3,0,46
BRDA:53,4,0,25
BRDA:53,4,1,21
BRDA:53,5,0,46
BRDA:53,5,1,29
BRDA:56,6,0,15
BRDA:65,7,0,11
BRDA:70,8,0,16
BRDA:70,9,0,17
BRDA:70,9,1,3
BRDA:70,9,2,2
BRDA:78,10,0,26
BRDA:80,11,0,17
BRDA:81,12,0,3
BRDA:81,12,1,14
BRDA:95,13,0,6
BRDA:95,13,1,14
BRDA:95,14,0,20
BRDA:95,14,1,6
BRDA:97,15,0,0
BRDA:97,15,1,14
BRDA:99,16,0,14
BRDA:99,16,1,0
BRDA:111,17,0,46
BRDA:113,18,0,6
BRDA:113,19,0,46
BRDA:113,19,1,46
BRDA:125,20,0,294
BRDA:126,21,0,23
BRF:33
BRH:31
end_of_record
TN:
SF:src\main\webapp\app\admin\logs\log.model.ts
FN:2,(anonymous_0)
FNF:1
FNH:1
FNDA:4,(anonymous_0)
DA:1,1
DA:2,4
LF:2
LH:2
BRF:0
BRH:0
end_of_record
TN:
SF:src\main\webapp\app\admin\logs\logs.component.html
FNF:0
FNH:0
DA:1,1
LF:1
LH:1
BRF:0
BRH:0
end_of_record
TN:
SF:src\main\webapp\app\admin\logs\logs.component.ts
FN:16,(anonymous_0)
FN:22,(anonymous_1)
FN:23,(anonymous_2)
FN:26,(anonymous_3)
FN:27,(anonymous_4)
FN:28,(anonymous_5)
FN:32,(anonymous_6)
FN:33,(anonymous_7)
FNF:8
FNH:8
FNDA:3,(anonymous_0)
FNDA:1,(anonymous_1)
FNDA:1,(anonymous_2)
FNDA:1,(anonymous_3)
FNDA:1,(anonymous_4)
FNDA:1,(anonymous_5)
FNDA:2,(anonymous_6)
FNDA:2,(anonymous_7)
DA:1,1
DA:3,1
DA:4,1
DA:10,1
DA:16,3
DA:17,3
DA:18,3
DA:19,3
DA:23,1
DA:27,1
DA:28,1
DA:33,2
LF:12
LH:12
BRF:0
BRH:0
end_of_record
TN:
SF:src\main\webapp\app\admin\logs\logs.route.ts
FNF:0
FNH:0
DA:3,1
DA:5,1
LF:2
LH:2
BRF:0
BRH:0
end_of_record
TN:
SF:src\main\webapp\app\admin\logs\logs.service.ts
FN:9,(anonymous_0)
FN:11,(anonymous_1)
FN:15,(anonymous_2)
FNF:3
FNH:3
FNDA:5,(anonymous_0)
FNDA:1,(anonymous_1)
FNDA:1,(anonymous_2)
DA:1,2
DA:2,2
DA:5,2
DA:8,2
DA:9,5
DA:12,1
DA:16,1
LF:7
LH:7
BRF:0
BRH:0
end_of_record
TN:
SF:src\main\webapp\app\admin\metrics\metrics.component.html
FNF:0
FNH:0
DA:1,2
LF:1
LH:1
BRF:0
BRH:0
end_of_record
TN:
SF:src\main\webapp\app\admin\metrics\metrics.component.ts
FN:16,(anonymous_0)
FN:20,(anonymous_1)
FN:24,(anonymous_2)
FN:26,(anonymous_3)
FN:28,(anonymous_4)
FN:35,(anonymous_5)
FN:39,(anonymous_6)
FNF:7
FNH:4
FNDA:1,(anonymous_0)
FNDA:1,(anonymous_1)
FNDA:1,(anonymous_2)
FNDA:1,(anonymous_3)
FNDA:0,(anonymous_4)
FNDA:0,(anonymous_5)
FNDA:0,(anonymous_6)
DA:1,2
DA:2,2
DA:4,2
DA:10,2
DA:11,1
DA:12,1
DA:13,1
DA:16,1
DA:17,1
DA:21,1
DA:25,1
DA:26,1
DA:27,1
DA:28,1
DA:29,0
DA:30,0
DA:36,0
DA:40,0
LF:18
LH:14
BRDA:36,0,0,0
BRDA:36,0,1,0
BRDA:40,1,0,0
BRDA:40,1,1,0
BRF:4
BRH:0
end_of_record
TN:
SF:src\main\webapp\app\admin\metrics\metrics.route.ts
FNF:0
FNH:0
DA:3,1
DA:5,1
LF:2
LH:2
BRF:0
BRH:0
end_of_record
TN:
SF:src\main\webapp\app\admin\metrics\metrics.service.ts
FN:9,(anonymous_0)
FN:11,(anonymous_1)
FN:15,(anonymous_2)
FNF:3
FNH:3
FNDA:4,(anonymous_0)
FNDA:2,(anonymous_1)
FNDA:2,(anonymous_2)
DA:1,3
DA:2,3
DA:5,3
DA:8,3
DA:9,4
DA:12,2
DA:16,2
LF:7
LH:7
BRF:0
BRH:0
end_of_record
TN:
SF:src\main\webapp\app\core\core.module.ts
FN:25,(anonymous_0)
FNF:1
FNH:0
FNDA:0,(anonymous_0)
DA:1,26
DA:2,26
DA:3,26
DA:4,26
DA:5,26
DA:7,26
DA:8,26
DA:24,26
DA:26,0
LF:9
LH:8
BRF:0
BRH:0
end_of_record
TN:
SF:src\main\webapp\app\core\index.ts
FNF:0
FNH:0
DA:1,26
DA:2,26
DA:3,26
DA:4,26
DA:5,26
DA:6,26
DA:7,26
DA:8,26
DA:9,26
DA:10,26
DA:11,26
DA:12,26
DA:13,26
LF:13
LH:13
BRF:0
BRH:0
end_of_record
TN:
SF:src\main\webapp\app\core\auth\account.service.ts
FN:18,(anonymous_0)
FN:20,(anonymous_1)
FN:24,(anonymous_2)
FN:28,(anonymous_3)
FN:32,(anonymous_4)
FN:36,(anonymous_5)
FN:41,(anonymous_6)
FN:47,(anonymous_7)
FN:61,(anonymous_8)
FN:67,(anonymous_9)
FN:70,(anonymous_10)
FN:76,(anonymous_11)
FN:90,(anonymous_12)
FN:108,(anonymous_13)
FN:116,(anonymous_14)
FN:120,(anonymous_15)
FN:124,(anonymous_16)
FN:128,(anonymous_17)
FN:132,(anonymous_18)
FN:153,(anonymous_19)
FN:157,(anonymous_20)
FN:161,(anonymous_21)
FN:165,(anonymous_22)
FNF:23
FNH:8
FNDA:8,(anonymous_0)
FNDA:2,(anonymous_1)
FNDA:0,(anonymous_2)
FNDA:0,(anonymous_3)
FNDA:0,(anonymous_4)
FNDA:0,(anonymous_5)
FNDA:4,(anonymous_6)
FNDA:3,(anonymous_7)
FNDA:3,(anonymous_8)
FNDA:2,(anonymous_9)
FNDA:0,(anonymous_10)
FNDA:5,(anonymous_11)
FNDA:1,(anonymous_12)
FNDA:0,(anonymous_13)
FNDA:0,(anonymous_14)
FNDA:0,(anonymous_15)
FNDA:0,(anonymous_16)
FNDA:0,(anonymous_17)
FNDA:0,(anonymous_18)
FNDA:0,(anonymous_19)
FNDA:0,(anonymous_20)
FNDA:0,(anonymous_21)
FNDA:0,(anonymous_22)
DA:1,30
DA:2,30
DA:3,30
DA:4,30
DA:5,30
DA:7,30
DA:12,30
DA:14,8
DA:15,8
DA:16,8
DA:18,8
DA:21,2
DA:25,0
DA:29,0
DA:33,0
DA:37,0
DA:38,0
DA:42,4
DA:43,4
DA:44,4
DA:48,3
DA:49,1
DA:52,2
DA:53,2
DA:54,1
DA:58,1
DA:62,3
DA:63,1
DA:66,2
DA:68,2
DA:71,0
DA:77,5
DA:78,0
DA:83,5
DA:84,3
DA:88,2
DA:91,1
DA:92,1
DA:93,1
DA:94,1
DA:97,1
DA:98,0
DA:99,0
DA:102,0
DA:103,0
DA:105,1
DA:106,1
DA:109,0
DA:110,0
DA:111,0
DA:112,0
DA:117,0
DA:121,0
DA:125,0
DA:129,0
DA:135,0
DA:136,0
DA:137,0
DA:139,0
DA:140,0
DA:141,0
DA:143,0
DA:146,0
DA:147,0
DA:150,0
DA:154,0
DA:158,0
DA:162,0
DA:166,0
DA:167,0
DA:168,0
LF:71
LH:36
BRDA:48,0,0,1
BRDA:48,1,0,3
BRDA:48,1,1,2
BRDA:48,1,2,2
BRDA:53,2,0,1
BRDA:62,3,0,1
BRDA:68,4,0,2
BRDA:68,4,1,2
BRDA:77,5,0,0
BRDA:83,6,0,3
BRDA:92,7,0,1
BRDA:92,7,1,0
BRDA:97,8,0,0
BRDA:98,9,0,0
BRDA:98,9,1,0
BRDA:129,10,0,0
BRDA:129,10,1,0
BRDA:135,11,0,0
BRDA:136,12,0,0
BRDA:139,13,0,0
BRDA:140,14,0,0
BRDA:140,14,1,0
BRDA:146,15,0,0
BRDA:154,16,0,0
BRDA:154,16,1,0
BRDA:154,17,0,0
BRDA:154,17,1,0
BRDA:158,18,0,0
BRDA:158,18,1,0
BRDA:158,19,0,0
BRDA:158,19,1,0
BRDA:162,20,0,0
BRDA:162,20,1,0
BRDA:162,20,2,0
BRF:34
BRH:10
end_of_record
TN:
SF:src\main\webapp\app\core\auth\auth-jwt.service.ts
FN:10,(anonymous_0)
FN:12,(anonymous_1)
FN:16,(anonymous_2)
FN:26,(anonymous_3)
FN:35,(anonymous_4)
FN:37,(anonymous_5)
FNF:6
FNH:0
FNDA:0,(anonymous_0)
FNDA:0,(anonymous_1)
FNDA:0,(anonymous_2)
FNDA:0,(anonymous_3)
FNDA:0,(anonymous_4)
FNDA:0,(anonymous_5)
DA:1,30
DA:2,30
DA:6,30
DA:9,30
DA:10,0
DA:13,0
DA:17,0
DA:23,0
DA:27,0
DA:28,0
DA:29,0
DA:31,0
DA:38,0
LF:13
LH:4
BRDA:27,0,0,0
BRDA:27,0,1,0
BRF:2
BRH:0
end_of_record
TN:
SF:src\main\webapp\app\core\auth\csrf.service.ts
FN:6,(anonymous_0)
FN:8,(anonymous_1)
FNF:2
FNH:0
FNDA:0,(anonymous_0)
FNDA:0,(anonymous_1)
DA:1,26
DA:2,26
DA:5,26
DA:6,0
DA:9,0
LF:5
LH:3
BRDA:8,0,0,0
BRF:1
BRH:0
end_of_record
TN:
SF:src\main\webapp\app\core\auth\state-storage.service.ts
FN:6,(anonymous_0)
FN:8,(anonymous_1)
FN:12,(anonymous_2)
FN:16,(anonymous_3)
FN:21,(anonymous_4)
FN:25,(anonymous_5)
FN:29,(anonymous_6)
FN:33,(anonymous_7)
FNF:8
FNH:0
FNDA:0,(anonymous_0)
FNDA:0,(anonymous_1)
FNDA:0,(anonymous_2)
FNDA:0,(anonymous_3)
FNDA:0,(anonymous_4)
FNDA:0,(anonymous_5)
FNDA:0,(anonymous_6)
FNDA:0,(anonymous_7)
DA:1,30
DA:2,30
DA:5,30
DA:6,0
DA:9,0
DA:13,0
DA:17,0
DA:18,0
DA:22,0
DA:26,0
DA:30,0
DA:34,0
DA:44,0
LF:13
LH:3
BRF:0
BRH:0
end_of_record
TN:
SF:src\main\webapp\app\core\auth\user-route-access-service.ts
FN:10,(anonymous_0)
FN:17,(anonymous_1)
FN:25,(anonymous_2)
FN:26,(anonymous_3)
FNF:4
FNH:0
FNDA:0,(anonymous_0)
FNDA:0,(anonymous_1)
FNDA:0,(anonymous_2)
FNDA:0,(anonymous_3)
DA:1,26
DA:2,26
DA:4,26
DA:5,26
DA:6,26
DA:9,26
DA:11,0
DA:12,0
DA:13,0
DA:14,0
DA:18,0
DA:22,0
DA:26,0
DA:27,0
DA:28,0
DA:31,0
DA:32,0
DA:33,0
DA:34,0
DA:36,0
DA:37,0
DA:39,0
DA:40,0
DA:43,0
DA:44,0
LF:25
LH:6
BRDA:27,0,0,0
BRDA:27,1,0,0
BRDA:27,1,1,0
BRDA:31,2,0,0
BRDA:33,3,0,0
BRDA:36,4,0,0
BRF:6
BRH:0
end_of_record
TN:
SF:src\main\webapp\app\core\language\language.constants.ts
FNF:0
FNH:0
DA:5,26
LF:1
LH:1
BRF:0
BRH:0
end_of_record
TN:
SF:src\main\webapp\app\core\language\language.helper.ts
FN:14,(anonymous_0)
FN:25,(anonymous_1)
FN:29,(anonymous_2)
FN:40,(anonymous_3)
FN:45,(anonymous_4)
FN:50,(anonymous_5)
FN:51,(anonymous_6)
FN:58,(anonymous_7)
FNF:8
FNH:0
FNDA:0,(anonymous_0)
FNDA:0,(anonymous_1)
FNDA:0,(anonymous_2)
FNDA:0,(anonymous_3)
FNDA:0,(anonymous_4)
FNDA:0,(anonymous_5)
FNDA:0,(anonymous_6)
FNDA:0,(anonymous_7)
DA:1,26
DA:2,26
DA:3,26
DA:4,26
DA:5,26
DA:7,26
DA:10,26
DA:11,0
DA:15,0
DA:16,0
DA:17,0
DA:20,0
DA:21,0
DA:22,0
DA:26,0
DA:30,0
DA:41,0
DA:42,0
DA:45,0
DA:46,0
DA:51,0
DA:52,0
DA:53,0
DA:54,0
DA:59,0
DA:60,0
DA:61,0
DA:63,0
LF:28
LH:7
BRDA:41,0,0,0
BRDA:59,1,0,0
BRDA:59,1,1,0
BRDA:59,2,0,0
BRDA:59,2,1,0
BRDA:60,3,0,0
BRDA:61,4,0,0
BRDA:61,4,1,0
BRF:8
BRH:0
end_of_record
TN:
SF:src\main\webapp\app\core\login\login-modal.service.ts
FN:9,(anonymous_0)
FN:11,(anonymous_1)
FN:18,(anonymous_2)
FN:21,(anonymous_3)
FNF:4
FNH:0
FNDA:0,(anonymous_0)
FNDA:0,(anonymous_1)
FNDA:0,(anonymous_2)
FNDA:0,(anonymous_3)
DA:1,26
DA:2,26
DA:4,26
DA:7,26
DA:8,0
DA:9,0
DA:12,0
DA:13,0
DA:15,0
DA:16,0
DA:17,0
DA:19,0
DA:22,0
DA:25,0
LF:14
LH:4
BRDA:12,0,0,0
BRF:1
BRH:0
end_of_record
TN:
SF:src\main\webapp\app\core\login\login.service.ts
FN:8,(anonymous_0)
FN:10,(anonymous_1)
FN:14,(anonymous_2)
FN:18,(anonymous_3)
FN:22,(anonymous_4)
FN:24,(anonymous_5)
FNF:6
FNH:0
FNDA:0,(anonymous_0)
FNDA:0,(anonymous_1)
FNDA:0,(anonymous_2)
FNDA:0,(anonymous_3)
FNDA:0,(anonymous_4)
FNDA:0,(anonymous_5)
DA:1,30
DA:2,30
DA:3,30
DA:7,30
DA:8,0
DA:11,0
DA:15,0
DA:19,0
DA:23,0
DA:24,0
DA:26,0
LF:11
LH:4
BRDA:23,0,0,0
BRDA:23,0,1,0
BRF:2
BRH:0
end_of_record
TN:
SF:src\main\webapp\app\core\user\account.model.ts
FN:2,(anonymous_0)
FNF:1
FNH:0
FNDA:0,(anonymous_0)
DA:1,26
DA:3,0
DA:4,0
DA:5,0
DA:6,0
DA:7,0
DA:8,0
DA:9,0
DA:10,0
DA:11,0
DA:12,0
LF:11
LH:1
BRF:0
BRH:0
end_of_record
TN:
SF:src\main\webapp\app\core\user\user.model.ts
FN:17,(anonymous_0)
FNF:1
FNH:1
FNDA:1,(anonymous_0)
DA:16,26
DA:18,1
DA:19,1
DA:20,1
DA:21,1
DA:22,1
DA:23,1
DA:24,1
DA:25,1
DA:26,1
DA:27,1
DA:28,1
DA:29,1
DA:31,1
DA:32,1
DA:33,1
DA:34,1
DA:35,1
DA:36,1
DA:37,1
DA:38,1
DA:39,1
DA:40,1
DA:41,1
DA:42,1
LF:25
LH:25
BRDA:31,0,0,1
BRDA:31,0,1,0
BRDA:32,1,0,1
BRDA:32,1,1,0
BRDA:33,2,0,0
BRDA:33,2,1,1
BRDA:34,3,0,0
BRDA:34,3,1,1
BRDA:35,4,0,0
BRDA:35,4,1,1
BRDA:36,5,0,0
BRDA:36,5,1,1
BRDA:37,6,0,0
BRDA:37,6,1,1
BRDA:38,7,0,0
BRDA:38,7,1,1
BRDA:39,8,0,0
BRDA:39,8,1,1
BRDA:40,9,0,0
BRDA:40,9,1,1
BRDA:41,10,0,0
BRDA:41,10,1,1
BRDA:42,11,0,0
BRDA:42,11,1,1
BRF:24
BRH:12
end_of_record
TN:
SF:src\main\webapp\app\core\user\user.service.ts
FN:13,(anonymous_0)
FN:15,(anonymous_1)
FN:19,(anonymous_2)
FN:23,(anonymous_3)
FN:27,(anonymous_4)
FN:32,(anonymous_5)
FN:36,(anonymous_6)
FNF:7
FNH:3
FNDA:5,(anonymous_0)
FNDA:0,(anonymous_1)
FNDA:0,(anonymous_2)
FNDA:3,(anonymous_3)
FNDA:0,(anonymous_4)
FNDA:0,(anonymous_5)
FNDA:1,(anonymous_6)
DA:1,26
DA:2,26
DA:5,26
DA:6,26
DA:10,26
DA:11,5
DA:13,5
DA:16,0
DA:20,0
DA:24,3
DA:28,0
DA:29,0
DA:33,0
DA:37,1
LF:14
LH:9
BRF:0
BRH:0
end_of_record
TN:
SF:src\main\webapp\app\entities\assertion\assertion-delete-dialog.component.html
FNF:0
FNH:0
DA:1,1
LF:1
LH:1
BRF:0
BRH:0
end_of_record
TN:
SF:src\main\webapp\app\entities\assertion\assertion-delete-dialog.component.ts
FN:23,(anonymous_0)
FN:29,(anonymous_1)
FN:33,(anonymous_2)
FN:34,(anonymous_3)
FN:60,(anonymous_4)
FN:62,(anonymous_5)
FN:63,(anonymous_6)
FN:64,(anonymous_7)
FN:68,(anonymous_8)
FN:72,(anonymous_9)
FN:81,(anonymous_10)
FNF:11
FNH:2
FNDA:1,(anonymous_0)
FNDA:0,(anonymous_1)
FNDA:1,(anonymous_2)
FNDA:0,(anonymous_3)
FNDA:0,(anonymous_4)
FNDA:0,(anonymous_5)
FNDA:0,(anonymous_6)
FNDA:0,(anonymous_7)
FNDA:0,(anonymous_8)
FNDA:0,(anonymous_9)
FNDA:0,(anonymous_10)
DA:1,1
DA:2,1
DA:4,1
DA:5,1
DA:8,1
DA:9,1
DA:11,1
DA:17,1
DA:18,1
DA:19,1
DA:21,1
DA:24,1
DA:25,1
DA:26,1
DA:27,1
DA:30,0
DA:34,1
DA:35,0
DA:36,0
DA:40,0
DA:42,0
DA:46,0
DA:48,0
DA:57,1
DA:60,0
DA:63,0
DA:64,0
DA:65,0
DA:66,0
DA:67,0
DA:69,0
DA:70,0
DA:73,0
DA:74,0
DA:82,0
LF:35
LH:17
BRDA:35,0,0,0
BRDA:35,0,1,0
BRF:2
BRH:0
end_of_record
TN:
SF:src\main\webapp\app\entities\assertion\assertion-detail.component.html
FNF:0
FNH:0
DA:1,1
LF:1
LH:1
BRF:0
BRH:0
end_of_record
TN:
SF:src\main\webapp\app\entities\assertion\assertion-detail.component.ts
FN:19,(anonymous_0)
FN:21,(anonymous_1)
FN:22,(anonymous_2)
FN:24,(anonymous_3)
FN:30,(anonymous_4)
FN:34,(anonymous_5)
FNF:6
FNH:0
FNDA:0,(anonymous_0)
FNDA:0,(anonymous_1)
FNDA:0,(anonymous_2)
FNDA:0,(anonymous_3)
FNDA:0,(anonymous_4)
FNDA:0,(anonymous_5)
DA:1,1
DA:2,1
DA:5,1
DA:6,1
DA:8,1
DA:14,1
DA:16,0
DA:19,0
DA:22,0
DA:23,0
DA:24,0
DA:25,0
DA:31,0
DA:35,0
LF:14
LH:6
BRF:0
BRH:0
end_of_record
TN:
SF:src\main\webapp\app\entities\assertion\assertion-update.component.html
FNF:0
FNH:0
DA:1,1
LF:1
LH:1
BRF:0
BRH:0
end_of_record
TN:
SF:src\main\webapp\app\entities\assertion\assertion-update.component.ts
FN:20,dateValidator
FN:21,(anonymous_1)
FN:54,disambiguatedOrgIdValidator
FN:55,(anonymous_3)
FN:97,hasValue
FN:101,isValidDate
FN:159,(anonymous_6)
FN:167,(anonymous_7)
FN:175,(anonymous_8)
FN:182,(anonymous_9)
FN:183,(anonymous_10)
FN:186,(anonymous_11)
FN:189,(anonymous_12)
FN:195,(anonymous_13)
FN:232,(anonymous_14)
FN:236,(anonymous_15)
FN:241,(anonymous_16)
FN:245,(anonymous_17)
FN:249,(anonymous_18)
FN:253,(anonymous_19)
FN:258,(anonymous_20)
FN:294,(anonymous_21)
FN:299,(anonymous_22)
FN:303,(anonymous_23)
FN:321,(anonymous_24)
FNF:25
FNH:15
FNDA:2,dateValidator
FNDA:3,(anonymous_1)
FNDA:2,disambiguatedOrgIdValidator
FNDA:3,(anonymous_3)
FNDA:9,hasValue
FNDA:0,isValidDate
FNDA:2,(anonymous_6)
FNDA:0,(anonymous_7)
FNDA:0,(anonymous_8)
FNDA:0,(anonymous_9)
FNDA:0,(anonymous_10)
FNDA:0,(anonymous_11)
FNDA:0,(anonymous_12)
FNDA:2,(anonymous_13)
FNDA:2,(anonymous_14)
FNDA:2,(anonymous_15)
FNDA:1,(anonymous_16)
FNDA:0,(anonymous_17)
FNDA:1,(anonymous_18)
FNDA:0,(anonymous_19)
FNDA:2,(anonymous_20)
FNDA:2,(anonymous_21)
FNDA:0,(anonymous_22)
FNDA:1,(anonymous_23)
FNDA:1,(anonymous_24)
DA:1,1
DA:3,1
DA:4,1
DA:6,1
DA:7,1
DA:8,1
DA:9,1
DA:10,1
DA:11,1
DA:12,1
DA:21,2
DA:22,3
DA:23,3
DA:24,3
DA:25,3
DA:26,3
DA:27,3
DA:29,3
DA:34,0
DA:39,0
DA:45,0
DA:46,0
DA:48,0
DA:55,2
DA:56,3
DA:57,1
DA:58,1
DA:59,0
DA:60,0
DA:61,0
DA:63,1
DA:64,0
DA:65,0
DA:66,0
DA:67,0
DA:68,0
DA:69,0
DA:71,0
DA:72,0
DA:73,0
DA:74,0
DA:75,0
DA:76,0
DA:77,0
DA:78,0
DA:79,0
DA:82,0
DA:83,0
DA:84,0
DA:86,1
DA:87,0
DA:88,0
DA:89,0
DA:93,3
DA:98,9
DA:102,0
DA:103,0
DA:104,0
DA:106,0
DA:108,0
DA:115,1
DA:116,2
DA:117,2
DA:118,2
DA:127,2
DA:160,2
DA:161,2
DA:162,2
DA:163,2
DA:164,2
DA:168,0
DA:169,0
DA:170,0
DA:171,0
DA:172,0
DA:173,0
DA:175,0
DA:176,0
DA:179,0
DA:183,0
DA:184,0
DA:186,0
DA:187,0
DA:189,0
DA:190,0
DA:191,0
DA:196,2
DA:197,1
DA:227,1
DA:228,1
DA:233,2
DA:237,2
DA:238,2
DA:239,2
DA:240,1
DA:242,1
DA:243,1
DA:245,0
DA:248,1
DA:250,1
DA:251,1
DA:253,0
DA:259,2
DA:295,2
DA:296,2
DA:300,0
DA:304,1
DA:305,1
DA:308,1
DA:309,0
DA:310,0
DA:313,0
DA:322,1
DA:323,1
DA:324,0
DA:325,0
DA:326,0
LF:117
LH:58
BRDA:29,0,0,0
BRDA:30,1,0,3
BRDA:30,1,1,0
BRDA:30,1,2,3
BRDA:30,1,3,0
BRDA:30,1,4,3
BRDA:30,1,5,0
BRDA:35,2,0,0
BRDA:35,2,1,0
BRDA:36,3,0,0
BRDA:36,3,1,0
BRDA:37,4,0,0
BRDA:37,4,1,0
BRDA:40,5,0,0
BRDA:40,5,1,0
BRDA:41,6,0,0
BRDA:41,6,1,0
BRDA:42,7,0,0
BRDA:42,7,1,0
BRDA:45,8,0,0
BRDA:45,8,1,0
BRDA:56,9,0,1
BRDA:58,10,0,0
BRDA:58,10,1,1
BRDA:60,11,0,0
BRDA:60,12,0,0
BRDA:60,12,1,0
BRDA:63,13,0,0
BRDA:63,13,1,1
BRDA:71,14,0,0
BRDA:71,14,1,0
BRDA:71,15,0,0
BRDA:71,15,1,0
BRDA:74,16,0,0
BRDA:74,16,1,0
BRDA:74,17,0,0
BRDA:74,17,1,0
BRDA:76,18,0,0
BRDA:76,18,1,0
BRDA:76,19,0,0
BRDA:76,19,1,0
BRDA:78,20,0,0
BRDA:78,21,0,0
BRDA:78,21,1,0
BRDA:83,22,0,0
BRDA:83,23,0,0
BRDA:83,23,1,0
BRDA:86,24,0,0
BRDA:88,25,0,0
BRDA:88,26,0,0
BRDA:88,26,1,0
BRDA:98,27,0,9
BRDA:98,27,1,9
BRDA:98,27,2,6
BRDA:98,27,3,6
BRDA:108,28,0,0
BRDA:108,28,1,0
BRDA:108,28,2,0
BRDA:196,29,0,1
BRDA:220,30,0,0
BRDA:220,30,1,1
BRDA:221,31,0,0
BRDA:221,31,1,1
BRDA:222,32,0,0
BRDA:222,32,1,1
BRDA:239,33,0,1
BRDA:239,33,1,1
BRDA:239,34,0,2
BRDA:239,34,1,2
BRDA:283,35,0,0
BRDA:283,35,1,2
BRDA:284,36,0,0
BRDA:284,36,1,2
BRDA:286,37,0,0
BRDA:286,37,1,2
BRDA:289,38,0,0
BRDA:289,38,1,2
BRDA:290,39,0,0
BRDA:290,39,1,2
BRDA:308,40,0,0
BRDA:308,41,0,1
BRDA:308,41,1,0
BRDA:309,42,0,0
BRDA:309,43,0,0
BRDA:309,43,1,0
BRDA:310,44,0,0
BRDA:323,45,0,0
BRDA:323,46,0,1
BRDA:323,46,1,0
BRDA:324,47,0,0
BRDA:324,48,0,0
BRDA:324,48,1,0
BRDA:325,49,0,0
BRF:93
BRH:25
end_of_record
TN:
SF:src\main\webapp\app\entities\assertion\assertion.component.html
FNF:0
FNH:0
DA:1,1
LF:1
LH:1
BRF:0
BRH:0
end_of_record
TN:
SF:src\main\webapp\app\entities\assertion\assertion.component.ts
FN:56,(anonymous_0)
FN:69,(anonymous_1)
FN:70,(anonymous_2)
FN:73,(anonymous_3)
FN:78,(anonymous_4)
FN:81,(anonymous_5)
FN:84,(anonymous_6)
FN:92,(anonymous_7)
FN:101,(anonymous_8)
FN:102,(anonymous_9)
FN:106,(anonymous_10)
FN:112,(anonymous_11)
FN:124,(anonymous_12)
FN:137,(anonymous_13)
FN:141,(anonymous_14)
FN:149,(anonymous_15)
FN:153,(anonymous_16)
FN:155,(anonymous_17)
FN:157,(anonymous_18)
FN:160,(anonymous_19)
FN:164,(anonymous_20)
FN:166,(anonymous_21)
FN:168,(anonymous_22)
FN:171,(anonymous_23)
FN:175,(anonymous_24)
FN:177,(anonymous_25)
FN:179,(anonymous_26)
FN:182,(anonymous_27)
FN:189,(anonymous_28)
FN:195,(anonymous_29)
FN:202,(anonymous_30)
FN:206,(anonymous_31)
FNF:32
FNH:0
FNDA:0,(anonymous_0)
FNDA:0,(anonymous_1)
FNDA:0,(anonymous_2)
FNDA:0,(anonymous_3)
FNDA:0,(anonymous_4)
FNDA:0,(anonymous_5)
FNDA:0,(anonymous_6)
FNDA:0,(anonymous_7)
FNDA:0,(anonymous_8)
FNDA:0,(anonymous_9)
FNDA:0,(anonymous_10)
FNDA:0,(anonymous_11)
FNDA:0,(anonymous_12)
FNDA:0,(anonymous_13)
FNDA:0,(anonymous_14)
FNDA:0,(anonymous_15)
FNDA:0,(anonymous_16)
FNDA:0,(anonymous_17)
FNDA:0,(anonymous_18)
FNDA:0,(anonymous_19)
FNDA:0,(anonymous_20)
FNDA:0,(anonymous_21)
FNDA:0,(anonymous_22)
FNDA:0,(anonymous_23)
FNDA:0,(anonymous_24)
FNDA:0,(anonymous_25)
FNDA:0,(anonymous_26)
FNDA:0,(anonymous_27)
FNDA:0,(anonymous_28)
FNDA:0,(anonymous_29)
FNDA:0,(anonymous_30)
FNDA:0,(anonymous_31)
DA:1,1
DA:3,1
DA:5,1
DA:6,1
DA:9,1
DA:11,1
DA:12,1
DA:13,1
DA:14,1
DA:15,1
DA:17,1
DA:24,1
DA:25,0
DA:26,0
DA:27,0
DA:42,0
DA:44,0
DA:45,0
DA:46,0
DA:47,0
DA:48,0
DA:49,0
DA:57,0
DA:58,0
DA:59,0
DA:60,0
DA:61,0
DA:62,0
DA:63,0
DA:64,0
DA:66,0
DA:70,0
DA:71,0
DA:73,0
DA:74,0
DA:75,0
DA:76,0
DA:78,0
DA:79,0
DA:81,0
DA:82,0
DA:84,0
DA:85,0
DA:86,0
DA:87,0
DA:88,0
DA:93,0
DA:101,0
DA:102,0
DA:107,0
DA:108,0
DA:109,0
DA:113,0
DA:121,0
DA:125,0
DA:126,0
DA:134,0
DA:138,0
DA:142,0
DA:143,0
DA:144,0
DA:146,0
DA:150,0
DA:153,0
DA:155,0
DA:161,0
DA:164,0
DA:166,0
DA:172,0
DA:175,0
DA:177,0
DA:183,0
DA:184,0
DA:185,0
DA:186,0
DA:190,0
DA:191,0
DA:192,0
DA:196,0
DA:197,0
DA:198,0
DA:199,0
DA:203,0
DA:207,0
DA:208,0
LF:85
LH:12
BRDA:98,0,0,0
BRDA:98,0,1,0
BRDA:107,1,0,0
BRDA:107,1,1,0
BRDA:108,2,0,0
BRDA:108,2,1,0
BRDA:117,3,0,0
BRDA:117,3,1,0
BRDA:118,4,0,0
BRDA:118,4,1,0
BRDA:130,5,0,0
BRDA:130,5,1,0
BRDA:131,6,0,0
BRDA:131,6,1,0
BRDA:142,7,0,0
BRDA:142,7,1,0
BRDA:143,8,0,0
BRF:17
BRH:0
end_of_record
TN:
SF:src\main\webapp\app\entities\assertion\assertion.service.ts
FN:19,(anonymous_0)
FN:21,(anonymous_1)
FN:25,(anonymous_2)
FN:28,(anonymous_3)
FN:32,(anonymous_4)
FN:35,(anonymous_5)
FN:39,(anonymous_6)
FN:42,(anonymous_7)
FN:45,(anonymous_8)
FN:48,(anonymous_9)
FN:52,(anonymous_10)
FN:55,(anonymous_11)
FN:59,(anonymous_12)
FN:63,(anonymous_13)
FN:67,(anonymous_14)
FN:71,(anonymous_15)
FN:75,(anonymous_16)
FN:85,(anonymous_17)
FN:96,(anonymous_18)
FN:98,(anonymous_19)
FNF:20
FNH:14
FNDA:13,(anonymous_0)
FNDA:1,(anonymous_1)
FNDA:1,(anonymous_2)
FNDA:0,(anonymous_3)
FNDA:0,(anonymous_4)
FNDA:1,(anonymous_5)
FNDA:1,(anonymous_6)
FNDA:1,(anonymous_7)
FNDA:1,(anonymous_8)
FNDA:1,(anonymous_9)
FNDA:1,(anonymous_10)
FNDA:1,(anonymous_11)
FNDA:0,(anonymous_12)
FNDA:0,(anonymous_13)
FNDA:0,(anonymous_14)
FNDA:0,(anonymous_15)
FNDA:2,(anonymous_16)
FNDA:3,(anonymous_17)
FNDA:1,(anonymous_18)
FNDA:1,(anonymous_19)
DA:1,4
DA:2,4
DA:4,4
DA:5,4
DA:7,4
DA:8,4
DA:10,4
DA:16,4
DA:17,13
DA:19,13
DA:22,1
DA:23,1
DA:25,1
DA:29,0
DA:30,0
DA:32,0
DA:36,1
DA:37,1
DA:39,1
DA:43,1
DA:45,1
DA:49,1
DA:50,1
DA:52,1
DA:56,1
DA:60,0
DA:64,0
DA:68,0
DA:72,0
DA:76,2
DA:82,2
DA:86,3
DA:87,3
DA:88,3
DA:89,3
DA:90,3
DA:91,3
DA:93,3
DA:97,1
DA:98,1
DA:99,1
DA:100,1
DA:101,1
DA:102,1
DA:103,1
DA:106,1
LF:46
LH:39
BRDA:77,0,0,1
BRDA:77,0,1,1
BRDA:77,1,0,2
BRDA:77,1,1,1
BRDA:78,2,0,1
BRDA:78,2,1,1
BRDA:78,3,0,2
BRDA:78,3,1,1
BRDA:80,4,0,0
BRDA:80,4,1,2
BRDA:80,5,0,2
BRDA:80,5,1,0
BRDA:86,6,0,3
BRDA:87,7,0,3
BRDA:87,7,1,0
BRDA:88,8,0,3
BRDA:88,8,1,0
BRDA:89,9,0,0
BRDA:89,9,1,3
BRDA:90,10,0,0
BRDA:90,10,1,3
BRDA:91,11,0,0
BRDA:91,11,1,3
BRDA:97,12,0,1
BRDA:99,13,0,1
BRDA:99,13,1,0
BRDA:100,14,0,1
BRDA:100,14,1,0
BRDA:101,15,0,0
BRDA:101,15,1,1
BRDA:102,16,0,0
BRDA:102,16,1,1
BRDA:103,17,0,0
BRDA:103,17,1,1
BRF:34
BRH:22
end_of_record
TN:
SF:src\main\webapp\app\entities\member\member-delete-dialog.component.html
FNF:0
FNH:0
DA:1,1
LF:1
LH:1
BRF:0
BRH:0
end_of_record
TN:
SF:src\main\webapp\app\entities\member\member-delete-dialog.component.ts
FN:20,(anonymous_0)
FN:27,(anonymous_1)
FN:31,(anonymous_2)
FN:34,(anonymous_3)
FN:43,(anonymous_4)
FN:57,(anonymous_5)
FN:59,(anonymous_6)
FN:60,(anonymous_7)
FN:61,(anonymous_8)
FN:65,(anonymous_9)
FN:69,(anonymous_10)
FN:78,(anonymous_11)
FNF:12
FNH:3
FNDA:1,(anonymous_0)
FNDA:0,(anonymous_1)
FNDA:1,(anonymous_2)
FNDA:1,(anonymous_3)
FNDA:0,(anonymous_4)
FNDA:0,(anonymous_5)
FNDA:0,(anonymous_6)
FNDA:0,(anonymous_7)
FNDA:0,(anonymous_8)
FNDA:0,(anonymous_9)
FNDA:0,(anonymous_10)
FNDA:0,(anonymous_11)
DA:1,1
DA:2,1
DA:4,1
DA:5,1
DA:8,1
DA:10,1
DA:16,1
DA:18,1
DA:21,1
DA:22,1
DA:23,1
DA:24,1
DA:28,0
DA:32,1
DA:33,1
DA:35,1
DA:36,1
DA:40,1
DA:41,1
DA:44,0
DA:54,1
DA:57,0
DA:60,0
DA:61,0
DA:62,0
DA:63,0
DA:64,0
DA:66,0
DA:67,0
DA:70,0
DA:71,0
DA:79,0
LF:32
LH:19
BRF:0
BRH:0
end_of_record
TN:
SF:src\main\webapp\app\entities\member\member-detail.component.html
FNF:0
FNH:0
DA:1,1
LF:1
LH:1
BRF:0
BRH:0
end_of_record
TN:
SF:src\main\webapp\app\entities\member\member-detail.component.ts
FN:16,(anonymous_0)
FN:18,(anonymous_1)
FN:19,(anonymous_2)
FN:30,(anonymous_3)
FNF:4
FNH:3
FNDA:1,(anonymous_0)
FNDA:1,(anonymous_1)
FNDA:1,(anonymous_2)
FNDA:0,(anonymous_3)
DA:1,1
DA:2,1
DA:3,1
DA:11,1
DA:13,1
DA:14,1
DA:16,1
DA:19,1
DA:20,1
DA:21,1
DA:22,1
DA:24,1
DA:25,1
DA:31,0
LF:14
LH:13
BRDA:21,0,0,1
BRDA:24,1,0,1
BRF:2
BRH:2
end_of_record
TN:
SF:src\main\webapp\app\entities\member\member-update.component.html
FNF:0
FNH:0
DA:1,1
LF:1
LH:1
BRF:0
BRH:0
end_of_record
TN:
SF:src\main\webapp\app\entities\member\member-update.component.ts
FN:15,parentSalesforceIdValidator
FN:16,(anonymous_1)
FN:30,clientIdValidator
FN:31,(anonymous_3)
FN:90,(anonymous_4)
FN:101,(anonymous_5)
FN:103,(anonymous_6)
FN:104,(anonymous_7)
FN:111,(anonymous_8)
FN:112,(anonymous_9)
FN:118,(anonymous_10)
FN:133,(anonymous_11)
FN:156,(anonymous_12)
FN:160,(anonymous_13)
FN:163,(anonymous_14)
FN:178,(anonymous_15)
FN:199,(anonymous_16)
FN:200,(anonymous_17)
FN:200,(anonymous_18)
FN:203,(anonymous_19)
FN:209,(anonymous_20)
FN:210,(anonymous_21)
FN:210,(anonymous_22)
FN:213,(anonymous_23)
FN:219,(anonymous_24)
FNF:25
FNH:8
FNDA:2,parentSalesforceIdValidator
FNDA:4,(anonymous_1)
FNDA:2,clientIdValidator
FNDA:4,(anonymous_3)
FNDA:2,(anonymous_4)
FNDA:0,(anonymous_5)
FNDA:0,(anonymous_6)
FNDA:0,(anonymous_7)
FNDA:0,(anonymous_8)
FNDA:0,(anonymous_9)
FNDA:0,(anonymous_10)
FNDA:2,(anonymous_11)
FNDA:0,(anonymous_12)
FNDA:2,(anonymous_13)
FNDA:0,(anonymous_14)
FNDA:2,(anonymous_15)
FNDA:0,(anonymous_16)
FNDA:0,(anonymous_17)
FNDA:0,(anonymous_18)
FNDA:0,(anonymous_19)
FNDA:0,(anonymous_20)
FNDA:0,(anonymous_21)
FNDA:0,(anonymous_22)
FNDA:0,(anonymous_23)
FNDA:0,(anonymous_24)
DA:1,1
DA:3,1
DA:4,1
DA:6,1
DA:7,1
DA:8,1
DA:9,1
DA:10,1
DA:11,1
DA:13,1
DA:16,2
DA:17,4
DA:18,0
DA:19,0
DA:20,0
DA:22,0
DA:23,0
DA:26,4
DA:31,2
DA:32,4
DA:33,0
DA:34,0
DA:35,0
DA:36,0
DA:37,0
DA:39,0
DA:40,0
DA:42,0
DA:43,0
DA:45,0
DA:46,0
DA:47,0
DA:48,0
DA:50,0
DA:52,4
DA:53,2
DA:54,0
DA:57,4
DA:58,2
DA:59,2
DA:62,2
DA:70,1
DA:71,2
DA:72,2
DA:76,2
DA:91,2
DA:92,2
DA:93,2
DA:94,2
DA:95,2
DA:96,2
DA:98,2
DA:102,0
DA:103,0
DA:104,0
DA:105,0
DA:108,0
DA:112,0
DA:113,0
DA:114,0
DA:115,0
DA:118,0
DA:119,0
DA:120,0
DA:121,0
DA:122,0
DA:124,0
DA:125,0
DA:128,0
DA:134,2
DA:147,2
DA:148,2
DA:149,2
DA:150,2
DA:152,0
DA:157,0
DA:161,2
DA:162,2
DA:163,2
DA:164,0
DA:165,0
DA:166,0
DA:167,0
DA:169,0
DA:172,0
DA:173,0
DA:179,2
DA:200,0
DA:204,0
DA:205,0
DA:206,0
DA:210,0
DA:214,0
DA:215,0
DA:216,0
DA:220,0
LF:96
LH:41
BRDA:17,0,0,0
BRDA:17,1,0,4
BRDA:17,1,1,2
BRDA:17,1,2,0
BRDA:22,2,0,0
BRDA:22,3,0,0
BRDA:22,3,1,0
BRDA:32,4,0,0
BRDA:32,5,0,4
BRDA:32,5,1,2
BRDA:32,5,2,0
BRDA:36,6,0,0
BRDA:36,7,0,0
BRDA:36,7,1,0
BRDA:39,8,0,0
BRDA:39,9,0,0
BRDA:39,9,1,0
BRDA:39,9,2,0
BRDA:42,10,0,0
BRDA:42,11,0,0
BRDA:42,11,1,0
BRDA:42,11,2,0
BRDA:45,12,0,0
BRDA:45,12,1,0
BRDA:45,13,0,0
BRDA:45,13,1,0
BRDA:47,14,0,0
BRDA:52,15,0,2
BRDA:53,16,0,0
BRDA:57,17,0,2
BRDA:58,18,0,2
BRDA:119,19,0,0
BRDA:119,19,1,0
BRDA:119,20,0,0
BRDA:119,20,1,0
BRDA:119,20,2,0
BRDA:120,21,0,0
BRDA:124,22,0,0
BRDA:141,23,0,0
BRDA:141,23,1,2
BRDA:143,24,0,0
BRDA:143,24,1,2
BRDA:145,25,0,0
BRDA:145,25,1,2
BRDA:148,26,0,2
BRDA:148,26,1,0
BRDA:148,27,0,2
BRDA:148,27,1,0
BRDA:148,27,2,0
BRDA:165,28,0,0
BRDA:165,28,1,0
BRDA:166,29,0,0
BRDA:166,29,1,0
BRDA:187,30,0,0
BRDA:187,30,1,2
BRDA:190,31,0,0
BRDA:190,31,1,2
BRDA:193,32,0,0
BRDA:193,32,1,2
BRF:59
BRH:15
end_of_record
TN:
SF:src\main\webapp\app\entities\member\member.component.html
FNF:0
FNH:0
DA:1,1
LF:1
LH:1
BRF:0
BRH:0
end_of_record
TN:
SF:src\main\webapp\app\entities\member\member.component.ts
FN:40,(anonymous_0)
FN:51,(anonymous_1)
FN:58,(anonymous_2)
FN:60,(anonymous_3)
FN:64,(anonymous_4)
FN:71,(anonymous_5)
FN:77,(anonymous_6)
FN:92,(anonymous_7)
FN:93,(anonymous_8)
FN:97,(anonymous_9)
FN:101,(anonymous_10)
FN:113,(anonymous_11)
FN:126,(anonymous_12)
FN:130,(anonymous_13)
FN:138,(anonymous_14)
FN:145,(anonymous_15)
FN:151,(anonymous_16)
FN:158,(anonymous_17)
FN:162,(anonymous_18)
FNF:19
FNH:0
FNDA:0,(anonymous_0)
FNDA:0,(anonymous_1)
FNDA:0,(anonymous_2)
FNDA:0,(anonymous_3)
FNDA:0,(anonymous_4)
FNDA:0,(anonymous_5)
FNDA:0,(anonymous_6)
FNDA:0,(anonymous_7)
FNDA:0,(anonymous_8)
FNDA:0,(anonymous_9)
FNDA:0,(anonymous_10)
FNDA:0,(anonymous_11)
FNDA:0,(anonymous_12)
FNDA:0,(anonymous_13)
FNDA:0,(anonymous_14)
FNDA:0,(anonymous_15)
FNDA:0,(anonymous_16)
FNDA:0,(anonymous_17)
FNDA:0,(anonymous_18)
DA:2,1
DA:4,1
DA:5,1
DA:6,1
DA:9,1
DA:11,1
DA:12,1
DA:14,1
DA:20,1
DA:32,0
DA:33,0
DA:34,0
DA:35,0
DA:41,0
DA:42,0
DA:43,0
DA:44,0
DA:45,0
DA:46,0
DA:47,0
DA:48,0
DA:50,0
DA:51,0
DA:52,0
DA:53,0
DA:54,0
DA:59,0
DA:60,0
DA:61,0
DA:64,0
DA:65,0
DA:66,0
DA:67,0
DA:72,0
DA:73,0
DA:74,0
DA:78,0
DA:79,0
DA:81,0
DA:84,0
DA:92,0
DA:93,0
DA:98,0
DA:102,0
DA:110,0
DA:114,0
DA:115,0
DA:123,0
DA:127,0
DA:131,0
DA:132,0
DA:133,0
DA:135,0
DA:139,0
DA:140,0
DA:141,0
DA:142,0
DA:146,0
DA:147,0
DA:148,0
DA:152,0
DA:153,0
DA:154,0
DA:155,0
DA:159,0
DA:163,0
LF:66
LH:9
BRDA:72,0,0,0
BRDA:72,0,1,0
BRDA:73,1,0,0
BRDA:73,1,1,0
BRDA:78,2,0,0
BRDA:78,2,1,0
BRDA:89,3,0,0
BRDA:89,3,1,0
BRDA:106,4,0,0
BRDA:106,4,1,0
BRDA:107,5,0,0
BRDA:107,5,1,0
BRDA:119,6,0,0
BRDA:119,6,1,0
BRDA:120,7,0,0
BRDA:120,7,1,0
BRDA:131,8,0,0
BRDA:131,8,1,0
BRDA:132,9,0,0
BRF:19
BRH:0
end_of_record
TN:
SF:src\main\webapp\app\entities\member\member.service.ts
FN:22,(anonymous_0)
FN:27,(anonymous_1)
FN:31,(anonymous_2)
FN:34,(anonymous_3)
FN:38,(anonymous_4)
FN:41,(anonymous_5)
FN:45,(anonymous_6)
FN:48,(anonymous_7)
FN:51,(anonymous_8)
FN:54,(anonymous_9)
FN:58,(anonymous_10)
FN:61,(anonymous_11)
FN:64,(anonymous_12)
FN:67,(anonymous_13)
FN:71,(anonymous_14)
FN:79,(anonymous_15)
FN:87,(anonymous_16)
FN:89,(anonymous_17)
FNF:18
FNH:16
FNDA:16,(anonymous_0)
FNDA:1,(anonymous_1)
FNDA:1,(anonymous_2)
FNDA:1,(anonymous_3)
FNDA:1,(anonymous_4)
FNDA:2,(anonymous_5)
FNDA:0,(anonymous_6)
FNDA:1,(anonymous_7)
FNDA:1,(anonymous_8)
FNDA:1,(anonymous_9)
FNDA:1,(anonymous_10)
FNDA:16,(anonymous_11)
FNDA:0,(anonymous_12)
FNDA:1,(anonymous_13)
FNDA:4,(anonymous_14)
FNDA:3,(anonymous_15)
FNDA:1,(anonymous_16)
FNDA:1,(anonymous_17)
DA:1,5
DA:2,5
DA:4,5
DA:5,5
DA:7,5
DA:9,5
DA:10,5
DA:17,5
DA:18,16
DA:22,16
DA:23,16
DA:24,16
DA:28,1
DA:29,1
DA:31,1
DA:35,1
DA:36,1
DA:38,1
DA:42,2
DA:43,2
DA:45,0
DA:49,1
DA:51,1
DA:55,1
DA:56,1
DA:58,1
DA:62,16
DA:64,0
DA:68,1
DA:72,4
DA:76,4
DA:80,3
DA:81,3
DA:82,3
DA:84,3
DA:88,1
DA:89,1
DA:90,1
DA:91,1
DA:94,1
LF:40
LH:38
BRDA:73,0,0,1
BRDA:73,0,1,3
BRDA:73,1,0,4
BRDA:73,1,1,1
BRDA:74,2,0,1
BRDA:74,2,1,3
BRDA:74,3,0,4
BRDA:74,3,1,1
BRDA:80,4,0,3
BRDA:81,5,0,3
BRDA:81,5,1,0
BRDA:82,6,0,3
BRDA:82,6,1,0
BRDA:88,7,0,1
BRDA:90,8,0,1
BRDA:90,8,1,0
BRDA:91,9,0,1
BRDA:91,9,1,0
BRF:18
BRH:14
end_of_record
TN:
SF:src\main\webapp\app\entities\user\user-delete-dialog.component.html
FNF:0
FNH:0
DA:1,1
LF:1
LH:1
BRF:0
BRH:0
end_of_record
TN:
SF:src\main\webapp\app\entities\user\user-delete-dialog.component.ts
FN:19,(anonymous_0)
FN:26,(anonymous_1)
FN:30,(anonymous_2)
FN:31,(anonymous_3)
FN:49,(anonymous_4)
FN:51,(anonymous_5)
FN:52,(anonymous_6)
FN:53,(anonymous_7)
FN:57,(anonymous_8)
FN:61,(anonymous_9)
FN:70,(anonymous_10)
FNF:11
FNH:3
FNDA:1,(anonymous_0)
FNDA:0,(anonymous_1)
FNDA:1,(anonymous_2)
FNDA:1,(anonymous_3)
FNDA:0,(anonymous_4)
FNDA:0,(anonymous_5)
FNDA:0,(anonymous_6)
FNDA:0,(anonymous_7)
FNDA:0,(anonymous_8)
FNDA:0,(anonymous_9)
FNDA:0,(anonymous_10)
DA:1,1
DA:2,1
DA:4,1
DA:5,1
DA:8,1
DA:10,1
DA:16,1
DA:20,1
DA:21,1
DA:22,1
DA:23,1
DA:27,0
DA:31,1
DA:32,1
DA:36,1
DA:37,1
DA:46,1
DA:49,0
DA:52,0
DA:53,0
DA:54,0
DA:55,0
DA:56,0
DA:58,0
DA:59,0
DA:62,0
DA:63,0
DA:71,0
LF:28
LH:16
BRF:0
BRH:0
end_of_record
TN:
SF:src\main\webapp\app\entities\user\user-detail.component.html
FNF:0
FNH:0
DA:1,1
LF:1
LH:1
BRF:0
BRH:0
end_of_record
TN:
SF:src\main\webapp\app\entities\user\user-detail.component.ts
FN:18,(anonymous_0)
FN:24,(anonymous_1)
FN:25,(anonymous_2)
FN:30,(anonymous_3)
FN:31,(anonymous_4)
FN:41,(anonymous_5)
FN:48,(anonymous_6)
FNF:7
FNH:3
FNDA:1,(anonymous_0)
FNDA:1,(anonymous_1)
FNDA:1,(anonymous_2)
FNDA:0,(anonymous_3)
FNDA:0,(anonymous_4)
FNDA:0,(anonymous_5)
FNDA:0,(anonymous_6)
DA:1,1
DA:2,1
DA:3,1
DA:5,1
DA:6,1
DA:12,1
DA:14,1
DA:15,1
DA:16,1
DA:19,1
DA:20,1
DA:21,1
DA:25,1
DA:26,1
DA:31,0
DA:32,0
DA:33,0
DA:35,0
DA:37,0
DA:42,0
DA:43,0
DA:45,0
DA:49,0
LF:23
LH:14
BRDA:32,0,0,0
BRDA:32,0,1,0
BRDA:42,1,0,0
BRF:3
BRH:0
end_of_record
TN:
SF:src\main\webapp\app\entities\user\user-update.component.html
FNF:0
FNH:0
DA:1,1
LF:1
LH:1
BRF:0
BRH:0
end_of_record
TN:
SF:src\main\webapp\app\entities\user\user-update.component.ts
FN:52,(anonymous_0)
FN:65,(anonymous_1)
FN:69,(anonymous_2)
FN:74,(anonymous_3)
FN:77,(anonymous_4)
FN:82,(anonymous_5)
FN:94,(anonymous_6)
FN:95,(anonymous_7)
FN:96,(anonymous_8)
FN:118,(anonymous_9)
FN:147,(anonymous_10)
FN:151,(anonymous_11)
FN:163,(anonymous_12)
FN:167,(anonymous_13)
FN:171,(anonymous_14)
FN:175,(anonymous_15)
FN:179,(anonymous_16)
FN:181,(anonymous_17)
FN:197,(anonymous_18)
FN:202,(anonymous_19)
FN:232,(anonymous_20)
FN:233,(anonymous_21)
FN:243,(anonymous_22)
FN:252,(anonymous_23)
FN:273,(anonymous_24)
FN:274,(anonymous_25)
FN:274,(anonymous_26)
FN:277,(anonymous_27)
FN:278,(anonymous_28)
FN:278,(anonymous_29)
FN:281,(anonymous_30)
FN:282,(anonymous_31)
FN:282,(anonymous_32)
FN:285,(anonymous_33)
FN:286,(anonymous_34)
FN:286,(anonymous_35)
FN:289,(anonymous_36)
FN:295,(anonymous_37)
FN:301,(anonymous_38)
FN:307,(anonymous_39)
FN:313,(anonymous_40)
FN:317,(anonymous_41)
FNF:42
FNH:3
FNDA:2,(anonymous_0)
FNDA:0,(anonymous_1)
FNDA:0,(anonymous_2)
FNDA:0,(anonymous_3)
FNDA:0,(anonymous_4)
FNDA:0,(anonymous_5)
FNDA:0,(anonymous_6)
FNDA:0,(anonymous_7)
FNDA:0,(anonymous_8)
FNDA:2,(anonymous_9)
FNDA:0,(anonymous_10)
FNDA:0,(anonymous_11)
FNDA:0,(anonymous_12)
FNDA:0,(anonymous_13)
FNDA:0,(anonymous_14)
FNDA:0,(anonymous_15)
FNDA:0,(anonymous_16)
FNDA:0,(anonymous_17)
FNDA:2,(anonymous_18)
FNDA:0,(anonymous_19)
FNDA:0,(anonymous_20)
FNDA:0,(anonymous_21)
FNDA:0,(anonymous_22)
FNDA:0,(anonymous_23)
FNDA:0,(anonymous_24)
FNDA:0,(anonymous_25)
FNDA:0,(anonymous_26)
FNDA:0,(anonymous_27)
FNDA:0,(anonymous_28)
FNDA:0,(anonymous_29)
FNDA:0,(anonymous_30)
FNDA:0,(anonymous_31)
FNDA:0,(anonymous_32)
FNDA:0,(anonymous_33)
FNDA:0,(anonymous_34)
FNDA:0,(anonymous_35)
FNDA:0,(anonymous_36)
FNDA:0,(anonymous_37)
FNDA:0,(anonymous_38)
FNDA:0,(anonymous_39)
FNDA:0,(anonymous_40)
FNDA:0,(anonymous_41)
DA:1,1
DA:3,1
DA:4,1
DA:6,1
DA:7,1
DA:8,1
DA:10,1
DA:11,1
DA:12,1
DA:15,1
DA:16,1
DA:17,1
DA:18,1
DA:24,1
DA:28,2
DA:29,2
DA:33,2
DA:49,2
DA:50,2
DA:53,2
DA:54,2
DA:55,2
DA:56,2
DA:57,2
DA:58,2
DA:59,2
DA:60,2
DA:62,2
DA:66,0
DA:67,0
DA:68,0
DA:69,0
DA:70,0
DA:72,0
DA:74,0
DA:75,0
DA:76,0
DA:77,0
DA:78,0
DA:80,0
DA:81,0
DA:82,0
DA:83,0
DA:84,0
DA:86,0
DA:91,0
DA:95,0
DA:96,0
DA:97,0
DA:98,0
DA:99,0
DA:100,0
DA:104,0
DA:105,0
DA:110,0
DA:111,0
DA:119,2
DA:134,2
DA:135,0
DA:136,0
DA:139,2
DA:140,0
DA:142,2
DA:143,0
DA:148,0
DA:152,0
DA:153,0
DA:154,0
DA:155,0
DA:158,0
DA:160,0
DA:164,0
DA:168,0
DA:172,0
DA:176,0
DA:180,0
DA:181,0
DA:182,0
DA:183,0
DA:184,0
DA:186,0
DA:190,0
DA:191,0
DA:193,0
DA:198,2
DA:199,0
DA:200,0
DA:202,0
DA:203,0
DA:204,0
DA:205,0
DA:206,0
DA:207,0
DA:208,0
DA:210,0
DA:212,0
DA:213,0
DA:215,0
DA:218,0
DA:219,0
DA:221,0
DA:225,0
DA:226,0
DA:233,0
DA:234,0
DA:235,0
DA:237,0
DA:239,0
DA:244,0
DA:245,0
DA:246,0
DA:247,0
DA:249,0
DA:253,0
DA:274,0
DA:278,0
DA:282,0
DA:286,0
DA:290,0
DA:291,0
DA:292,0
DA:296,0
DA:297,0
DA:298,0
DA:302,0
DA:303,0
DA:304,0
DA:308,0
DA:309,0
DA:310,0
DA:314,0
DA:318,0
LF:132
LH:33
BRDA:75,0,0,0
BRDA:80,1,0,0
BRDA:97,2,0,0
BRDA:97,2,1,0
BRDA:98,3,0,0
BRDA:98,3,1,0
BRDA:129,4,0,0
BRDA:129,4,1,2
BRDA:131,5,0,0
BRDA:131,5,1,2
BRDA:134,6,0,0
BRDA:139,7,0,0
BRDA:142,8,0,0
BRDA:152,9,0,0
BRDA:152,9,1,0
BRDA:154,10,0,0
BRDA:154,11,0,0
BRDA:154,11,1,0
BRDA:183,12,0,0
BRDA:183,12,1,0
BRDA:190,13,0,0
BRDA:190,13,1,0
BRDA:198,14,0,0
BRDA:204,15,0,0
BRDA:204,15,1,0
BRDA:205,16,0,0
BRDA:205,16,1,0
BRDA:206,17,0,0
BRDA:206,17,1,0
BRDA:207,18,0,0
BRDA:207,18,1,0
BRDA:212,19,0,0
BRDA:212,19,1,0
BRDA:212,20,0,0
BRDA:212,20,1,0
BRDA:218,21,0,0
BRDA:218,21,1,0
BRDA:218,22,0,0
BRDA:218,22,1,0
BRDA:234,23,0,0
BRDA:234,23,1,0
BRDA:244,24,0,0
BRDA:244,25,0,0
BRDA:244,25,1,0
BRDA:244,25,2,0
BRDA:260,26,0,0
BRDA:260,26,1,0
BRDA:264,27,0,0
BRDA:264,27,1,0
BRDA:267,28,0,0
BRDA:267,28,1,0
BRF:51
BRH:2
end_of_record
TN:
SF:src\main\webapp\app\entities\user\user.component.html
FNF:0
FNH:0
DA:1,1
LF:1
LH:1
BRF:0
BRH:0
end_of_record
TN:
SF:src\main\webapp\app\entities\user\user.component.ts
FN:42,(anonymous_0)
FN:53,(anonymous_1)
FN:60,(anonymous_2)
FN:61,(anonymous_3)
FN:65,(anonymous_4)
FN:72,(anonymous_5)
FN:78,(anonymous_6)
FN:94,(anonymous_7)
FN:95,(anonymous_8)
FN:106,(anonymous_9)
FN:107,(anonymous_10)
FN:112,(anonymous_11)
FN:116,(anonymous_12)
FN:128,(anonymous_13)
FN:141,(anonymous_14)
FN:145,(anonymous_15)
FN:153,(anonymous_16)
FN:154,(anonymous_17)
FN:163,(anonymous_18)
FN:173,(anonymous_19)
FN:177,(anonymous_20)
FN:181,(anonymous_21)
FN:188,(anonymous_22)
FN:192,(anonymous_23)
FN:196,(anonymous_24)
FN:197,(anonymous_25)
FN:202,(anonymous_26)
FN:209,(anonymous_27)
FN:215,(anonymous_28)
FN:222,(anonymous_29)
FN:226,(anonymous_30)
FNF:31
FNH:0
FNDA:0,(anonymous_0)
FNDA:0,(anonymous_1)
FNDA:0,(anonymous_2)
FNDA:0,(anonymous_3)
FNDA:0,(anonymous_4)
FNDA:0,(anonymous_5)
FNDA:0,(anonymous_6)
FNDA:0,(anonymous_7)
FNDA:0,(anonymous_8)
FNDA:0,(anonymous_9)
FNDA:0,(anonymous_10)
FNDA:0,(anonymous_11)
FNDA:0,(anonymous_12)
FNDA:0,(anonymous_13)
FNDA:0,(anonymous_14)
FNDA:0,(anonymous_15)
FNDA:0,(anonymous_16)
FNDA:0,(anonymous_17)
FNDA:0,(anonymous_18)
FNDA:0,(anonymous_19)
FNDA:0,(anonymous_20)
FNDA:0,(anonymous_21)
FNDA:0,(anonymous_22)
FNDA:0,(anonymous_23)
FNDA:0,(anonymous_24)
FNDA:0,(anonymous_25)
FNDA:0,(anonymous_26)
FNDA:0,(anonymous_27)
FNDA:0,(anonymous_28)
FNDA:0,(anonymous_29)
FNDA:0,(anonymous_30)
DA:1,1
DA:3,1
DA:5,1
DA:6,1
DA:9,1
DA:10,1
DA:11,1
DA:12,1
DA:14,1
DA:20,1
DA:33,0
DA:34,0
DA:38,0
DA:39,0
DA:40,0
DA:43,0
DA:44,0
DA:45,0
DA:46,0
DA:47,0
DA:48,0
DA:49,0
DA:50,0
DA:52,0
DA:53,0
DA:54,0
DA:55,0
DA:56,0
DA:61,0
DA:62,0
DA:64,0
DA:65,0
DA:66,0
DA:67,0
DA:68,0
DA:73,0
DA:74,0
DA:75,0
DA:79,0
DA:80,0
DA:82,0
DA:85,0
DA:86,0
DA:94,0
DA:95,0
DA:98,0
DA:106,0
DA:107,0
DA:113,0
DA:117,0
DA:125,0
DA:129,0
DA:130,0
DA:138,0
DA:142,0
DA:146,0
DA:147,0
DA:148,0
DA:150,0
DA:154,0
DA:155,0
DA:156,0
DA:158,0
DA:164,0
DA:165,0
DA:167,0
DA:168,0
DA:170,0
DA:174,0
DA:178,0
DA:182,0
DA:183,0
DA:185,0
DA:189,0
DA:193,0
DA:197,0
DA:198,0
DA:203,0
DA:204,0
DA:205,0
DA:206,0
DA:210,0
DA:211,0
DA:212,0
DA:216,0
DA:217,0
DA:218,0
DA:219,0
DA:223,0
DA:227,0
LF:90
LH:10
BRDA:73,0,0,0
BRDA:73,0,1,0
BRDA:74,1,0,0
BRDA:74,1,1,0
BRDA:79,2,0,0
BRDA:79,2,1,0
BRDA:85,3,0,0
BRDA:85,3,1,0
BRDA:91,4,0,0
BRDA:91,4,1,0
BRDA:103,5,0,0
BRDA:103,5,1,0
BRDA:121,6,0,0
BRDA:121,6,1,0
BRDA:122,7,0,0
BRDA:122,7,1,0
BRDA:134,8,0,0
BRDA:134,8,1,0
BRDA:135,9,0,0
BRDA:135,9,1,0
BRDA:146,10,0,0
BRDA:146,10,1,0
BRDA:147,11,0,0
BRDA:155,12,0,0
BRDA:155,12,1,0
BRDA:164,13,0,0
BRDA:167,14,0,0
BRDA:182,15,0,0
BRF:28
BRH:0
end_of_record
TN:
SF:src\main\webapp\app\entities\user\user.service.ts
FN:20,(anonymous_0)
FN:22,(anonymous_1)
FN:26,(anonymous_2)
FN:29,(anonymous_3)
FN:33,(anonymous_4)
FN:36,(anonymous_5)
FN:40,(anonymous_6)
FN:43,(anonymous_7)
FN:47,(anonymous_8)
FN:50,(anonymous_9)
FN:55,(anonymous_10)
FN:58,(anonymous_11)
FN:61,(anonymous_12)
FN:65,(anonymous_13)
FN:69,(anonymous_14)
FN:72,(anonymous_15)
FN:76,(anonymous_16)
FN:79,(anonymous_17)
FN:83,(anonymous_18)
FN:93,(anonymous_19)
FN:101,(anonymous_20)
FN:107,(anonymous_21)
FN:117,(anonymous_22)
FN:119,(anonymous_23)
FN:124,(anonymous_24)
FNF:25
FNH:14
FNDA:15,(anonymous_0)
FNDA:1,(anonymous_1)
FNDA:1,(anonymous_2)
FNDA:0,(anonymous_3)
FNDA:0,(anonymous_4)
FNDA:0,(anonymous_5)
FNDA:0,(anonymous_6)
FNDA:1,(anonymous_7)
FNDA:1,(anonymous_8)
FNDA:0,(anonymous_9)
FNDA:1,(anonymous_10)
FNDA:1,(anonymous_11)
FNDA:0,(anonymous_12)
FNDA:0,(anonymous_13)
FNDA:0,(anonymous_14)
FNDA:1,(anonymous_15)
FNDA:1,(anonymous_16)
FNDA:1,(anonymous_17)
FNDA:0,(anonymous_18)
FNDA:2,(anonymous_19)
FNDA:3,(anonymous_20)
FNDA:0,(anonymous_21)
FNDA:1,(anonymous_22)
FNDA:1,(anonymous_23)
FNDA:0,(anonymous_24)
DA:1,5
DA:2,5
DA:4,5
DA:6,5
DA:8,5
DA:9,5
DA:16,5
DA:17,15
DA:18,15
DA:20,15
DA:23,1
DA:24,1
DA:26,1
DA:30,0
DA:31,0
DA:33,0
DA:37,0
DA:38,0
DA:40,0
DA:44,1
DA:45,1
DA:47,1
DA:51,0
DA:52,0
DA:56,1
DA:58,1
DA:62,0
DA:66,0
DA:67,0
DA:69,0
DA:73,1
DA:74,1
DA:76,1
DA:80,1
DA:84,0
DA:85,0
DA:86,0
DA:94,2
DA:98,2
DA:102,3
DA:103,3
DA:104,3
DA:105,3
DA:106,3
DA:107,0
DA:108,0
DA:109,0
DA:114,3
DA:118,1
DA:119,1
DA:120,1
DA:121,1
DA:122,1
DA:123,1
DA:124,0
DA:125,0
DA:126,0
DA:132,1
LF:58
LH:37
BRDA:95,0,0,1
BRDA:95,0,1,1
BRDA:95,1,0,2
BRDA:95,1,1,1
BRDA:96,2,0,1
BRDA:96,2,1,1
BRDA:96,3,0,2
BRDA:96,3,1,1
BRDA:102,4,0,3
BRDA:103,5,0,3
BRDA:103,5,1,0
BRDA:104,6,0,3
BRDA:104,6,1,0
BRDA:106,7,0,0
BRDA:108,8,0,0
BRDA:118,9,0,1
BRDA:120,10,0,1
BRDA:120,10,1,0
BRDA:121,11,0,1
BRDA:121,11,1,0
BRDA:123,12,0,0
BRDA:125,13,0,0
BRF:22
BRH:14
end_of_record
TN:
SF:src\main\webapp\app\shared\index.ts
FNF:0
FNH:0
DA:1,17
DA:2,17
DA:3,17
DA:4,17
DA:5,17
DA:6,17
DA:7,17
DA:8,17
DA:9,17
DA:10,17
DA:11,17
DA:12,17
DA:13,17
LF:13
LH:13
BRF:0
BRH:0
end_of_record
TN:
SF:src\main\webapp\app\shared\shared-common.module.ts
FNF:0
FNH:0
DA:1,17
DA:3,17
DA:10,17
LF:3
LH:3
BRF:0
BRH:0
end_of_record
TN:
SF:src\main\webapp\app\shared\shared-libs.module.ts
FN:15,(anonymous_0)
FNF:1
FNH:0
FNDA:0,(anonymous_0)
DA:1,17
DA:2,17
DA:3,17
DA:4,17
DA:5,17
DA:6,17
DA:7,17
DA:8,17
DA:14,17
DA:16,0
LF:10
LH:9
BRF:0
BRH:0
end_of_record
TN:
SF:src\main\webapp\app\shared\shared.module.ts
FN:12,(anonymous_0)
FNF:1
FNH:0
FNDA:0,(anonymous_0)
DA:1,17
DA:2,17
DA:11,17
DA:13,0
LF:4
LH:3
BRF:0
BRH:0
end_of_record
TN:
SF:src\main\webapp\app\shared\alert\alert-error.component.ts
FN:22,(anonymous_0)
FN:26,(anonymous_1)
FN:39,(anonymous_2)
FN:89,(anonymous_3)
FN:96,(anonymous_4)
FN:103,(anonymous_5)
FN:117,(anonymous_6)
FNF:7
FNH:6
FNDA:7,(anonymous_0)
FNDA:8,(anonymous_1)
FNDA:2,(anonymous_2)
FNDA:0,(anonymous_3)
FNDA:6,(anonymous_4)
FNDA:7,(anonymous_5)
FNDA:1,(anonymous_6)
DA:1,18
DA:2,18
DA:3,18
DA:18,18
DA:22,7
DA:24,7
DA:26,7
DA:28,8
DA:29,8
DA:32,1
DA:33,1
DA:36,4
DA:37,4
DA:38,4
DA:39,4
DA:40,2
DA:41,1
DA:42,1
DA:43,1
DA:46,4
DA:47,1
DA:48,1
DA:49,3
DA:50,1
DA:51,1
DA:52,1
DA:53,1
DA:54,1
DA:57,1
DA:58,1
DA:59,1
DA:61,2
DA:62,1
DA:63,1
DA:64,1
DA:65,1
DA:68,0
DA:71,0
DA:73,3
DA:76,1
DA:77,1
DA:80,2
DA:81,1
DA:83,1
DA:90,0
DA:97,6
DA:98,6
DA:99,6
DA:104,7
DA:106,7
DA:114,7
DA:118,1
DA:119,0
DA:120,0
DA:122,1
LF:55
LH:50
BRDA:29,0,0,1
BRDA:29,0,1,4
BRDA:29,0,2,1
BRDA:29,0,3,2
BRDA:40,1,0,1
BRDA:40,1,1,1
BRDA:42,2,0,1
BRDA:46,3,0,1
BRDA:46,3,1,3
BRDA:49,4,0,1
BRDA:49,4,1,2
BRDA:49,5,0,3
BRDA:49,5,1,3
BRDA:53,6,0,1
BRDA:61,7,0,1
BRDA:61,7,1,1
BRDA:61,8,0,2
BRDA:61,8,1,2
BRDA:63,9,0,1
BRDA:63,9,1,0
BRDA:64,10,0,1
BRDA:80,11,0,1
BRDA:80,11,1,1
BRDA:80,12,0,2
BRDA:80,12,1,2
BRDA:97,13,0,6
BRDA:97,14,0,6
BRDA:97,14,1,6
BRDA:104,15,0,4
BRDA:104,15,1,3
BRDA:104,16,0,7
BRDA:104,16,1,4
BRDA:118,17,0,0
BRDA:118,17,1,1
BRDA:118,18,0,1
BRDA:118,18,1,1
BRF:36
BRH:34
end_of_record
TN:
SF:src\main\webapp\app\shared\alert\alert.component.ts
FN:19,(anonymous_0)
FN:21,(anonymous_1)
FN:25,(anonymous_2)
FN:32,(anonymous_3)
FNF:4
FNH:0
FNDA:0,(anonymous_0)
FNDA:0,(anonymous_1)
FNDA:0,(anonymous_2)
FNDA:0,(anonymous_3)
DA:1,17
DA:2,17
DA:16,17
DA:19,0
DA:22,0
DA:26,0
DA:33,0
LF:7
LH:3
BRF:0
BRH:0
end_of_record
TN:
SF:src\main\webapp\app\shared\auth\has-any-authority.directive.ts
FN:21,(anonymous_0)
FN:24,(anonymous_1)
FN:28,(anonymous_2)
FN:31,(anonymous_3)
FNF:4
FNH:0
FNDA:0,(anonymous_0)
FNDA:0,(anonymous_1)
FNDA:0,(anonymous_2)
FNDA:0,(anonymous_3)
DA:1,17
DA:2,17
DA:18,17
DA:21,0
DA:24,17
DA:25,0
DA:26,0
DA:28,0
DA:32,0
DA:33,0
DA:34,0
DA:35,0
LF:12
LH:4
BRDA:25,0,0,0
BRDA:25,0,1,0
BRDA:34,1,0,0
BRF:3
BRH:0
end_of_record
TN:
SF:src\main\webapp\app\shared\constants\error.constants.ts
FNF:0
FNH:0
DA:1,17
DA:2,17
DA:3,17
DA:4,17
LF:4
LH:4
BRF:0
BRH:0
end_of_record
TN:
SF:src\main\webapp\app\shared\constants\input.constants.ts
FNF:0
FNH:0
DA:1,17
DA:2,17
LF:2
LH:2
BRF:0
BRH:0
end_of_record
TN:
SF:src\main\webapp\app\shared\constants\orcid-api.constants.ts
FNF:0
FNH:0
DA:1,3
DA:3,3
DA:16,3
DA:268,3
DA:270,3
DA:272,3
LF:6
LH:6
BRF:0
BRH:0
end_of_record
TN:
SF:src\main\webapp\app\shared\constants\pagination.constants.ts
FNF:0
FNH:0
DA:1,17
LF:1
LH:1
BRF:0
BRH:0
end_of_record
TN:
SF:src\main\webapp\app\shared\errorHandler\error-handler.service.ts
FN:9,(anonymous_0)
FN:10,(anonymous_1)
FN:28,(anonymous_2)
FNF:3
FNH:1
FNDA:13,(anonymous_0)
FNDA:0,(anonymous_1)
FNDA:0,(anonymous_2)
DA:2,4
DA:3,4
DA:8,4
DA:11,0
DA:13,0
DA:17,0
DA:21,0
DA:22,0
DA:29,0
LF:9
LH:3
BRDA:11,0,0,0
BRDA:11,0,1,0
BRF:2
BRH:0
end_of_record
TN:
SF:src\main\webapp\app\shared\language\find-language-from-key.pipe.ts
FN:3,(anonymous_0)
FN:20,(anonymous_1)
FNF:2
FNH:0
FNDA:0,(anonymous_0)
FNDA:0,(anonymous_1)
DA:1,17
DA:4,17
DA:5,0
DA:21,0
LF:4
LH:2
BRF:0
BRH:0
end_of_record
TN:
SF:src\main\webapp\app\shared\login\login.component.html
FNF:0
FNH:0
DA:1,30
LF:1
LH:1
BRF:0
BRH:0
end_of_record
TN:
SF:src\main\webapp\app\shared\login\login.component.ts
FN:28,(anonymous_0)
FN:40,(anonymous_1)
FN:41,(anonymous_2)
FN:44,(anonymous_3)
FN:56,(anonymous_4)
FN:75,(anonymous_5)
FN:78,(anonymous_6)
FN:87,(anonymous_7)
FN:95,(anonymous_8)
FN:117,(anonymous_9)
FN:124,(anonymous_10)
FN:131,(anonymous_11)
FNF:12
FNH:5
FNDA:5,(anonymous_0)
FNDA:0,(anonymous_1)
FNDA:0,(anonymous_2)
FNDA:1,(anonymous_3)
FNDA:2,(anonymous_4)
FNDA:0,(anonymous_5)
FNDA:0,(anonymous_6)
FNDA:0,(anonymous_7)
FNDA:0,(anonymous_8)
FNDA:1,(anonymous_9)
FNDA:1,(anonymous_10)
FNDA:0,(anonymous_11)
DA:1,30
DA:2,30
DA:3,30
DA:4,30
DA:5,30
DA:6,30
DA:7,30
DA:8,30
DA:14,30
DA:16,5
DA:17,5
DA:18,5
DA:19,5
DA:21,5
DA:29,5
DA:30,5
DA:31,5
DA:32,5
DA:33,5
DA:34,5
DA:35,5
DA:36,5
DA:37,5
DA:41,0
DA:45,1
DA:46,1
DA:51,1
DA:52,1
DA:57,2
DA:58,2
DA:60,2
DA:61,0
DA:63,2
DA:64,0
DA:67,2
DA:76,0
DA:77,0
DA:78,0
DA:79,0
DA:82,0
DA:83,0
DA:85,0
DA:88,0
DA:89,0
DA:96,0
DA:97,0
DA:99,0
DA:100,0
DA:103,0
DA:110,0
DA:111,0
DA:112,0
DA:113,0
DA:118,1
DA:119,0
DA:121,1
DA:125,1
DA:126,0
DA:128,1
LF:59
LH:36
BRDA:51,0,0,1
BRDA:60,1,0,0
BRDA:60,1,1,2
BRDA:60,2,0,2
BRDA:60,2,1,0
BRDA:63,3,0,0
BRDA:76,4,0,0
BRDA:76,4,1,0
BRDA:96,5,0,0
BRDA:99,6,0,0
BRDA:99,7,0,0
BRDA:99,7,1,0
BRDA:99,7,2,0
BRDA:111,8,0,0
BRDA:118,9,0,0
BRDA:125,10,0,0
BRF:16
BRH:3
end_of_record
TN:
SF:src\main\webapp\app\shared\model\assertion.model.ts
FN:54,(anonymous_0)
FNF:1
FNH:1
FNDA:11,(anonymous_0)
DA:53,4
DA:55,11
DA:56,11
DA:57,11
DA:58,11
DA:59,11
DA:60,11
DA:61,11
DA:62,11
DA:63,11
DA:64,11
DA:65,11
DA:66,11
DA:67,11
DA:68,11
DA:69,11
DA:70,11
DA:71,11
DA:72,11
DA:73,11
DA:74,11
DA:75,11
DA:76,11
DA:77,11
DA:78,11
DA:79,11
DA:80,11
DA:81,11
DA:82,11
DA:83,11
DA:84,11
DA:85,11
DA:86,11
DA:87,11
DA:88,11
DA:89,11
DA:90,11
DA:91,11
DA:93,11
DA:94,11
DA:95,11
DA:96,11
LF:42
LH:42
BRDA:93,0,0,11
BRDA:93,0,1,11
BRDA:94,1,0,11
BRDA:94,1,1,11
BRDA:95,2,0,11
BRDA:95,2,1,11
BRDA:96,3,0,11
BRDA:96,3,1,11
BRF:8
BRH:8
end_of_record
TN:
SF:src\main\webapp\app\shared\model\member.model.ts
FN:22,(anonymous_0)
FNF:1
FNH:1
FNDA:11,(anonymous_0)
DA:21,4
DA:23,11
DA:24,11
DA:25,11
DA:26,11
DA:27,11
DA:28,11
DA:29,11
DA:30,11
DA:31,11
DA:32,11
DA:33,11
DA:34,11
DA:35,11
DA:36,11
DA:37,11
DA:39,11
DA:40,11
DA:41,11
LF:19
LH:19
BRDA:39,0,0,11
BRDA:39,0,1,11
BRDA:40,1,0,11
BRDA:40,1,1,11
BRDA:41,2,0,11
BRDA:41,2,1,11
BRF:6
BRH:6
end_of_record
TN:
SF:src\main\webapp\app\shared\model\user.model.ts
FN:30,(anonymous_0)
FNF:1
FNH:1
FNDA:9,(anonymous_0)
DA:29,4
DA:31,9
DA:32,9
DA:33,9
DA:34,9
DA:35,9
DA:36,9
DA:37,9
DA:38,9
DA:39,9
DA:40,9
DA:41,9
DA:42,9
DA:43,9
DA:44,9
DA:45,9
DA:47,9
DA:48,9
DA:49,9
DA:50,9
LF:20
LH:20
BRDA:47,0,0,9
BRDA:47,0,1,9
BRDA:48,1,0,9
BRDA:48,1,1,9
BRDA:49,2,0,9
BRDA:49,2,1,9
BRDA:50,3,0,9
BRDA:50,3,1,9
BRF:8
BRH:8
end_of_record
TN:
SF:src\main\webapp\app\shared\util\app-validators.ts
FN:3,emailValidator
FNF:1
FNH:1
FNDA:4,emailValidator
DA:3,1
DA:4,4
DA:5,4
DA:6,0
LF:4
LH:3
BRDA:5,0,0,0
BRDA:5,1,0,4
BRDA:5,1,1,0
BRF:3
BRH:1
end_of_record
TN:
SF:src\main\webapp\app\shared\util\date-util.service.ts
FN:7,(anonymous_0)
FN:19,(anonymous_1)
FN:28,(anonymous_2)
FNF:3
FNH:1
FNDA:0,(anonymous_0)
FNDA:0,(anonymous_1)
FNDA:2,(anonymous_2)
DA:1,1
DA:2,1
DA:3,1
DA:6,1
DA:8,0
DA:9,0
DA:10,0
DA:12,0
DA:13,0
DA:14,0
DA:16,0
DA:20,0
DA:21,0
DA:22,0
DA:23,0
DA:25,0
DA:30,2
DA:31,0
DA:33,2
DA:35,2
DA:36,2
DA:37,60
DA:39,2
LF:23
LH:10
BRDA:30,0,0,0
BRDA:30,0,1,2
BRDA:30,1,0,2
BRDA:30,1,1,0
BRF:4
BRH:2
end_of_record
TN:
SF:src\main\webapp\app\shared\util\datepicker-adapter.ts
FN:11,(anonymous_0)
FN:18,(anonymous_1)
FNF:2
FNH:0
FNDA:0,(anonymous_0)
FNDA:0,(anonymous_1)
DA:4,30
DA:5,30
DA:7,30
DA:10,30
DA:12,0
DA:13,0
DA:15,0
DA:19,0
LF:8
LH:4
BRDA:12,0,0,0
BRDA:12,1,0,0
BRDA:12,1,1,0
BRDA:12,1,2,0
BRDA:19,2,0,0
BRDA:19,2,1,0
BRF:6
BRH:0
end_of_record
TN:
SF:src\main\webapp\app\shared\util\request-util.ts
FN:3,(anonymous_0)
FN:6,(anonymous_1)
FN:12,(anonymous_2)
FNF:3
FNH:3
FNDA:7,(anonymous_0)
FNDA:76,(anonymous_1)
FNDA:1,(anonymous_2)
DA:1,30
DA:3,30
DA:4,7
DA:5,7
DA:6,7
DA:7,76
DA:8,75
DA:11,7
DA:12,1
DA:13,1
DA:17,7
LF:11
LH:11
BRDA:5,0,0,7
BRDA:7,1,0,75
BRDA:11,2,0,1
BRF:3
BRH:3
end_of_record
